2026-04-27 23:30:55,574 [INFO] Logging to: logs\renamer_20260427_233055.log
2026-04-27 23:30:55,574 [INFO] === Fanfic archive processing: START ===
2026-04-27 23:30:55,574 [INFO] Folder: C:\Users\willo\OneDrive\Documents\GitHub\fics\ficArchive
2026-04-27 23:30:55,574 [INFO] Phase 1/2: Updating metadata + renaming files...
2026-04-27 23:30:55,857 [INFO] Updated metadata: 1111_midwestprincess_01.html
2026-04-27 23:30:55,865 [INFO] Renamed 1111_midwestprincess_01.html -> 1111.html
2026-04-27 23:30:55,996 [INFO] Updated metadata: accidental_add.html
2026-04-27 23:30:56,041 [INFO] Updated metadata: adagietto.html
2026-04-27 23:30:56,144 [INFO] Updated metadata: agathario_fake_dating_au.html
2026-04-27 23:30:56,253 [INFO] Updated metadata: agatha_all_along_week_2025.html
2026-04-27 23:30:56,405 [INFO] Updated metadata: alambre_pua.html
2026-04-27 23:30:56,588 [INFO] Updated metadata: albatross.html
2026-04-27 23:30:56,616 [INFO] Updated metadata: all_in_paradise_kayniiine.html
2026-04-27 23:30:56,624 [INFO] Renamed all_in_paradise_kayniiine.html -> all_in_paradise.html
2026-04-27 23:30:56,898 [INFO] Updated metadata: all_roads_lead_to_this.html
2026-04-27 23:30:56,977 [INFO] Updated metadata: all_the_things_we_could_do.html
2026-04-27 23:30:57,012 [INFO] Updated metadata: all_the_time_in_the_world_kayniiine.html
2026-04-27 23:30:57,017 [INFO] Renamed all_the_time_in_the_world_kayniiine.html -> all_the_time_in_the_world.html
2026-04-27 23:30:57,092 [INFO] Updated metadata: amor_prohibido.html
2026-04-27 23:30:57,123 [INFO] Updated metadata: and_fill_my_blank_page.html
2026-04-27 23:30:57,169 [INFO] Updated metadata: and_well_be_together_forever_and_amp_ever_more.html
2026-04-27 23:30:57,382 [INFO] Updated metadata: an_unexpected_visitor.html
2026-04-27 23:30:57,416 [INFO] Updated metadata: ask_me_nicely_from_your_knees_kayniiine.html
2026-04-27 23:30:57,424 [INFO] Renamed ask_me_nicely_from_your_knees_kayniiine.html -> ask_me_nicely_from_your_knees.html
2026-04-27 23:30:57,484 [INFO] Updated metadata: astonishment_and_joy.html
2026-04-27 23:30:58,227 [INFO] Updated metadata: at_the_still_point_of_the_turning_world.html
2026-04-27 23:30:58,303 [INFO] Updated metadata: a_decade_between_us.html
2026-04-27 23:30:58,346 [INFO] Updated metadata: a_drunken_menace.html
2026-04-27 23:30:58,486 [INFO] Updated metadata: a_kingdom_by_the_night.html
2026-04-27 23:30:58,891 [INFO] Updated metadata: a_tentative_ellipsis_the_parting_of_your_lips_and_the_ache_in_your_eyes.html
2026-04-27 23:30:59,270 [INFO] Updated metadata: a_tentative_ellipsis_the_parting_of_your_lips_and_the_ache_in_your_eyes_sweetmidnights.html
2026-04-27 23:30:59,362 [INFO] Overwrote a_tentative_ellipsis_the_parting_of_your_lips_and_the_ache_in_your_eyes.html with updated a_tentative_ellipsis_the_parting_of_your_lips_and_the_ache_in_your_eyes_sweetmidnights.html
2026-04-27 23:30:59,465 [INFO] Updated metadata: a_witch_in_salem.html
2026-04-27 23:30:59,493 [INFO] Updated metadata: baby_its_fate_not_luck.html
2026-04-27 23:30:59,839 [INFO] Updated metadata: ban_all_the_music.html
2026-04-27 23:30:59,911 [INFO] Updated metadata: beneath_the_scars.html
2026-04-27 23:31:00,088 [INFO] Updated metadata: beneath_the_stars.html
2026-04-27 23:31:00,159 [INFO] Updated metadata: between_the_flames_and_her_eyes.html
2026-04-27 23:31:00,231 [INFO] Updated metadata: bewitched.html
2026-04-27 23:31:00,254 [INFO] Updated metadata: bitches_i_dont_trust_them_but_they_give_me_what_i_want_for_the_night.html
2026-04-27 23:31:00,310 [INFO] Updated metadata: blade_of_grass.html
2026-04-27 23:31:00,350 [INFO] Updated metadata: blood_in_the_water_everyone_wants_her_kayniiine.html
2026-04-27 23:31:00,357 [INFO] Renamed blood_in_the_water_everyone_wants_her_kayniiine.html -> blood_in_the_water_everyone_wants_her.html
2026-04-27 23:31:00,436 [INFO] Updated metadata: bound_by_oath_undone_by_you.html
2026-04-27 23:31:00,484 [INFO] Updated metadata: broken_deal.html
2026-04-27 23:31:00,623 [INFO] Updated metadata: bush_league.html
2026-04-27 23:31:00,720 [INFO] Updated metadata: but_i_love_you_just_the_same.html
2026-04-27 23:31:01,278 [INFO] Updated metadata: But_We_Cant.html
2026-04-27 23:31:01,561 [INFO] Updated metadata: By_Blood_and_Bloom.html
2026-04-27 23:31:01,593 [INFO] Updated metadata: candlelight_whispers_me_where_to_go.html
2026-04-27 23:31:01,835 [INFO] Updated metadata: cant_be_a_good_girl_even_if_i_tried.html
2026-04-27 23:31:02,057 [INFO] Updated metadata: cant_be_a_good_girl_even_if_i_tried_rhodiumdark.html
2026-04-27 23:31:02,123 [INFO] Overwrote cant_be_a_good_girl_even_if_i_tried.html with updated cant_be_a_good_girl_even_if_i_tried_rhodiumdark.html
2026-04-27 23:31:02,168 [INFO] Updated metadata: catalysis.html
2026-04-27 23:31:02,335 [INFO] Updated metadata: catch_me_when_i_fall_for_you.html
2026-04-27 23:31:02,366 [INFO] Updated metadata: cause_nobody_knows_you_better_kayniiine.html
2026-04-27 23:31:02,375 [INFO] Renamed cause_nobody_knows_you_better_kayniiine.html -> cause_nobody_knows_you_better.html
2026-04-27 23:31:02,411 [INFO] Updated metadata: Certified_Pre-Owned.html
2026-04-27 23:31:02,884 [INFO] Updated metadata: Chance_to_Fix.html
2026-04-27 23:31:02,915 [INFO] Updated metadata: checkmate.html
2026-04-27 23:31:03,004 [INFO] Updated metadata: close_enough_for_love.html
2026-04-27 23:31:03,047 [INFO] Updated metadata: close_to_you.html
2026-04-27 23:31:03,163 [INFO] Updated metadata: cool_about_it.html
2026-04-27 23:31:03,217 [INFO] Updated metadata: creator_you_destroy_me.html
2026-04-27 23:31:03,377 [INFO] Updated metadata: crescendo.html
2026-04-27 23:31:03,510 [INFO] Updated metadata: dearest_agatha.html
2026-04-27 23:31:03,593 [INFO] Updated metadata: deaths_echo.html
2026-04-27 23:31:03,638 [INFO] Updated metadata: decemberism_kayniiine.html
2026-04-27 23:31:03,645 [INFO] Renamed decemberism_kayniiine.html -> decemberism.html
2026-04-27 23:31:03,673 [INFO] Updated metadata: devotion_is_for_fools.html
2026-04-27 23:31:03,725 [INFO] Updated metadata: disdainfully_hers.html
2026-04-27 23:31:03,800 [INFO] Updated metadata: dont_be_afraid_of_me_im_what_you_need.html
2026-04-27 23:31:03,855 [INFO] Updated metadata: dont_handle_me_with_care_midwestprincess_01.html
2026-04-27 23:31:03,862 [INFO] Renamed dont_handle_me_with_care_midwestprincess_01.html -> dont_handle_me_with_care.html
2026-04-27 23:31:04,018 [INFO] Updated metadata: Eight.html
2026-04-27 23:31:04,081 [INFO] Updated metadata: Everlong.html
2026-04-27 23:31:04,247 [INFO] Updated metadata: everything_looks_better_in_hindsight.html
2026-04-27 23:31:04,325 [INFO] Updated metadata: exceptions.html
2026-04-27 23:31:04,809 [INFO] Updated metadata: falling_for_the_enemy.html
2026-04-27 23:31:04,921 [INFO] Updated metadata: family_line.html
2026-04-27 23:31:04,984 [INFO] Updated metadata: feel_it_burnwatch_it_glow.html
2026-04-27 23:31:05,114 [INFO] Updated metadata: figured_you_out.html
2026-04-27 23:31:05,152 [INFO] Updated metadata: Five_Days_Four_Nights.html
2026-04-27 23:31:05,190 [INFO] Updated metadata: five_seconds.html
2026-04-27 23:31:05,259 [INFO] Updated metadata: fold_your_wings_kayniiine.html
2026-04-27 23:31:05,264 [INFO] Renamed fold_your_wings_kayniiine.html -> fold_your_wings.html
2026-04-27 23:31:05,290 [INFO] Updated metadata: for_the_love_of_spring.html
2026-04-27 23:31:05,995 [INFO] Updated metadata: for_your_consideration_salong3.html
2026-04-27 23:31:06,002 [INFO] Renamed for_your_consideration_salong3.html -> for_your_consideration.html
2026-04-27 23:31:06,080 [INFO] Updated metadata: For_You_To_Be_Still.html
2026-04-27 23:31:06,119 [INFO] Updated metadata: garden_of_eden.html
2026-04-27 23:31:06,152 [INFO] Updated metadata: giving_my_heart_over_to_you.html
2026-04-27 23:31:06,481 [INFO] Updated metadata: glitter_glue_and_signs_of_life.html
2026-04-27 23:31:06,748 [INFO] Updated metadata: god_is_a_woman_nightslikethis.html
2026-04-27 23:31:06,753 [INFO] Renamed god_is_a_woman_nightslikethis.html -> god_is_a_woman.html
2026-04-27 23:31:07,061 [INFO] Updated metadata: god_knows_you_need_it.html
2026-04-27 23:31:07,254 [INFO] Updated metadata: going_viral.html
2026-04-27 23:31:07,288 [INFO] Updated metadata: green_is_the_colour_of_her_kind.html
2026-04-27 23:31:07,438 [INFO] Updated metadata: guilty_as_sin.html
2026-04-27 23:31:07,478 [INFO] Updated metadata: happiest_season.html
2026-04-27 23:31:07,558 [INFO] Updated metadata: harkness.html
2026-04-27 23:31:07,840 [INFO] Updated metadata: harkness_pathology_coco_iamvfsm.html
2026-04-27 23:31:07,844 [INFO] Renamed harkness_pathology_coco_iamvfsm.html -> harkness_pathology.html
2026-04-27 23:31:07,881 [INFO] Updated metadata: heart_beats_like_a_drummer.html
2026-04-27 23:31:08,322 [INFO] Updated metadata: here_with_you_now_kayniiine.html
2026-04-27 23:31:08,325 [INFO] Renamed here_with_you_now_kayniiine.html -> here_with_you_now.html
2026-04-27 23:31:08,534 [INFO] Updated metadata: high_infidelity_hurricxneamelia_thetbone.html
2026-04-27 23:31:08,538 [INFO] Renamed high_infidelity_hurricxneamelia_thetbone.html -> high_infidelity.html
2026-04-27 23:31:08,737 [INFO] Updated metadata: honey_youre_familiar.html
2026-04-27 23:31:08,955 [INFO] Updated metadata: how_it_started.html
2026-04-27 23:31:09,017 [INFO] Updated metadata: how_many_corners_do_i_have_to_turn_how_many_times_do_i_have_to_learn.html
2026-04-27 23:31:09,682 [INFO] Updated metadata: if_this_was_a_movie.html
2026-04-27 23:31:09,760 [INFO] Updated metadata: if_youre_not_falling_youre_not_trying.html
2026-04-27 23:31:09,938 [INFO] Updated metadata: illicit_affairs.html
2026-04-27 23:31:09,967 [INFO] Updated metadata: ill_be_your_distraction_kayniiine.html
2026-04-27 23:31:09,973 [INFO] Renamed ill_be_your_distraction_kayniiine.html -> ill_be_your_distraction.html
2026-04-27 23:31:10,044 [INFO] Updated metadata: ill_be_your_garbage_man.html
2026-04-27 23:31:10,209 [INFO] Updated metadata: ill_follow_you_down_til_the_sound_of_my_voice_will_haunt_you.html
2026-04-27 23:31:10,285 [INFO] Updated metadata: Ill_Give_What_I_Get.html
2026-04-27 23:31:10,347 [INFO] Updated metadata: ill_hear_you_even_when_you_cant_speak.html
2026-04-27 23:31:10,380 [INFO] Updated metadata: im_leaving_here_with_you.html
2026-04-27 23:31:10,587 [INFO] Updated metadata: im_sorry_i_love_you.html
2026-04-27 23:31:10,623 [INFO] Updated metadata: Im_Yours.html
2026-04-27 23:31:10,713 [INFO] Updated metadata: in_the_deep_end.html
2026-04-27 23:31:10,839 [INFO] Updated metadata: in_the_mirror_of_your_eyes_beethernuts.html
2026-04-27 23:31:10,843 [INFO] Renamed in_the_mirror_of_your_eyes_beethernuts.html -> in_the_mirror_of_your_eyes.html
2026-04-27 23:31:11,101 [INFO] Updated metadata: in_the_shadows_of_the_pines.html
2026-04-27 23:31:11,405 [INFO] Updated metadata: Is_It_Casual_Now.html
2026-04-27 23:31:11,483 [INFO] Updated metadata: itll_all_work_out.html
2026-04-27 23:31:11,860 [INFO] Updated metadata: its_bloody_and_raw_but_i_swear_its_sweet.html
2026-04-27 23:31:11,899 [INFO] Updated metadata: its_bloody_and_raw_but_i_swear_it_is_sweet.html
2026-04-27 23:31:11,929 [INFO] Updated metadata: its_cliched_to_be_cynical_at_christmas_kayniiine.html
2026-04-27 23:31:11,938 [INFO] Renamed its_cliched_to_be_cynical_at_christmas_kayniiine.html -> its_cliched_to_be_cynical_at_christmas.html
2026-04-27 23:31:11,996 [INFO] Updated metadata: its_just_in_my_nature.html
2026-04-27 23:31:12,218 [INFO] Updated metadata: its_never_quite_as_it_seems_hiyouve_got_mail.html
2026-04-27 23:31:12,679 [INFO] Updated metadata: its_strictly_business_wefwar.html
2026-04-27 23:31:12,683 [INFO] Renamed its_strictly_business_wefwar.html -> its_strictly_business.html
2026-04-27 23:31:12,724 [INFO] Updated metadata: i_am_no_mother_i_am_no_bride_midwestprincess_01.html
2026-04-27 23:31:12,728 [INFO] Renamed i_am_no_mother_i_am_no_bride_midwestprincess_01.html -> i_am_no_mother_i_am_no_bride.html
2026-04-27 23:31:12,829 [INFO] Updated metadata: i_could_not_stop_for_death.html
2026-04-27 23:31:12,968 [INFO] Updated metadata: i_didnt_ask_for_this_lexus_beautiful_ruin.html
2026-04-27 23:31:12,974 [INFO] Renamed i_didnt_ask_for_this_lexus_beautiful_ruin.html -> i_didnt_ask_for_this.html
2026-04-27 23:31:13,013 [INFO] Updated metadata: i_dont_care_that_youre_a_stoner_fall_right_into_me.html
2026-04-27 23:31:13,109 [INFO] Updated metadata: I_follow_your_perfume.html
2026-04-27 23:31:13,185 [INFO] Updated metadata: i_let_my_head_spin_take_all_the_weight_off_my_shoulders.html
2026-04-27 23:31:13,314 [INFO] Updated metadata: i_let_my_head_spin_take_all_the_weight_off_my_shoulders_empathyhoodie.html
2026-04-27 23:31:13,406 [INFO] Overwrote i_let_my_head_spin_take_all_the_weight_off_my_shoulders.html with updated i_let_my_head_spin_take_all_the_weight_off_my_shoulders_empathyhoodie.html
2026-04-27 23:31:13,460 [INFO] Updated metadata: i_see_you_youre_walking_cross_the_campus_queerenough.html
2026-04-27 23:31:13,464 [INFO] Renamed i_see_you_youre_walking_cross_the_campus_queerenough.html -> i_see_you_youre_walking_cross_the_campus.html
2026-04-27 23:31:13,582 [INFO] Updated metadata: i_still_shut_my_eyes_kayniiine.html
2026-04-27 23:31:13,585 [INFO] Renamed i_still_shut_my_eyes_kayniiine.html -> i_still_shut_my_eyes.html
2026-04-27 23:31:14,018 [INFO] Updated metadata: i_tore_you_apart_in_my_head.html
2026-04-27 23:31:14,427 [INFO] Updated metadata: i_tore_you_apart_in_my_head_kayniiine.html
2026-04-27 23:31:14,524 [INFO] Overwrote i_tore_you_apart_in_my_head.html with updated i_tore_you_apart_in_my_head_kayniiine.html
2026-04-27 23:31:14,552 [INFO] Updated metadata: i_want_you_on_me_with_both_your_hands_kayniiine.html
2026-04-27 23:31:14,555 [INFO] Renamed i_want_you_on_me_with_both_your_hands_kayniiine.html -> i_want_you_on_me_with_both_your_hands.html
2026-04-27 23:31:14,586 [INFO] Updated metadata: i_was_your_starry_eyed_lover_and_the_one_that_you_saw.html
2026-04-27 23:31:14,610 [INFO] Updated metadata: i_will_wait_up_for_you_dear.html
2026-04-27 23:31:14,692 [INFO] Updated metadata: i_wonder_which_cup_youll_drink_from_i_hope_its_mine.html
2026-04-27 23:31:14,760 [INFO] Updated metadata: just_between_us_did_the_love_affair_maim_you_too.html
2026-04-27 23:31:14,844 [INFO] Updated metadata: just_hold_on.html
2026-04-27 23:31:14,880 [INFO] Updated metadata: juxtaposition_in_fate.html
2026-04-27 23:31:14,925 [INFO] Updated metadata: kaleidoscope.html
2026-04-27 23:31:14,960 [INFO] Updated metadata: kiss_my_petals_weave_me_through_a_dream.html
2026-04-27 23:31:15,025 [INFO] Updated metadata: let_go.html
2026-04-27 23:31:15,081 [INFO] Updated metadata: let_me_wrap_my_teeth_around_the_world.html
2026-04-27 23:31:15,141 [INFO] Updated metadata: life_after_love_can_we_find_it_again.html
2026-04-27 23:31:15,229 [INFO] Updated metadata: like_a_hurricane_tunemyart.html
2026-04-27 23:31:15,235 [INFO] Renamed like_a_hurricane_tunemyart.html -> like_a_hurricane.html
2026-04-27 23:31:15,307 [INFO] Updated metadata: lost_for_words.html
2026-04-27 23:31:15,346 [INFO] Updated metadata: love_and_amp_politics.html
2026-04-27 23:31:15,386 [INFO] Updated metadata: love_is_a_four_letter_word.html
2026-04-27 23:31:15,490 [INFO] Updated metadata: love_is_a_witch.html
2026-04-27 23:31:15,621 [INFO] Updated metadata: love_me_tender.html
2026-04-27 23:31:15,663 [INFO] Updated metadata: love_offline.html
2026-04-27 23:31:15,860 [INFO] Updated metadata: love_persevering.html
2026-04-27 23:31:16,225 [INFO] Updated metadata: luminous.html
2026-04-27 23:31:16,262 [INFO] Updated metadata: mandevillas.html
2026-04-27 23:31:16,302 [INFO] Updated metadata: meetcute.html
2026-04-27 23:31:16,383 [INFO] Updated metadata: meet_me_at_the_end.html
2026-04-27 23:31:16,411 [INFO] Updated metadata: merry_christmas_i_think_ill_miss_this_one_this_year.html
2026-04-27 23:31:16,837 [INFO] Updated metadata: mrs_and_amp_mrs_harkness-vidal.html
2026-04-27 23:31:17,470 [INFO] Updated metadata: my_boy_builds_coffins.html
2026-04-27 23:31:17,775 [INFO] Updated metadata: my_cries_and_your_whispers.html
2026-04-27 23:31:17,949 [INFO] Updated metadata: my_love_mine_all_mine.html
2026-04-27 23:31:18,095 [INFO] Updated metadata: my_safeword_is_safeword.html
2026-04-27 23:31:18,153 [INFO] Updated metadata: my_side_of_the_story_kayniiine.html
2026-04-27 23:31:18,157 [INFO] Renamed my_side_of_the_story_kayniiine.html -> my_side_of_the_story.html
2026-04-27 23:31:18,202 [INFO] Updated metadata: naughty_and_amp_nice.html
2026-04-27 23:31:18,266 [INFO] Updated metadata: next_time_you_call_ill_be_your_girl_whatawks.html
2026-04-27 23:31:18,270 [INFO] Renamed next_time_you_call_ill_be_your_girl_whatawks.html -> next_time_you_call_ill_be_your_girl.html
2026-04-27 23:31:18,305 [INFO] Updated metadata: nightmare_of_a_dream_girl_visadero.html
2026-04-27 23:31:18,312 [INFO] Renamed nightmare_of_a_dream_girl_visadero.html -> nightmare_of_a_dream_girl.html
2026-04-27 23:31:18,841 [INFO] Updated metadata: night_shift.html
2026-04-27 23:31:18,862 [INFO] Updated metadata: night_verses_kayniiine.html
2026-04-27 23:31:18,867 [INFO] Renamed night_verses_kayniiine.html -> night_verses.html
2026-04-27 23:31:19,026 [INFO] Updated metadata: nothing_shameful_kayniiine.html
2026-04-27 23:31:19,032 [INFO] Renamed nothing_shameful_kayniiine.html -> nothing_shameful.html
2026-04-27 23:31:19,234 [INFO] Updated metadata: not_my_type.html
2026-04-27 23:31:19,276 [INFO] Updated metadata: not_over_dramatic_i_know_what_i_want.html
2026-04-27 23:31:19,313 [INFO] Updated metadata: now_we_drop_our_composure_kayniiine.html
2026-04-27 23:31:19,319 [INFO] Renamed now_we_drop_our_composure_kayniiine.html -> now_we_drop_our_composure.html
2026-04-27 23:31:19,555 [INFO] Updated metadata: number_13.html
2026-04-27 23:31:19,627 [INFO] Updated metadata: obsessed.html
2026-04-27 23:31:19,653 [INFO] Updated metadata: oh_the_sunlit_haze_kayniiine.html
2026-04-27 23:31:19,658 [INFO] Renamed oh_the_sunlit_haze_kayniiine.html -> oh_the_sunlit_haze.html
2026-04-27 23:31:19,762 [INFO] Updated metadata: one_happy_camper_magnolie.html
2026-04-27 23:31:19,767 [INFO] Renamed one_happy_camper_magnolie.html -> one_happy_camper.html
2026-04-27 23:31:19,968 [INFO] Updated metadata: one_way_or_another.html
2026-04-27 23:31:20,001 [INFO] Updated metadata: over_a_bridge_and_into_love_kayniiine.html
2026-04-27 23:31:20,006 [INFO] Renamed over_a_bridge_and_into_love_kayniiine.html -> over_a_bridge_and_into_love.html
2026-04-27 23:31:20,048 [INFO] Updated metadata: perfect_catch_visadero.html
2026-04-27 23:31:20,057 [INFO] Renamed perfect_catch_visadero.html -> perfect_catch.html
2026-04-27 23:31:20,191 [INFO] Updated metadata: power_play.html
2026-04-27 23:31:20,332 [INFO] Updated metadata: primadonna_lovettblack.html
2026-04-27 23:31:20,338 [INFO] Renamed primadonna_lovettblack.html -> primadonna.html
2026-04-27 23:31:20,440 [INFO] Updated metadata: purple_and_green.html
2026-04-27 23:31:20,583 [INFO] Updated metadata: pushing_it_down_and_praying.html
2026-04-27 23:31:20,707 [INFO] Updated metadata: pushing_it_down_and_praying_shaywritesthings.html
2026-04-27 23:31:20,808 [INFO] Overwrote pushing_it_down_and_praying.html with updated pushing_it_down_and_praying_shaywritesthings.html
2026-04-27 23:31:20,941 [INFO] Updated metadata: put_it_on_the_line.html
2026-04-27 23:31:21,194 [INFO] Updated metadata: put_your_fangs_in_me.html
2026-04-27 23:31:21,280 [INFO] Updated metadata: Questions.html
2026-04-27 23:31:21,506 [INFO] Updated metadata: reaching_out_for_more.html
2026-04-27 23:31:21,540 [INFO] Updated metadata: red_in_claw_red_in_love.html
2026-04-27 23:31:21,573 [INFO] Updated metadata: red_thread_of_fate.html
2026-04-27 23:31:22,006 [INFO] Updated metadata: rented_hearts.html
2026-04-27 23:31:22,029 [INFO] Updated metadata: rios_toxic_embrace.html
2026-04-27 23:31:22,333 [INFO] Updated metadata: rio_vidal_does_not_give_a_damn.html
2026-04-27 23:31:22,681 [INFO] Updated metadata: roommates_of_destruction.html
2026-04-27 23:31:22,760 [INFO] Updated metadata: roses_are_red_orchids_arepurple.html
2026-04-27 23:31:22,801 [INFO] Updated metadata: roster.html
2026-04-27 23:31:22,873 [INFO] Updated metadata: rules_for_co-parenting_with_your_witch_of_an_ex.html
2026-04-27 23:31:22,971 [INFO] Updated metadata: scherzo.html
2026-04-27 23:31:23,760 [INFO] Updated metadata: Second_Chances.html
2026-04-27 23:31:23,795 [INFO] Updated metadata: secrets_and_amp_suspenders.html
2026-04-27 23:31:23,870 [INFO] Updated metadata: serpents_stone_visadero.html
2026-04-27 23:31:23,877 [INFO] Renamed serpents_stone_visadero.html -> serpents_stone.html
2026-04-27 23:31:23,923 [INFO] Updated metadata: sex_love_unholy_truth_kayniiine.html
2026-04-27 23:31:23,928 [INFO] Renamed sex_love_unholy_truth_kayniiine.html -> sex_love_unholy_truth.html
2026-04-27 23:31:24,000 [INFO] Updated metadata: shatter_your_illusions.html
2026-04-27 23:31:24,031 [INFO] Updated metadata: she_depends_on_you_kayniiine.html
2026-04-27 23:31:24,042 [INFO] Renamed she_depends_on_you_kayniiine.html -> she_depends_on_you.html
2026-04-27 23:31:24,115 [INFO] Updated metadata: she_drives_me_crazy.html
2026-04-27 23:31:24,185 [INFO] Updated metadata: she_gets_the_job_done.html
2026-04-27 23:31:24,369 [INFO] Updated metadata: she_looks_like_the_real_thing_she_tastes_like_the_real_thing.html
2026-04-27 23:31:24,839 [INFO] Updated metadata: silver_springs.html
2026-04-27 23:31:25,115 [INFO] Updated metadata: Softballs_A_Witch.html
2026-04-27 23:31:25,302 [INFO] Updated metadata: somebody_to_hold_how_deep_the_grave.html
2026-04-27 23:31:25,309 [INFO] Renamed somebody_to_hold_how_deep_the_grave.html -> somebody_to_hold.html
2026-04-27 23:31:25,830 [INFO] Updated metadata: somewhere_only_we_know_a_professor_au.html
2026-04-27 23:31:25,869 [INFO] Updated metadata: so_my_mother-in-law_is_god_villhag.html
2026-04-27 23:31:25,875 [INFO] Renamed so_my_mother-in-law_is_god_villhag.html -> so_my_mother-in-law_is_god.html
2026-04-27 23:31:25,901 [INFO] Updated metadata: stay_small_kayniiine.html
2026-04-27 23:31:25,913 [INFO] Renamed stay_small_kayniiine.html -> stay_small.html
2026-04-27 23:31:26,275 [INFO] Updated metadata: Stuck_In_Orbit.html
2026-04-27 23:31:26,552 [INFO] Updated metadata: sugar_and_honey.html
2026-04-27 23:31:26,742 [INFO] Updated metadata: summa_cum_laude.html
2026-04-27 23:31:26,797 [INFO] Updated metadata: take_it_easy_kayniiine.html
2026-04-27 23:31:26,817 [INFO] Renamed take_it_easy_kayniiine.html -> take_it_easy.html
2026-04-27 23:31:26,975 [INFO] Updated metadata: take_it_from_the_top_you_are_a_bottom.html
2026-04-27 23:31:27,042 [INFO] Updated metadata: talk_some_sense_to_me_kayniiine.html
2026-04-27 23:31:27,047 [INFO] Renamed talk_some_sense_to_me_kayniiine.html -> talk_some_sense_to_me.html
2026-04-27 23:31:27,188 [INFO] Updated metadata: tempus_voluntas_spatium.html
2026-04-27 23:31:27,244 [INFO] Updated metadata: theres_no_one_else_who_could_the_only_one_is_you.html
2026-04-27 23:31:27,309 [INFO] Updated metadata: theres_something_just_a_little_more_than_ecstasy.html
2026-04-27 23:31:27,427 [INFO] Updated metadata: there_is_no_death_for_witches_only_transformation.html
2026-04-27 23:31:27,573 [INFO] Updated metadata: the_art_of_appearances.html
2026-04-27 23:31:27,815 [INFO] Updated metadata: the_art_of_keeping_a_secret.html
2026-04-27 23:31:27,906 [INFO] Updated metadata: the_bad_thing.html
2026-04-27 23:31:27,974 [INFO] Updated metadata: the_bartender_and_the_nerd.html
2026-04-27 23:31:28,078 [INFO] Updated metadata: the_beach_house.html
2026-04-27 23:31:28,394 [INFO] Updated metadata: the_best_medicine_cassie_bones.html
2026-04-27 23:31:28,404 [INFO] Renamed the_best_medicine_cassie_bones.html -> the_best_medicine.html
2026-04-27 23:31:28,444 [INFO] Updated metadata: The_Birthday_Gift.html
2026-04-27 23:31:28,552 [INFO] Updated metadata: the_case_of_the_robbery_gone_wrong.html
2026-04-27 23:31:28,594 [INFO] Updated metadata: the_dare.html
2026-04-27 23:31:28,654 [INFO] Updated metadata: the_devil_you_know.html
2026-04-27 23:31:28,739 [INFO] Updated metadata: the_ethics_of_attraction.html
2026-04-27 23:31:28,769 [INFO] Updated metadata: the_gift.html
2026-04-27 23:31:29,193 [INFO] Updated metadata: the_gold_and_the_rust_the_color_erupts.html
2026-04-27 23:31:29,422 [INFO] Updated metadata: The_Happiest_Season.html
2026-04-27 23:31:29,492 [INFO] Updated metadata: the_heart_of_death.html
2026-04-27 23:31:29,584 [INFO] Updated metadata: the_heat_is_on.html
2026-04-27 23:31:29,670 [INFO] Updated metadata: the_holiday.html
2026-04-27 23:31:29,762 [INFO] Updated metadata: the_neutral_ground.html
2026-04-27 23:31:29,896 [INFO] Updated metadata: the_peculiar_patient.html
2026-04-27 23:31:29,963 [INFO] Updated metadata: the_road_twists_and_turns.html
2026-04-27 23:31:30,113 [INFO] Updated metadata: the_scientific_method_of_falling_apart.html
2026-04-27 23:31:30,479 [INFO] Updated metadata: the_space_between_notes.html
2026-04-27 23:31:30,613 [INFO] Updated metadata: the_tales_of_new_salem.html
2026-04-27 23:31:30,689 [INFO] Updated metadata: the_teacher_trap_cassie_bones.html
2026-04-27 23:31:30,696 [INFO] Renamed the_teacher_trap_cassie_bones.html -> the_teacher_trap.html
2026-04-27 23:31:31,368 [INFO] Updated metadata: the_thread_of_fate_paravato.html
2026-04-27 23:31:31,375 [INFO] Renamed the_thread_of_fate_paravato.html -> the_thread_of_fate.html
2026-04-27 23:31:31,416 [INFO] Updated metadata: the_time_it_takes_to_let_go_kayniiine.html
2026-04-27 23:31:31,424 [INFO] Renamed the_time_it_takes_to_let_go_kayniiine.html -> the_time_it_takes_to_let_go.html
2026-04-27 23:31:31,486 [INFO] Updated metadata: the_way_i_feel_about_you_baby_cant_explain_it.html
2026-04-27 23:31:31,788 [INFO] Updated metadata: The_Witches_Bodyguard.html
2026-04-27 23:31:31,982 [INFO] Updated metadata: the_witchy_CEO.html
2026-04-27 23:31:32,227 [INFO] Updated metadata: The_Witch_and_The_Wolf.html
2026-04-27 23:31:32,321 [INFO] Updated metadata: the_world_reversed.html
2026-04-27 23:31:32,639 [INFO] Updated metadata: thirst_trap.html
2026-04-27 23:31:32,786 [INFO] Updated metadata: time_in_a_bottle_annadelamico.html
2026-04-27 23:31:32,790 [INFO] Renamed time_in_a_bottle_annadelamico.html -> time_in_a_bottle.html
2026-04-27 23:31:32,854 [INFO] Updated metadata: time_warp.html
2026-04-27 23:31:33,252 [INFO] Updated metadata: triage_of_the_heart_coven_crafted.html
2026-04-27 23:31:33,257 [INFO] Renamed triage_of_the_heart_coven_crafted.html -> triage_of_the_heart.html
2026-04-27 23:31:33,338 [INFO] Updated metadata: udon_know_how_much_i_crave_you.html
2026-04-27 23:31:33,411 [INFO] Updated metadata: underneath_the_tree.html
2026-04-27 23:31:33,710 [INFO] Updated metadata: unlock_thy_hidden_gate.html
2026-04-27 23:31:33,926 [INFO] Updated metadata: unmoored_by_your_presence.html
2026-04-27 23:31:34,486 [INFO] Updated metadata: unraveled.html
2026-04-27 23:31:34,596 [INFO] Updated metadata: unsatisfied_i_skip_my_pride.html
2026-04-27 23:31:34,724 [INFO] Updated metadata: untitleddssfic.html
2026-04-27 23:31:34,839 [INFO] Updated metadata: velvet_ring.html
2026-04-27 23:31:35,150 [INFO] Updated metadata: Vidal_Books.html
2026-04-27 23:31:35,288 [INFO] Updated metadata: wanna_take_a_chance_kayniiine.html
2026-04-27 23:31:36,070 [INFO] Renamed wanna_take_a_chance_kayniiine.html -> wanna_take_a_chance.html
2026-04-27 23:31:36,135 [INFO] Updated metadata: want_take_have.html
2026-04-27 23:31:36,312 [INFO] Updated metadata: war_of_hearts_sapphix_ssana.html
2026-04-27 23:31:38,080 [INFO] Renamed war_of_hearts_sapphix_ssana.html -> war_of_hearts.html
2026-04-27 23:31:38,552 [INFO] Updated metadata: well_i_wonder.html
2026-04-27 23:31:38,712 [INFO] Updated metadata: were_never_done.html
2026-04-27 23:31:38,756 [INFO] Updated metadata: we_dont_fit_in_the_grand_design_kayniiine.html
2026-04-27 23:31:38,763 [INFO] Renamed we_dont_fit_in_the_grand_design_kayniiine.html -> we_dont_fit_in_the_grand_design.html
2026-04-27 23:31:39,290 [INFO] Updated metadata: we_found_each_other_in_the_dark.html
2026-04-27 23:31:39,313 [INFO] Updated metadata: what_a_night.html
2026-04-27 23:31:39,402 [INFO] Updated metadata: what_a_terrifying_work_of_art.html
2026-04-27 23:31:39,521 [INFO] Updated metadata: what_if_its_not_meant_for_me.html
2026-04-27 23:31:39,594 [INFO] Updated metadata: what_if_my_heart_belongs_to_you.html
2026-04-27 23:31:39,667 [INFO] Updated metadata: What_the_Body_Knows.html
2026-04-27 23:31:39,712 [INFO] Updated metadata: what_to_do_when_you_are_dead_kayniiine.html
2026-04-27 23:31:39,715 [INFO] Renamed what_to_do_when_you_are_dead_kayniiine.html -> what_to_do_when_you_are_dead.html
2026-04-27 23:31:40,019 [INFO] Updated metadata: when_heartbreak_meets_jealousy.html
2026-04-27 23:31:40,072 [INFO] Updated metadata: when_we_kiss_i_have_anger_issues.html
2026-04-27 23:31:40,150 [INFO] Updated metadata: where_we_belong.html
2026-04-27 23:31:40,181 [INFO] Updated metadata: whos_going_to_tell_me_no_kayniiine.html
2026-04-27 23:31:40,187 [INFO] Renamed whos_going_to_tell_me_no_kayniiine.html -> whos_going_to_tell_me_no.html
2026-04-27 23:31:40,441 [INFO] Updated metadata: why_dont_you_want_me.html
2026-04-27 23:31:40,657 [INFO] Updated metadata: wicked_game_annadelamico.html
2026-04-27 23:31:40,661 [INFO] Renamed wicked_game_annadelamico.html -> wicked_game.html
2026-04-27 23:31:40,823 [INFO] Updated metadata: wicked_witchcraft.html
2026-04-27 23:31:40,858 [INFO] Updated metadata: witchcraft_filling_your_void.html
2026-04-27 23:31:40,909 [INFO] Updated metadata: within_reach.html
2026-04-27 23:31:41,209 [INFO] Updated metadata: Work_and_Play_Ball.html
2026-04-27 23:31:41,335 [INFO] Updated metadata: wrong_number.html
2026-04-27 23:31:41,570 [INFO] Updated metadata: youd_have_to_stop_the_world.html
2026-04-27 23:31:41,720 [INFO] Updated metadata: youll_find_me_on_my_tallest_tiptoes.html
2026-04-27 23:31:41,866 [INFO] Updated metadata: youll_just_have_to_taste_me_when_shes_kissin_you.html
2026-04-27 23:31:41,926 [INFO] Updated metadata: youre_my_burial_ground_midwestprincess_01.html
2026-04-27 23:31:41,931 [INFO] Renamed youre_my_burial_ground_midwestprincess_01.html -> youre_my_burial_ground.html
2026-04-27 23:31:42,100 [INFO] Updated metadata: youre_welcome_to_try_you_wouldnt_be_the_first_one_to_fail.html
2026-04-27 23:31:42,247 [INFO] Updated metadata: youre_welcome_to_try_you_wouldnt_be_the_first_one_to_fail_lexus_beautiful_ruin.html
2026-04-27 23:31:42,346 [INFO] Overwrote youre_welcome_to_try_you_wouldnt_be_the_first_one_to_fail.html with updated youre_welcome_to_try_you_wouldnt_be_the_first_one_to_fail_lexus_beautiful_ruin.html
2026-04-27 23:31:42,484 [INFO] Updated metadata: you_arent_mine_for_the_taking.html
2026-04-27 23:31:42,528 [INFO] Updated metadata: you_dont_need_a_revelation_youll_be_fine_with_being_lost_alilbitgay.html
2026-04-27 23:31:42,533 [INFO] Renamed you_dont_need_a_revelation_youll_be_fine_with_being_lost_alilbitgay.html -> you_dont_need_a_revelation_youll_be_fine_with_being_lost.html
2026-04-27 23:31:42,636 [INFO] Updated metadata: you_got_me_looking_so_crazy_right_now.html
2026-04-27 23:31:42,682 [INFO] Updated metadata: you_look_so_pretty_when_youre_on_your_knees.html
2026-04-27 23:31:42,735 [INFO] Updated metadata: you_make_loving_fun.html
2026-04-27 23:31:42,982 [INFO] Updated metadata: you_may_not_be_mine_but_i_could_be_yours.html
2026-04-27 23:31:42,983 [INFO] Phase 1 complete. Files seen=295, updated=295, renamed=0, deduped=63, failed=0
2026-04-27 23:31:42,983 [INFO] Phase 2/2: Building index.html...
2026-04-27 23:32:16,109 [INFO] Index created: C:\Users\willo\OneDrive\Documents\GitHub\fics\ficArchive\index.html
2026-04-27 23:32:16,110 [INFO] Phase 2 complete. Index built successfully.
2026-04-27 23:32:16,110 [INFO] === Fanfic archive processing: END (80.54s) ===
