2026-02-22 00:27:32,722 [INFO] Logging to: logs\renamer_20260222_002732.log
2026-02-22 00:27:32,722 [INFO] === Fanfic archive processing: START ===
2026-02-22 00:27:32,722 [INFO] Folder: C:\Users\willo\OneDrive\Documents\GitHub\fics\ficArchive
2026-02-22 00:27:32,722 [INFO] Phase 1/2: Updating metadata + renaming files...
2026-02-22 00:27:32,937 [INFO] Updated metadata: 1111.html
2026-02-22 00:27:32,941 [INFO] Renamed 1111.html -> 1111_midwestprincess_01.html
2026-02-22 00:27:33,039 [INFO] Updated metadata: accidental_add.html
2026-02-22 00:27:33,061 [INFO] Updated metadata: adagietto.html
2026-02-22 00:27:33,126 [INFO] Updated metadata: agathario_fake_dating_au.html
2026-02-22 00:27:33,200 [INFO] Updated metadata: agatha_all_along_week_2025.html
2026-02-22 00:27:33,305 [INFO] Updated metadata: alambre_pua.html
2026-02-22 00:27:33,421 [INFO] Updated metadata: albatross.html
2026-02-22 00:27:33,438 [INFO] Updated metadata: All_In_Paradise.html
2026-02-22 00:27:33,443 [INFO] Renamed All_In_Paradise.html -> all_in_paradise_kayniiine.html
2026-02-22 00:27:33,668 [INFO] Updated metadata: all_roads_lead_to_this.html
2026-02-22 00:27:33,787 [INFO] Updated metadata: all_the_things_we_could_do.html
2026-02-22 00:27:33,789 [INFO] Updated metadata: All_The_Time_In_The.html
2026-02-22 00:27:33,810 [INFO] Renamed All_The_Time_In_The.html -> all_the_time_in_the_world_kayniiine.html
2026-02-22 00:27:33,855 [INFO] Updated metadata: amor_prohibido.html
2026-02-22 00:27:33,872 [INFO] Updated metadata: and_fill_my_blank_page.html
2026-02-22 00:27:33,877 [INFO] Updated metadata: and_well_be_together_forever_and_amp_ever_more.html
2026-02-22 00:27:34,037 [INFO] Updated metadata: an_unexpected_visitor.html
2026-02-22 00:27:34,052 [INFO] Updated metadata: ask_me_nicely_from_your.html
2026-02-22 00:27:34,058 [INFO] Renamed ask_me_nicely_from_your.html -> ask_me_nicely_from_your_knees_kayniiine.html
2026-02-22 00:27:34,092 [INFO] Updated metadata: astonishment_and_joy.html
2026-02-22 00:27:34,839 [INFO] Updated metadata: at_the_still_point_of_the_turning_world.html
2026-02-22 00:27:34,911 [INFO] Updated metadata: a_decade_between_us.html
2026-02-22 00:27:34,934 [INFO] Updated metadata: a_drunken_menace.html
2026-02-22 00:27:35,054 [INFO] Updated metadata: a_kingdom_by_the_night.html
2026-02-22 00:27:35,454 [INFO] Updated metadata: A_Tentative_Ellipsis_the.html
2026-02-22 00:27:35,454 [INFO] Renamed A_Tentative_Ellipsis_the.html -> a_tentative_ellipsis_the_parting_of_your_lips_and_the_ache_in_your_eyes_sweetmidnights.html
2026-02-22 00:27:35,838 [INFO] Updated metadata: a_tentative_ellipsis_the_parting_of_your_lips_and_the_ache_in_your_eyes.html
2026-02-22 00:27:35,922 [INFO] Updated metadata: a_witch_in_salem.html
2026-02-22 00:27:35,944 [INFO] Updated metadata: baby_its_fate_not_luck.html
2026-02-22 00:27:36,199 [INFO] Updated metadata: ban_all_the_music.html
2026-02-22 00:27:36,264 [INFO] Updated metadata: beneath_the_scars.html
2026-02-22 00:27:36,403 [INFO] Updated metadata: beneath_the_stars.html
2026-02-22 00:27:36,456 [INFO] Updated metadata: between_the_flames_and_her_eyes.html
2026-02-22 00:27:36,508 [INFO] Updated metadata: bewitched.html
2026-02-22 00:27:36,516 [INFO] Updated metadata: bitches_i_dont_trust_them_but_they_give_me_what_i_want_for_the_night.html
2026-02-22 00:27:36,545 [INFO] Updated metadata: blade_of_grass.html
2026-02-22 00:27:36,562 [INFO] Updated metadata: blood_in_the_water.html
2026-02-22 00:27:36,562 [INFO] Renamed blood_in_the_water.html -> blood_in_the_water_everyone_wants_her_kayniiine.html
2026-02-22 00:27:36,623 [INFO] Updated metadata: bound_by_oath_undone_by_you.html
2026-02-22 00:27:36,657 [INFO] Updated metadata: broken_deal.html
2026-02-22 00:27:36,752 [INFO] Updated metadata: bush_league.html
2026-02-22 00:27:36,813 [INFO] Updated metadata: but_i_love_you_just_the_same.html
2026-02-22 00:27:37,292 [INFO] Updated metadata: But_We_Cant.html
2026-02-22 00:27:37,539 [INFO] Updated metadata: By_Blood_and_Bloom.html
2026-02-22 00:27:37,559 [INFO] Updated metadata: candlelight_whispers_me_where_to_go.html
2026-02-22 00:27:37,792 [INFO] Updated metadata: Cant_Be_a_Good_Girl_Even.html
2026-02-22 00:27:37,798 [INFO] Renamed Cant_Be_a_Good_Girl_Even.html -> cant_be_a_good_girl_even_if_i_tried_rhodiumdark.html
2026-02-22 00:27:37,985 [INFO] Updated metadata: cant_be_a_good_girl_even_if_i_tried.html
2026-02-22 00:27:38,040 [INFO] Updated metadata: catalysis.html
2026-02-22 00:27:38,170 [INFO] Updated metadata: catch_me_when_i_fall_for_you.html
2026-02-22 00:27:38,186 [INFO] Updated metadata: Cause_Nobody_Knows_You.html
2026-02-22 00:27:38,197 [INFO] Renamed Cause_Nobody_Knows_You.html -> cause_nobody_knows_you_better_kayniiine.html
2026-02-22 00:27:38,211 [INFO] Updated metadata: Certified_Pre-Owned.html
2026-02-22 00:27:38,625 [INFO] Updated metadata: Chance_to_Fix.html
2026-02-22 00:27:38,637 [INFO] Updated metadata: checkmate.html
2026-02-22 00:27:38,690 [INFO] Updated metadata: close_enough_for_love.html
2026-02-22 00:27:38,706 [INFO] Updated metadata: close_to_you.html
2026-02-22 00:27:38,774 [INFO] Updated metadata: cool_about_it.html
2026-02-22 00:27:38,819 [INFO] Updated metadata: creator_you_destroy_me.html
2026-02-22 00:27:38,922 [INFO] Updated metadata: crescendo.html
2026-02-22 00:27:39,037 [INFO] Updated metadata: dearest_agatha.html
2026-02-22 00:27:39,109 [INFO] Updated metadata: deaths_echo.html
2026-02-22 00:27:39,123 [INFO] Updated metadata: Decemberism.html
2026-02-22 00:27:39,126 [INFO] Renamed Decemberism.html -> decemberism_kayniiine.html
2026-02-22 00:27:39,138 [INFO] Updated metadata: devotion_is_for_fools.html
2026-02-22 00:27:39,160 [INFO] Updated metadata: disdainfully_hers.html
2026-02-22 00:27:39,222 [INFO] Updated metadata: dont_be_afraid_of_me_im_what_you_need.html
2026-02-22 00:27:39,256 [INFO] Updated metadata: Dont_Handle_Me_with_Care.html
2026-02-22 00:27:39,261 [INFO] Renamed Dont_Handle_Me_with_Care.html -> dont_handle_me_with_care_midwestprincess_01.html
2026-02-22 00:27:39,388 [INFO] Updated metadata: Eight.html
2026-02-22 00:27:39,439 [INFO] Updated metadata: Everlong.html
2026-02-22 00:27:39,569 [INFO] Updated metadata: everything_looks_better_in_hindsight.html
2026-02-22 00:27:39,622 [INFO] Updated metadata: exceptions.html
2026-02-22 00:27:40,078 [INFO] Updated metadata: falling_for_the_enemy.html
2026-02-22 00:27:40,155 [INFO] Updated metadata: family_line.html
2026-02-22 00:27:40,189 [INFO] Updated metadata: feel_it_burnwatch_it_glow.html
2026-02-22 00:27:40,274 [INFO] Updated metadata: figured_you_out.html
2026-02-22 00:27:40,295 [INFO] Updated metadata: Five_Days_Four_Nights.html
2026-02-22 00:27:40,311 [INFO] Updated metadata: five_seconds.html
2026-02-22 00:27:40,356 [INFO] Updated metadata: Fold_Your_Wings.html
2026-02-22 00:27:40,356 [INFO] Renamed Fold_Your_Wings.html -> fold_your_wings_kayniiine.html
2026-02-22 00:27:40,376 [INFO] Updated metadata: for_the_love_of_spring.html
2026-02-22 00:27:41,038 [INFO] Updated metadata: For_Your_Consideration.html
2026-02-22 00:27:41,038 [INFO] Renamed For_Your_Consideration.html -> for_your_consideration_salong3.html
2026-02-22 00:27:41,092 [INFO] Updated metadata: For_You_To_Be_Still.html
2026-02-22 00:27:41,106 [INFO] Updated metadata: garden_of_eden.html
2026-02-22 00:27:41,124 [INFO] Updated metadata: giving_my_heart_over_to_you.html
2026-02-22 00:27:41,355 [INFO] Updated metadata: glitter_glue_and_signs_of_life.html
2026-02-22 00:27:41,545 [INFO] Updated metadata: God_is_a_woman.html
2026-02-22 00:27:41,549 [INFO] Renamed God_is_a_woman.html -> god_is_a_woman_nightslikethis.html
2026-02-22 00:27:41,811 [INFO] Updated metadata: god_knows_you_need_it.html
2026-02-22 00:27:41,953 [INFO] Updated metadata: going_viral.html
2026-02-22 00:27:41,973 [INFO] Updated metadata: green_is_the_colour_of_her_kind.html
2026-02-22 00:27:42,088 [INFO] Updated metadata: guilty_as_sin.html
2026-02-22 00:27:42,124 [INFO] Updated metadata: happiest_season.html
2026-02-22 00:27:42,173 [INFO] Updated metadata: harkness.html
2026-02-22 00:27:42,435 [INFO] Updated metadata: Harkness_Pathology.html
2026-02-22 00:27:42,435 [INFO] Renamed Harkness_Pathology.html -> harkness_pathology_coco_iamvfsm.html
2026-02-22 00:27:42,472 [INFO] Updated metadata: heart_beats_like_a_drummer.html
2026-02-22 00:27:42,855 [INFO] Updated metadata: Here_With_You_Now.html
2026-02-22 00:27:42,855 [INFO] Renamed Here_With_You_Now.html -> here_with_you_now_kayniiine.html
2026-02-22 00:27:43,036 [INFO] Updated metadata: High_Infidelity.html
2026-02-22 00:27:43,036 [INFO] Renamed High_Infidelity.html -> high_infidelity_hurricxneamelia_thetbone.html
2026-02-22 00:27:43,219 [INFO] Updated metadata: honey_youre_familiar.html
2026-02-22 00:27:43,404 [INFO] Updated metadata: how_it_started.html
2026-02-22 00:27:43,442 [INFO] Updated metadata: how_many_corners_do_i_have_to_turn_how_many_times_do_i_have_to_learn.html
2026-02-22 00:27:44,055 [INFO] Updated metadata: if_this_was_a_movie.html
2026-02-22 00:27:44,108 [INFO] Updated metadata: if_youre_not_falling_youre_not_trying.html
2026-02-22 00:27:44,253 [INFO] Updated metadata: illicit_affairs.html
2026-02-22 00:27:44,278 [INFO] Updated metadata: Ill_Be_Your_Distraction.html
2026-02-22 00:27:44,278 [INFO] Renamed Ill_Be_Your_Distraction.html -> ill_be_your_distraction_kayniiine.html
2026-02-22 00:27:44,323 [INFO] Updated metadata: ill_be_your_garbage_man.html
2026-02-22 00:27:44,455 [INFO] Updated metadata: ill_follow_you_down_til_the_sound_of_my_voice_will_haunt_you.html
2026-02-22 00:27:44,507 [INFO] Updated metadata: Ill_Give_What_I_Get.html
2026-02-22 00:27:44,541 [INFO] Updated metadata: ill_hear_you_even_when_you_cant_speak.html
2026-02-22 00:27:44,560 [INFO] Updated metadata: im_leaving_here_with_you.html
2026-02-22 00:27:44,736 [INFO] Updated metadata: im_sorry_i_love_you.html
2026-02-22 00:27:44,758 [INFO] Updated metadata: Im_Yours.html
2026-02-22 00:27:44,828 [INFO] Updated metadata: in_the_deep_end.html
2026-02-22 00:27:44,921 [INFO] Updated metadata: in_the_mirror_of_your.html
2026-02-22 00:27:44,921 [INFO] Renamed in_the_mirror_of_your.html -> in_the_mirror_of_your_eyes_beethernuts.html
2026-02-22 00:27:45,151 [INFO] Updated metadata: in_the_shadows_of_the_pines.html
2026-02-22 00:27:45,418 [INFO] Updated metadata: Is_It_Casual_Now.html
2026-02-22 00:27:45,456 [INFO] Updated metadata: itll_all_work_out.html
2026-02-22 00:27:45,804 [INFO] Updated metadata: its_bloody_and_raw_but_i_swear_its_sweet.html
2026-02-22 00:27:45,806 [INFO] Updated metadata: its_bloody_and_raw_but_i_swear_it_is_sweet.html
2026-02-22 00:27:45,822 [INFO] Updated metadata: Its_Cliched_to_be.html
2026-02-22 00:27:45,834 [INFO] Renamed Its_Cliched_to_be.html -> its_cliched_to_be_cynical_at_christmas_kayniiine.html
2026-02-22 00:27:45,873 [INFO] Updated metadata: its_just_in_my_nature.html
2026-02-22 00:27:46,070 [INFO] Updated metadata: its_never_quite_as_it_seems_hiyouve_got_mail.html
2026-02-22 00:27:46,481 [INFO] Updated metadata: Its_strictly_business.html
2026-02-22 00:27:46,487 [INFO] Renamed Its_strictly_business.html -> its_strictly_business_wefwar.html
2026-02-22 00:27:46,507 [INFO] Updated metadata: I_Am_No_Mother_I_Am_No.html
2026-02-22 00:27:46,512 [INFO] Renamed I_Am_No_Mother_I_Am_No.html -> i_am_no_mother_i_am_no_bride_midwestprincess_01.html
2026-02-22 00:27:46,590 [INFO] Updated metadata: i_could_not_stop_for_death.html
2026-02-22 00:27:46,672 [INFO] Updated metadata: I_Didnt_Ask_For_This.html
2026-02-22 00:27:46,672 [INFO] Renamed I_Didnt_Ask_For_This.html -> i_didnt_ask_for_this_lexus_beautiful_ruin.html
2026-02-22 00:27:46,691 [INFO] Updated metadata: i_dont_care_that_youre_a_stoner_fall_right_into_me.html
2026-02-22 00:27:46,772 [INFO] Updated metadata: I_follow_your_perfume.html
2026-02-22 00:27:46,855 [INFO] Updated metadata: i_let_my_head_spin_take.html
2026-02-22 00:27:46,870 [INFO] Renamed i_let_my_head_spin_take.html -> i_let_my_head_spin_take_all_the_weight_off_my_shoulders_empathyhoodie.html
2026-02-22 00:27:46,922 [INFO] Updated metadata: i_let_my_head_spin_take_all_the_weight_off_my_shoulders.html
2026-02-22 00:27:46,962 [INFO] Updated metadata: I_see_you_youre_walking.html
2026-02-22 00:27:46,964 [INFO] Renamed I_see_you_youre_walking.html -> i_see_you_youre_walking_cross_the_campus_queerenough.html
2026-02-22 00:27:47,061 [INFO] Updated metadata: I_Still_Shut_My_Eyes.html
2026-02-22 00:27:47,068 [INFO] Renamed I_Still_Shut_My_Eyes.html -> i_still_shut_my_eyes_kayniiine.html
2026-02-22 00:27:47,448 [INFO] Updated metadata: I_Tore_You_Apart_In_My.html
2026-02-22 00:27:47,453 [INFO] Renamed I_Tore_You_Apart_In_My.html -> i_tore_you_apart_in_my_head_kayniiine.html
2026-02-22 00:27:47,822 [INFO] Updated metadata: i_tore_you_apart_in_my_head.html
2026-02-22 00:27:47,842 [INFO] Updated metadata: I_Want_You_on_Me_With.html
2026-02-22 00:27:47,844 [INFO] Renamed I_Want_You_on_Me_With.html -> i_want_you_on_me_with_both_your_hands_kayniiine.html
2026-02-22 00:27:47,856 [INFO] Updated metadata: i_was_your_starry_eyed_lover_and_the_one_that_you_saw.html
2026-02-22 00:27:47,875 [INFO] Updated metadata: i_will_wait_up_for_you_dear.html
2026-02-22 00:27:47,923 [INFO] Updated metadata: i_wonder_which_cup_youll_drink_from_i_hope_its_mine.html
2026-02-22 00:27:47,973 [INFO] Updated metadata: just_between_us_did_the_love_affair_maim_you_too.html
2026-02-22 00:27:48,023 [INFO] Updated metadata: just_hold_on.html
2026-02-22 00:27:48,054 [INFO] Updated metadata: juxtaposition_in_fate.html
2026-02-22 00:27:48,077 [INFO] Updated metadata: kaleidoscope.html
2026-02-22 00:27:48,095 [INFO] Updated metadata: kiss_my_petals_weave_me_through_a_dream.html
2026-02-22 00:27:48,144 [INFO] Updated metadata: let_go.html
2026-02-22 00:27:48,173 [INFO] Updated metadata: let_me_wrap_my_teeth_around_the_world.html
2026-02-22 00:27:48,204 [INFO] Updated metadata: life_after_love_can_we_find_it_again.html
2026-02-22 00:27:48,258 [INFO] Updated metadata: like_a_hurricane.html
2026-02-22 00:27:48,275 [INFO] Renamed like_a_hurricane.html -> like_a_hurricane_tunemyart.html
2026-02-22 00:27:48,323 [INFO] Updated metadata: lost_for_words.html
2026-02-22 00:27:48,345 [INFO] Updated metadata: love_and_amp_politics.html
2026-02-22 00:27:48,364 [INFO] Updated metadata: love_is_a_four_letter_word.html
2026-02-22 00:27:48,554 [INFO] Updated metadata: love_is_a_witch.html
2026-02-22 00:27:48,654 [INFO] Updated metadata: love_me_tender.html
2026-02-22 00:27:48,681 [INFO] Updated metadata: love_offline.html
2026-02-22 00:27:48,821 [INFO] Updated metadata: love_persevering.html
2026-02-22 00:27:49,146 [INFO] Updated metadata: luminous.html
2026-02-22 00:27:49,172 [INFO] Updated metadata: mandevillas.html
2026-02-22 00:27:49,194 [INFO] Updated metadata: meetcute.html
2026-02-22 00:27:49,256 [INFO] Updated metadata: meet_me_at_the_end.html
2026-02-22 00:27:49,256 [INFO] Updated metadata: merry_christmas_i_think_ill_miss_this_one_this_year.html
2026-02-22 00:27:49,669 [INFO] Updated metadata: mrs_and_amp_mrs_harkness-vidal.html
2026-02-22 00:27:50,271 [INFO] Updated metadata: my_boy_builds_coffins.html
2026-02-22 00:27:50,535 [INFO] Updated metadata: my_cries_and_your_whispers.html
2026-02-22 00:27:50,670 [INFO] Updated metadata: my_love_mine_all_mine.html
2026-02-22 00:27:50,788 [INFO] Updated metadata: my_safeword_is_safeword.html
2026-02-22 00:27:50,826 [INFO] Updated metadata: My_Side_of_the_Story.html
2026-02-22 00:27:50,839 [INFO] Renamed My_Side_of_the_Story.html -> my_side_of_the_story_kayniiine.html
2026-02-22 00:27:50,862 [INFO] Updated metadata: naughty_and_amp_nice.html
2026-02-22 00:27:50,911 [INFO] Updated metadata: Next_time_you_call_Ill.html
2026-02-22 00:27:50,916 [INFO] Renamed Next_time_you_call_Ill.html -> next_time_you_call_ill_be_your_girl_whatawks.html
2026-02-22 00:27:50,923 [INFO] Updated metadata: Nightmare_of_a_Dream.html
2026-02-22 00:27:50,937 [INFO] Renamed Nightmare_of_a_Dream.html -> nightmare_of_a_dream_girl_visadero.html
2026-02-22 00:27:51,462 [INFO] Updated metadata: night_shift.html
2026-02-22 00:27:51,468 [INFO] Updated metadata: Night_Verses.html
2026-02-22 00:27:51,475 [INFO] Renamed Night_Verses.html -> night_verses_kayniiine.html
2026-02-22 00:27:51,605 [INFO] Updated metadata: Nothing_Shameful.html
2026-02-22 00:27:51,615 [INFO] Renamed Nothing_Shameful.html -> nothing_shameful_kayniiine.html
2026-02-22 00:27:51,849 [INFO] Updated metadata: not_my_type.html
2026-02-22 00:27:51,866 [INFO] Updated metadata: not_over_dramatic_i_know_what_i_want.html
2026-02-22 00:27:51,886 [INFO] Updated metadata: Now_We_Drop_Our.html
2026-02-22 00:27:51,892 [INFO] Renamed Now_We_Drop_Our.html -> now_we_drop_our_composure_kayniiine.html
2026-02-22 00:27:52,102 [INFO] Updated metadata: number_13.html
2026-02-22 00:27:52,142 [INFO] Updated metadata: obsessed.html
2026-02-22 00:27:52,160 [INFO] Updated metadata: Oh_The_Sunlit_Haze.html
2026-02-22 00:27:52,166 [INFO] Renamed Oh_The_Sunlit_Haze.html -> oh_the_sunlit_haze_kayniiine.html
2026-02-22 00:27:52,245 [INFO] Updated metadata: One_Happy_Camper.html
2026-02-22 00:27:52,252 [INFO] Renamed One_Happy_Camper.html -> one_happy_camper_magnolie.html
2026-02-22 00:27:52,423 [INFO] Updated metadata: one_way_or_another.html
2026-02-22 00:27:52,433 [INFO] Updated metadata: Over_a_Bridge_and_Into.html
2026-02-22 00:27:52,440 [INFO] Renamed Over_a_Bridge_and_Into.html -> over_a_bridge_and_into_love_kayniiine.html
2026-02-22 00:27:52,458 [INFO] Updated metadata: Perfect_Catch.html
2026-02-22 00:27:52,463 [INFO] Renamed Perfect_Catch.html -> perfect_catch_visadero.html
2026-02-22 00:27:52,574 [INFO] Updated metadata: power_play.html
2026-02-22 00:27:52,694 [INFO] Updated metadata: Primadonna.html
2026-02-22 00:27:52,698 [INFO] Renamed Primadonna.html -> primadonna_lovettblack.html
2026-02-22 00:27:52,785 [INFO] Updated metadata: purple_and_green.html
2026-02-22 00:27:52,872 [INFO] Updated metadata: Pushing_It_Down_and.html
2026-02-22 00:27:52,888 [INFO] Renamed Pushing_It_Down_and.html -> pushing_it_down_and_praying_shaywritesthings.html
2026-02-22 00:27:52,962 [INFO] Updated metadata: pushing_it_down_and_praying.html
2026-02-22 00:27:53,050 [INFO] Updated metadata: put_it_on_the_line.html
2026-02-22 00:27:53,255 [INFO] Updated metadata: put_your_fangs_in_me.html
2026-02-22 00:27:53,312 [INFO] Updated metadata: Questions.html
2026-02-22 00:27:53,470 [INFO] Updated metadata: reaching_out_for_more.html
2026-02-22 00:27:53,491 [INFO] Updated metadata: red_in_claw_red_in_love.html
2026-02-22 00:27:53,504 [INFO] Updated metadata: red_thread_of_fate.html
2026-02-22 00:27:53,799 [INFO] Updated metadata: rented_hearts.html
2026-02-22 00:27:53,820 [INFO] Updated metadata: rios_toxic_embrace.html
2026-02-22 00:27:54,032 [INFO] Updated metadata: rio_vidal_does_not_give_a_damn.html
2026-02-22 00:27:54,298 [INFO] Updated metadata: roommates_of_destruction.html
2026-02-22 00:27:54,350 [INFO] Updated metadata: roses_are_red_orchids_arepurple.html
2026-02-22 00:27:54,361 [INFO] Updated metadata: roster.html
2026-02-22 00:27:54,406 [INFO] Updated metadata: rules_for_co-parenting_with_your_witch_of_an_ex.html
2026-02-22 00:27:54,456 [INFO] Updated metadata: scherzo.html
2026-02-22 00:27:55,105 [INFO] Updated metadata: Second_Chances.html
2026-02-22 00:27:55,121 [INFO] Updated metadata: secrets_and_amp_suspenders.html
2026-02-22 00:27:55,162 [INFO] Updated metadata: Serpents_Stone.html
2026-02-22 00:27:55,162 [INFO] Renamed Serpents_Stone.html -> serpents_stone_visadero.html
2026-02-22 00:27:55,189 [INFO] Updated metadata: sex_love_unholy_truth.html
2026-02-22 00:27:55,198 [INFO] Renamed sex_love_unholy_truth.html -> sex_love_unholy_truth_kayniiine.html
2026-02-22 00:27:55,240 [INFO] Updated metadata: shatter_your_illusions.html
2026-02-22 00:27:55,240 [INFO] Updated metadata: She_Depends_on_You.html
2026-02-22 00:27:55,259 [INFO] Renamed She_Depends_on_You.html -> she_depends_on_you_kayniiine.html
2026-02-22 00:27:55,266 [INFO] Updated metadata: she_drives_me_crazy.html
2026-02-22 00:27:55,352 [INFO] Updated metadata: she_gets_the_job_done.html
2026-02-22 00:27:55,470 [INFO] Updated metadata: she_looks_like_the_real_thing_she_tastes_like_the_real_thing.html
2026-02-22 00:27:55,830 [INFO] Updated metadata: silver_springs.html
2026-02-22 00:27:56,016 [INFO] Updated metadata: Softballs_A_Witch.html
2026-02-22 00:27:56,154 [INFO] Updated metadata: Somebody_to_Hold.html
2026-02-22 00:27:56,154 [INFO] Renamed Somebody_to_Hold.html -> somebody_to_hold_how_deep_the_grave.html
2026-02-22 00:27:56,583 [INFO] Updated metadata: somewhere_only_we_know_a_professor_au.html
2026-02-22 00:27:56,615 [INFO] Updated metadata: so_my_mother-in-law_is.html
2026-02-22 00:27:56,621 [INFO] Renamed so_my_mother-in-law_is.html -> so_my_mother-in-law_is_god_villhag.html
2026-02-22 00:27:56,628 [INFO] Updated metadata: Stay_Small.html
2026-02-22 00:27:56,628 [INFO] Renamed Stay_Small.html -> stay_small_kayniiine.html
2026-02-22 00:27:56,851 [INFO] Updated metadata: Stuck_In_Orbit.html
2026-02-22 00:27:57,051 [INFO] Updated metadata: sugar_and_honey.html
2026-02-22 00:27:57,170 [INFO] Updated metadata: summa_cum_laude.html
2026-02-22 00:27:57,189 [INFO] Updated metadata: Take_It_Easy.html
2026-02-22 00:27:57,196 [INFO] Renamed Take_It_Easy.html -> take_it_easy_kayniiine.html
2026-02-22 00:27:57,321 [INFO] Updated metadata: take_it_from_the_top_you_are_a_bottom.html
2026-02-22 00:27:57,356 [INFO] Updated metadata: Talk_Some_Sense_to_Me.html
2026-02-22 00:27:57,356 [INFO] Renamed Talk_Some_Sense_to_Me.html -> talk_some_sense_to_me_kayniiine.html
2026-02-22 00:27:57,477 [INFO] Updated metadata: tempus_voluntas_spatium.html
2026-02-22 00:27:57,502 [INFO] Updated metadata: theres_no_one_else_who_could_the_only_one_is_you.html
2026-02-22 00:27:57,539 [INFO] Updated metadata: theres_something_just_a_little_more_than_ecstasy.html
2026-02-22 00:27:57,627 [INFO] Updated metadata: there_is_no_death_for_witches_only_transformation.html
2026-02-22 00:27:57,721 [INFO] Updated metadata: the_art_of_appearances.html
2026-02-22 00:27:57,919 [INFO] Updated metadata: the_art_of_keeping_a_secret.html
2026-02-22 00:27:57,983 [INFO] Updated metadata: the_bad_thing.html
2026-02-22 00:27:58,011 [INFO] Updated metadata: the_bartender_and_the_nerd.html
2026-02-22 00:27:58,056 [INFO] Updated metadata: the_beach_house.html
2026-02-22 00:27:58,298 [INFO] Updated metadata: The_Best_Medicine.html
2026-02-22 00:27:58,314 [INFO] Renamed The_Best_Medicine.html -> the_best_medicine_cassie_bones.html
2026-02-22 00:27:58,322 [INFO] Updated metadata: The_Birthday_Gift.html
2026-02-22 00:27:58,373 [INFO] Updated metadata: the_case_of_the_robbery_gone_wrong.html
2026-02-22 00:27:58,395 [INFO] Updated metadata: the_dare.html
2026-02-22 00:27:58,426 [INFO] Updated metadata: the_devil_you_know.html
2026-02-22 00:27:58,472 [INFO] Updated metadata: the_ethics_of_attraction.html
2026-02-22 00:27:58,484 [INFO] Updated metadata: the_gift.html
2026-02-22 00:27:58,804 [INFO] Updated metadata: the_gold_and_the_rust_the_color_erupts.html
2026-02-22 00:27:58,984 [INFO] Updated metadata: The_Happiest_Season.html
2026-02-22 00:27:59,024 [INFO] Updated metadata: the_heart_of_death.html
2026-02-22 00:27:59,055 [INFO] Updated metadata: the_heat_is_on.html
2026-02-22 00:27:59,128 [INFO] Updated metadata: the_holiday.html
2026-02-22 00:27:59,191 [INFO] Updated metadata: the_neutral_ground.html
2026-02-22 00:27:59,272 [INFO] Updated metadata: the_peculiar_patient.html
2026-02-22 00:27:59,306 [INFO] Updated metadata: the_road_twists_and_turns.html
2026-02-22 00:27:59,415 [INFO] Updated metadata: the_scientific_method_of_falling_apart.html
2026-02-22 00:27:59,698 [INFO] Updated metadata: the_space_between_notes.html
2026-02-22 00:27:59,772 [INFO] Updated metadata: the_tales_of_new_salem.html
2026-02-22 00:27:59,829 [INFO] Updated metadata: The_Teacher_Trap.html
2026-02-22 00:27:59,833 [INFO] Renamed The_Teacher_Trap.html -> the_teacher_trap_cassie_bones.html
2026-02-22 00:28:00,639 [INFO] Updated metadata: The_Thread_Of_Fate.html
2026-02-22 00:28:00,654 [INFO] Renamed The_Thread_Of_Fate.html -> the_thread_of_fate_paravato.html
2026-02-22 00:28:00,662 [INFO] Updated metadata: The_Time_It_Takes_To_Let.html
2026-02-22 00:28:00,673 [INFO] Renamed The_Time_It_Takes_To_Let.html -> the_time_it_takes_to_let_go_kayniiine.html
2026-02-22 00:28:00,696 [INFO] Updated metadata: the_way_i_feel_about_you_baby_cant_explain_it.html
2026-02-22 00:28:00,948 [INFO] Updated metadata: The_Witches_Bodyguard.html
2026-02-22 00:28:01,039 [INFO] Updated metadata: the_witchy_CEO.html
2026-02-22 00:28:01,203 [INFO] Updated metadata: The_Witch_and_The_Wolf.html
2026-02-22 00:28:01,269 [INFO] Updated metadata: the_world_reversed.html
2026-02-22 00:28:01,516 [INFO] Updated metadata: thirst_trap.html
2026-02-22 00:28:01,621 [INFO] Updated metadata: Time_in_a_Bottle.html
2026-02-22 00:28:01,621 [INFO] Renamed Time_in_a_Bottle.html -> time_in_a_bottle_annadelamico.html
2026-02-22 00:28:01,675 [INFO] Updated metadata: time_warp.html
2026-02-22 00:28:01,989 [INFO] Updated metadata: Triage_of_the_Heart.html
2026-02-22 00:28:01,989 [INFO] Renamed Triage_of_the_Heart.html -> triage_of_the_heart_coven_crafted.html
2026-02-22 00:28:02,039 [INFO] Updated metadata: udon_know_how_much_i_crave_you.html
2026-02-22 00:28:02,073 [INFO] Updated metadata: underneath_the_tree.html
2026-02-22 00:28:02,267 [INFO] Updated metadata: unlock_thy_hidden_gate.html
2026-02-22 00:28:02,420 [INFO] Updated metadata: unmoored_by_your_presence.html
2026-02-22 00:28:02,809 [INFO] Updated metadata: unraveled.html
2026-02-22 00:28:02,874 [INFO] Updated metadata: unsatisfied_i_skip_my_pride.html
2026-02-22 00:28:02,943 [INFO] Updated metadata: untitleddssfic.html
2026-02-22 00:28:03,006 [INFO] Updated metadata: velvet_ring.html
2026-02-22 00:28:03,196 [INFO] Updated metadata: Vidal_Books.html
2026-02-22 00:28:03,200 [INFO] Updated metadata: Wanna_Take_a_Chance.html
2026-02-22 00:28:03,213 [INFO] Renamed Wanna_Take_a_Chance.html -> wanna_take_a_chance_kayniiine.html
2026-02-22 00:28:03,245 [INFO] Updated metadata: want_take_have.html
2026-02-22 00:28:03,395 [INFO] Updated metadata: War_of_Hearts.html
2026-02-22 00:28:03,401 [INFO] Renamed War_of_Hearts.html -> war_of_hearts_sapphix_ssana.html
2026-02-22 00:28:03,724 [INFO] Updated metadata: well_i_wonder.html
2026-02-22 00:28:03,837 [INFO] Updated metadata: were_never_done.html
2026-02-22 00:28:03,837 [INFO] Updated metadata: We_Dont_Fit_In_The_Grand.html
2026-02-22 00:28:03,855 [INFO] Renamed We_Dont_Fit_In_The_Grand.html -> we_dont_fit_in_the_grand_design_kayniiine.html
2026-02-22 00:28:04,267 [INFO] Updated metadata: we_found_each_other_in_the_dark.html
2026-02-22 00:28:04,267 [INFO] Updated metadata: what_a_night.html
2026-02-22 00:28:04,347 [INFO] Updated metadata: what_a_terrifying_work_of_art.html
2026-02-22 00:28:04,422 [INFO] Updated metadata: what_if_its_not_meant_for_me.html
2026-02-22 00:28:04,476 [INFO] Updated metadata: what_if_my_heart_belongs_to_you.html
2026-02-22 00:28:04,528 [INFO] Updated metadata: What_the_Body_Knows.html
2026-02-22 00:28:04,543 [INFO] Updated metadata: What_to_Do_When_You_Are.html
2026-02-22 00:28:04,543 [INFO] Renamed What_to_Do_When_You_Are.html -> what_to_do_when_you_are_dead_kayniiine.html
2026-02-22 00:28:04,842 [INFO] Updated metadata: when_heartbreak_meets_jealousy.html
2026-02-22 00:28:04,871 [INFO] Updated metadata: when_we_kiss_i_have_anger_issues.html
2026-02-22 00:28:04,927 [INFO] Updated metadata: where_we_belong.html
2026-02-22 00:28:04,934 [INFO] Updated metadata: whos_going_to_tell_me_no.html
2026-02-22 00:28:04,939 [INFO] Renamed whos_going_to_tell_me_no.html -> whos_going_to_tell_me_no_kayniiine.html
2026-02-22 00:28:05,103 [INFO] Updated metadata: why_dont_you_want_me.html
2026-02-22 00:28:05,287 [INFO] Updated metadata: Wicked_Game.html
2026-02-22 00:28:05,287 [INFO] Renamed Wicked_Game.html -> wicked_game_annadelamico.html
2026-02-22 00:28:05,421 [INFO] Updated metadata: wicked_witchcraft.html
2026-02-22 00:28:05,444 [INFO] Updated metadata: witchcraft_filling_your_void.html
2026-02-22 00:28:05,488 [INFO] Updated metadata: within_reach.html
2026-02-22 00:28:05,755 [INFO] Updated metadata: Work_and_Play_Ball.html
2026-02-22 00:28:05,838 [INFO] Updated metadata: wrong_number.html
2026-02-22 00:28:06,034 [INFO] Updated metadata: youd_have_to_stop_the_world.html
2026-02-22 00:28:06,121 [INFO] Updated metadata: youll_find_me_on_my_tallest_tiptoes.html
2026-02-22 00:28:06,239 [INFO] Updated metadata: youll_just_have_to_taste_me_when_shes_kissin_you.html
2026-02-22 00:28:06,278 [INFO] Updated metadata: Youre_My_Burial_Ground.html
2026-02-22 00:28:06,280 [INFO] Renamed Youre_My_Burial_Ground.html -> youre_my_burial_ground_midwestprincess_01.html
2026-02-22 00:28:06,389 [INFO] Updated metadata: Youre_Welcome_to_Try_You.html
2026-02-22 00:28:06,389 [INFO] Renamed Youre_Welcome_to_Try_You.html -> youre_welcome_to_try_you_wouldnt_be_the_first_one_to_fail_lexus_beautiful_ruin.html
2026-02-22 00:28:06,543 [INFO] Updated metadata: youre_welcome_to_try_you_wouldnt_be_the_first_one_to_fail.html
2026-02-22 00:28:06,650 [INFO] Updated metadata: you_arent_mine_for_the_taking.html
2026-02-22 00:28:06,664 [INFO] Updated metadata: you_dont_need_a.html
2026-02-22 00:28:06,669 [INFO] Renamed you_dont_need_a.html -> you_dont_need_a_revelation_youll_be_fine_with_being_lost_alilbitgay.html
2026-02-22 00:28:06,723 [INFO] Updated metadata: you_got_me_looking_so_crazy_right_now.html
2026-02-22 00:28:06,745 [INFO] Updated metadata: you_look_so_pretty_when_youre_on_your_knees.html
2026-02-22 00:28:06,759 [INFO] Updated metadata: you_make_loving_fun.html
2026-02-22 00:28:06,904 [INFO] Updated metadata: you_may_not_be_mine_but_i_could_be_yours.html
2026-02-22 00:28:06,904 [INFO] Phase 1 complete. Files seen=295, updated=295, renamed=0, deduped=63, failed=0
2026-02-22 00:28:06,904 [INFO] Phase 2/2: Building index.html...
2026-02-22 00:28:44,455 [INFO] Index created: C:\Users\willo\OneDrive\Documents\GitHub\fics\ficArchive\index.html
2026-02-22 00:28:44,455 [INFO] Phase 2 complete. Index built successfully.
2026-02-22 00:28:44,455 [INFO] === Fanfic archive processing: END (71.73s) ===
