2026-01-19 18:05:57,096 [INFO] Updated metadata: 1111.html
2026-01-19 18:05:57,354 [INFO] Updated metadata: accidental_add.html
2026-01-19 18:05:57,415 [INFO] Updated metadata: adagietto.html
2026-01-19 18:05:57,591 [INFO] Updated metadata: agathario_fake_dating_au.html
2026-01-19 18:05:57,787 [INFO] Updated metadata: agatha_all_along_week_2025.html
2026-01-19 18:05:58,002 [INFO] Updated metadata: alambre_pua.html
2026-01-19 18:05:58,248 [INFO] Updated metadata: albatross.html
2026-01-19 18:05:58,577 [INFO] Updated metadata: all_roads_lead_to_this.html
2026-01-19 18:05:58,684 [INFO] Updated metadata: all_the_things_we_could_do.html
2026-01-19 18:05:58,720 [INFO] Updated metadata: amor_prohibido.html
2026-01-19 18:05:58,769 [INFO] Updated metadata: and_fill_my_blank_page.html
2026-01-19 18:05:58,827 [INFO] Updated metadata: and_well_be_together_forever_and_amp_ever_more.html
2026-01-19 18:05:59,018 [INFO] Updated metadata: an_unexpected_visitor.html
2026-01-19 18:05:59,082 [INFO] Updated metadata: astonishment_and_joy.html
2026-01-19 18:05:59,895 [INFO] Updated metadata: at_the_still_point_of_the_turning_world.html
2026-01-19 18:05:59,992 [INFO] Updated metadata: a_decade_between_us.html
2026-01-19 18:06:00,040 [INFO] Updated metadata: a_drunken_menace.html
2026-01-19 18:06:00,231 [INFO] Updated metadata: a_kingdom_by_the_night.html
2026-01-19 18:06:00,587 [INFO] Updated metadata: A_Tentative_Ellipsis_the.html
2026-01-19 18:06:00,727 [INFO] Overwrote a_tentative_ellipsis_the_parting_of_your_lips_and_the_ache_in_your_eyes.html with updated A_Tentative_Ellipsis_the.html
2026-01-19 18:06:01,095 [INFO] Updated metadata: a_tentative_ellipsis_the_parting_of_your_lips_and_the_ache_in_your_eyes.html
2026-01-19 18:06:01,260 [INFO] Updated metadata: a_witch_in_salem.html
2026-01-19 18:06:01,322 [INFO] Updated metadata: baby_its_fate_not_luck.html
2026-01-19 18:06:01,667 [INFO] Updated metadata: ban_all_the_music.html
2026-01-19 18:06:01,745 [INFO] Updated metadata: beneath_the_scars.html
2026-01-19 18:06:01,944 [INFO] Updated metadata: beneath_the_stars.html
2026-01-19 18:06:02,027 [INFO] Updated metadata: between_the_flames_and_her_eyes.html
2026-01-19 18:06:02,078 [INFO] Updated metadata: bewitched.html
2026-01-19 18:06:02,144 [INFO] Updated metadata: bitches_i_dont_trust_them_but_they_give_me_what_i_want_for_the_night.html
2026-01-19 18:06:02,213 [INFO] Updated metadata: blade_of_grass.html
2026-01-19 18:06:02,345 [INFO] Updated metadata: bound_by_oath_undone_by_you.html
2026-01-19 18:06:02,403 [INFO] Updated metadata: broken_deal.html
2026-01-19 18:06:02,530 [INFO] Updated metadata: bush_league.html
2026-01-19 18:06:02,617 [INFO] Updated metadata: but_i_love_you_just_the_same.html
2026-01-19 18:06:03,357 [INFO] Updated metadata: But_We_Cant.html
2026-01-19 18:06:03,644 [INFO] Updated metadata: By_Blood_and_Bloom.html
2026-01-19 18:06:03,696 [INFO] Updated metadata: candlelight_whispers_me_where_to_go.html
2026-01-19 18:06:04,041 [INFO] Updated metadata: Cant_Be_a_Good_Girl_Even.html
2026-01-19 18:06:04,207 [INFO] Overwrote cant_be_a_good_girl_even_if_i_tried.html with updated Cant_Be_a_Good_Girl_Even.html
2026-01-19 18:06:04,501 [INFO] Updated metadata: cant_be_a_good_girl_even_if_i_tried.html
2026-01-19 18:06:04,599 [INFO] Updated metadata: catalysis.html
2026-01-19 18:06:04,782 [INFO] Updated metadata: catch_me_when_i_fall_for_you.html
2026-01-19 18:06:04,829 [INFO] Updated metadata: Certified_Pre-Owned.html
2026-01-19 18:06:05,378 [INFO] Updated metadata: Chance_to_Fix.html
2026-01-19 18:06:05,428 [INFO] Updated metadata: checkmate.html
2026-01-19 18:06:05,561 [INFO] Updated metadata: close_enough_for_love.html
2026-01-19 18:06:05,605 [INFO] Updated metadata: close_to_you.html
2026-01-19 18:06:05,728 [INFO] Updated metadata: cool_about_it.html
2026-01-19 18:06:05,807 [INFO] Updated metadata: creator_you_destroy_me.html
2026-01-19 18:06:05,956 [INFO] Updated metadata: crescendo.html
2026-01-19 18:06:06,110 [INFO] Updated metadata: dearest_agatha.html
2026-01-19 18:06:06,205 [INFO] Updated metadata: deaths_echo.html
2026-01-19 18:06:06,236 [INFO] Updated metadata: devotion_is_for_fools.html
2026-01-19 18:06:06,310 [INFO] Updated metadata: disdainfully_hers.html
2026-01-19 18:06:06,414 [INFO] Updated metadata: dont_be_afraid_of_me_im_what_you_need.html
2026-01-19 18:06:06,525 [INFO] Updated metadata: Eight.html
2026-01-19 18:06:06,581 [INFO] Updated metadata: Everlong.html
2026-01-19 18:06:06,787 [INFO] Updated metadata: everything_looks_better_in_hindsight.html
2026-01-19 18:06:06,847 [INFO] Updated metadata: exceptions.html
2026-01-19 18:06:07,313 [INFO] Updated metadata: falling_for_the_enemy.html
2026-01-19 18:06:07,417 [INFO] Updated metadata: family_line.html
2026-01-19 18:06:07,477 [INFO] Updated metadata: Feel_it_BurnWatch_it.html
2026-01-19 18:06:07,490 [INFO] Renamed Feel_it_BurnWatch_it.html -> feel_it_burnwatch_it_glow.html
2026-01-19 18:06:07,594 [INFO] Updated metadata: figured_you_out.html
2026-01-19 18:06:07,630 [INFO] Updated metadata: Five_Days_Four_Nights.html
2026-01-19 18:06:07,675 [INFO] Updated metadata: five_seconds.html
2026-01-19 18:06:07,764 [INFO] Updated metadata: fold_your_wings.html
2026-01-19 18:06:07,824 [INFO] Updated metadata: for_the_love_of_spring.html
2026-01-19 18:06:08,599 [INFO] Updated metadata: For_Your_Consideration.html
2026-01-19 18:06:08,737 [INFO] Updated metadata: For_You_To_Be_Still.html
2026-01-19 18:06:08,807 [INFO] Updated metadata: garden_of_eden.html
2026-01-19 18:06:08,857 [INFO] Updated metadata: giving_my_heart_over_to_you.html
2026-01-19 18:06:09,171 [INFO] Updated metadata: glitter_glue_and_signs_of_life.html
2026-01-19 18:06:09,593 [INFO] Updated metadata: god_knows_you_need_it.html
2026-01-19 18:06:09,842 [INFO] Updated metadata: going_viral.html
2026-01-19 18:06:09,889 [INFO] Updated metadata: green_is_the_colour_of_her_kind.html
2026-01-19 18:06:10,108 [INFO] Updated metadata: guilty_as_sin.html
2026-01-19 18:06:10,143 [INFO] Updated metadata: happiest_season.html
2026-01-19 18:06:10,278 [INFO] Updated metadata: harkness.html
2026-01-19 18:06:10,588 [INFO] Updated metadata: harkness_pathology.html
2026-01-19 18:06:10,652 [INFO] Updated metadata: heart_beats_like_a_drummer.html
2026-01-19 18:06:11,149 [INFO] Updated metadata: Here_With_You_Now.html
2026-01-19 18:06:11,377 [INFO] Updated metadata: honey_youre_familiar.html
2026-01-19 18:06:11,652 [INFO] Updated metadata: how_it_started.html
2026-01-19 18:06:11,786 [INFO] Updated metadata: how_many_corners_do_i_have_to_turn_how_many_times_do_i_have_to_learn.html
2026-01-19 18:06:12,467 [INFO] Updated metadata: if_this_was_a_movie.html
2026-01-19 18:06:12,596 [INFO] Updated metadata: if_youre_not_falling_youre_not_trying.html
2026-01-19 18:06:12,811 [INFO] Updated metadata: illicit_affairs.html
2026-01-19 18:06:12,915 [INFO] Updated metadata: ill_be_your_garbage_man.html
2026-01-19 18:06:13,033 [INFO] Updated metadata: ill_follow_you_down_til_the_sound_of_my_voice_will_haunt_you.html
2026-01-19 18:06:13,129 [INFO] Updated metadata: Ill_Give_What_I_Get.html
2026-01-19 18:06:13,193 [INFO] Updated metadata: ill_hear_you_even_when_you_cant_speak.html
2026-01-19 18:06:13,240 [INFO] Updated metadata: im_leaving_here_with_you.html
2026-01-19 18:06:13,518 [INFO] Updated metadata: im_sorry_i_love_you.html
2026-01-19 18:06:13,582 [INFO] Updated metadata: Im_Yours.html
2026-01-19 18:06:13,699 [INFO] Updated metadata: in_the_deep_end.html
2026-01-19 18:06:13,999 [INFO] Updated metadata: in_the_shadows_of_the_pines.html
2026-01-19 18:06:14,227 [INFO] Updated metadata: Is_It_Casual_Now.html
2026-01-19 18:06:14,326 [INFO] Updated metadata: itll_all_work_out.html
2026-01-19 18:06:14,794 [INFO] Updated metadata: its_bloody_and_raw_but_i_swear_its_sweet.html
2026-01-19 18:06:14,841 [INFO] Updated metadata: its_bloody_and_raw_but_i_swear_it_is_sweet.html
2026-01-19 18:06:14,921 [INFO] Updated metadata: its_just_in_my_nature.html
2026-01-19 18:06:15,180 [INFO] Updated metadata: its_never_quite_as_it_seems_hiyouve_got_mail.html
2026-01-19 18:06:15,550 [INFO] Updated metadata: Its_strictly_business.html
2026-01-19 18:06:15,668 [INFO] Updated metadata: i_could_not_stop_for_death.html
2026-01-19 18:06:15,717 [INFO] Updated metadata: I_Didnt_Ask_For_This.html
2026-01-19 18:06:15,794 [INFO] Updated metadata: i_dont_care_that_youre_a_stoner_fall_right_into_me.html
2026-01-19 18:06:15,842 [INFO] Updated metadata: I_follow_your_perfume.html
2026-01-19 18:06:15,890 [INFO] Updated metadata: i_let_my_head_spin_take.html
2026-01-19 18:06:15,906 [INFO] Renamed i_let_my_head_spin_take.html -> i_let_my_head_spin_take_all_the_weight_off_my_shoulders.html
2026-01-19 18:06:16,345 [INFO] Updated metadata: i_tore_you_apart_in_my_head.html
2026-01-19 18:06:16,373 [INFO] Updated metadata: i_was_your_starry_eyed_lover_and_the_one_that_you_saw.html
2026-01-19 18:06:16,427 [INFO] Updated metadata: i_will_wait_up_for_you_dear.html
2026-01-19 18:06:16,554 [INFO] Updated metadata: i_wonder_which_cup_youll_drink_from_i_hope_its_mine.html
2026-01-19 18:06:16,650 [INFO] Updated metadata: just_between_us_did_the_love_affair_maim_you_too.html
2026-01-19 18:06:16,711 [INFO] Updated metadata: just_hold_on.html
2026-01-19 18:06:16,782 [INFO] Updated metadata: juxtaposition_in_fate.html
2026-01-19 18:06:16,872 [INFO] Updated metadata: kaleidoscope.html
2026-01-19 18:06:16,931 [INFO] Updated metadata: kiss_my_petals_weave_me_through_a_dream.html
2026-01-19 18:06:16,995 [INFO] Updated metadata: let_go.html
2026-01-19 18:06:17,071 [INFO] Updated metadata: let_me_wrap_my_teeth_around_the_world.html
2026-01-19 18:06:17,114 [INFO] Updated metadata: life_after_love_can_we_find_it_again.html
2026-01-19 18:06:17,182 [INFO] Updated metadata: like_a_hurricane.html
2026-01-19 18:06:17,235 [INFO] Updated metadata: lost_for_words.html
2026-01-19 18:06:17,299 [INFO] Updated metadata: love_and_amp_politics.html
2026-01-19 18:06:17,357 [INFO] Updated metadata: love_is_a_four_letter_word.html
2026-01-19 18:06:17,472 [INFO] Updated metadata: love_is_a_witch.html
2026-01-19 18:06:17,611 [INFO] Updated metadata: love_me_tender.html
2026-01-19 18:06:17,634 [INFO] Updated metadata: love_offline.html
2026-01-19 18:06:17,801 [INFO] Updated metadata: love_persevering.html
2026-01-19 18:06:18,222 [INFO] Updated metadata: luminous.html
2026-01-19 18:06:18,291 [INFO] Updated metadata: mandevillas.html
2026-01-19 18:06:18,351 [INFO] Updated metadata: meetcute.html
2026-01-19 18:06:18,481 [INFO] Updated metadata: meet_me_at_the_end.html
2026-01-19 18:06:18,499 [INFO] Updated metadata: merry_christmas_i_think.html
2026-01-19 18:06:18,502 [INFO] Renamed merry_christmas_i_think.html -> merry_christmas_i_think_ill_miss_this_one_this_year.html
2026-01-19 18:06:18,922 [INFO] Updated metadata: mrs_and_amp_mrs_harkness-vidal.html
2026-01-19 18:06:19,597 [INFO] Updated metadata: my_boy_builds_coffins.html
2026-01-19 18:06:19,984 [INFO] Updated metadata: my_cries_and_your_whispers.html
2026-01-19 18:06:20,100 [INFO] Updated metadata: my_love_mine_all_mine.html
2026-01-19 18:06:20,235 [INFO] Updated metadata: my_safeword_is_safeword.html
2026-01-19 18:06:20,266 [INFO] Updated metadata: naughty_and_amp_nice.html
2026-01-19 18:06:20,769 [INFO] Updated metadata: night_shift.html
2026-01-19 18:06:20,903 [INFO] Updated metadata: Nothing_Shameful.html
2026-01-19 18:06:21,125 [INFO] Updated metadata: not_my_type.html
2026-01-19 18:06:21,171 [INFO] Updated metadata: not_over_dramatic_i_know_what_i_want.html
2026-01-19 18:06:21,438 [INFO] Updated metadata: number_13.html
2026-01-19 18:06:21,516 [INFO] Updated metadata: obsessed.html
2026-01-19 18:06:21,736 [INFO] Updated metadata: one_way_or_another.html
2026-01-19 18:06:21,912 [INFO] Updated metadata: power_play.html
2026-01-19 18:06:22,026 [INFO] Updated metadata: purple_and_green.html
2026-01-19 18:06:22,089 [INFO] Updated metadata: Pushing_It_Down_and.html
2026-01-19 18:06:22,199 [INFO] Overwrote pushing_it_down_and_praying.html with updated Pushing_It_Down_and.html
2026-01-19 18:06:22,253 [INFO] Updated metadata: pushing_it_down_and_praying.html
2026-01-19 18:06:22,422 [INFO] Updated metadata: put_it_on_the_line.html
2026-01-19 18:06:22,630 [INFO] Updated metadata: put_your_fangs_in_me.html
2026-01-19 18:06:22,729 [INFO] Updated metadata: Questions.html
2026-01-19 18:06:22,903 [INFO] Updated metadata: reaching_out_for_more.html
2026-01-19 18:06:22,960 [INFO] Updated metadata: red_in_claw_red_in_love.html
2026-01-19 18:06:23,016 [INFO] Updated metadata: red_thread_of_fate.html
2026-01-19 18:06:23,423 [INFO] Updated metadata: rented_hearts.html
2026-01-19 18:06:23,472 [INFO] Updated metadata: rios_toxic_embrace.html
2026-01-19 18:06:23,789 [INFO] Updated metadata: rio_vidal_does_not_give_a_damn.html
2026-01-19 18:06:24,071 [INFO] Updated metadata: roommates_of_destruction.html
2026-01-19 18:06:24,178 [INFO] Updated metadata: roses_are_red_orchids_arepurple.html
2026-01-19 18:06:24,237 [INFO] Updated metadata: roster.html
2026-01-19 18:06:24,294 [INFO] Updated metadata: rules_for_co-parenting_with_your_witch_of_an_ex.html
2026-01-19 18:06:24,374 [INFO] Updated metadata: scherzo.html
2026-01-19 18:06:25,115 [INFO] Updated metadata: Second_Chances.html
2026-01-19 18:06:25,177 [INFO] Updated metadata: secrets_and_amp_suspenders.html
2026-01-19 18:06:25,265 [INFO] Updated metadata: shatter_your_illusions.html
2026-01-19 18:06:25,311 [INFO] Updated metadata: she_drives_me_crazy.html
2026-01-19 18:06:25,401 [INFO] Updated metadata: she_gets_the_job_done.html
2026-01-19 18:06:25,576 [INFO] Updated metadata: she_looks_like_the_real_thing_she_tastes_like_the_real_thing.html
2026-01-19 18:06:26,021 [INFO] Updated metadata: silver_springs.html
2026-01-19 18:06:26,238 [INFO] Updated metadata: Softballs_A_Witch.html
2026-01-19 18:06:26,343 [INFO] Updated metadata: Somebody_to_Hold.html
2026-01-19 18:06:26,767 [INFO] Updated metadata: Somewhere_Only_We_Know_A.html
2026-01-19 18:06:26,775 [INFO] Renamed Somewhere_Only_We_Know_A.html -> somewhere_only_we_know_a_professor_au.html
2026-01-19 18:06:27,048 [INFO] Updated metadata: Stuck_In_Orbit.html
2026-01-19 18:06:27,303 [INFO] Updated metadata: sugar_and_honey.html
2026-01-19 18:06:27,524 [INFO] Updated metadata: summa_cum_laude.html
2026-01-19 18:06:27,722 [INFO] Updated metadata: take_it_from_the_top_you_are_a_bottom.html
2026-01-19 18:06:27,900 [INFO] Updated metadata: tempus_voluntas_spatium.html
2026-01-19 18:06:27,932 [INFO] Updated metadata: theres_no_one_else_who_could_the_only_one_is_you.html
2026-01-19 18:06:27,982 [INFO] Updated metadata: theres_something_just_a_little_more_than_ecstasy.html
2026-01-19 18:06:28,091 [INFO] Updated metadata: there_is_no_death_for_witches_only_transformation.html
2026-01-19 18:06:28,218 [WARNING] the_art_of_appearances.html: no <title>; will fall back to filename for rename
2026-01-19 18:06:28,267 [INFO] Updated metadata: the_art_of_appearances.html
2026-01-19 18:06:28,553 [INFO] Updated metadata: the_art_of_keeping_a_secret.html
2026-01-19 18:06:28,699 [INFO] Updated metadata: the_bad_thing.html
2026-01-19 18:06:28,764 [INFO] Updated metadata: The_bartender_and_the.html
2026-01-19 18:06:28,768 [INFO] Renamed The_bartender_and_the.html -> the_bartender_and_the_nerd.html
2026-01-19 18:06:28,887 [INFO] Updated metadata: the_beach_house.html
2026-01-19 18:06:29,196 [INFO] Updated metadata: The_Best_Medicine.html
2026-01-19 18:06:29,271 [INFO] Updated metadata: The_Birthday_Gift.html
2026-01-19 18:06:29,411 [INFO] Updated metadata: the_case_of_the_robbery_gone_wrong.html
2026-01-19 18:06:29,485 [INFO] Updated metadata: the_dare.html
2026-01-19 18:06:29,560 [INFO] Updated metadata: the_devil_you_know.html
2026-01-19 18:06:29,651 [INFO] Updated metadata: the_ethics_of_attraction.html
2026-01-19 18:06:29,705 [INFO] Updated metadata: the_gift.html
2026-01-19 18:06:30,131 [INFO] Updated metadata: the_gold_and_the_rust_the_color_erupts.html
2026-01-19 18:06:30,368 [INFO] Updated metadata: The_Happiest_Season.html
2026-01-19 18:06:30,461 [INFO] Updated metadata: the_heart_of_death.html
2026-01-19 18:06:30,568 [INFO] Updated metadata: the_heat_is_on.html
2026-01-19 18:06:30,686 [INFO] Updated metadata: the_holiday.html
2026-01-19 18:06:30,766 [INFO] Updated metadata: the_neutral_ground.html
2026-01-19 18:06:30,935 [INFO] Updated metadata: the_peculiar_patient.html
2026-01-19 18:06:31,047 [INFO] Updated metadata: the_road_twists_and_turns.html
2026-01-19 18:06:31,193 [INFO] Updated metadata: the_scientific_method_of_falling_apart.html
2026-01-19 18:06:31,566 [INFO] Updated metadata: the_space_between_notes.html
2026-01-19 18:06:31,702 [INFO] Updated metadata: the_tales_of_new_salem.html
2026-01-19 18:06:32,178 [INFO] Updated metadata: The_Thread_Of_Fate.html
2026-01-19 18:06:32,250 [INFO] Updated metadata: the_way_i_feel_about_you_baby_cant_explain_it.html
2026-01-19 18:06:32,547 [INFO] Updated metadata: The_Witches_Bodyguard.html
2026-01-19 18:06:32,751 [INFO] Updated metadata: the_witchy_CEO.html
2026-01-19 18:06:33,015 [INFO] Updated metadata: The_Witch_and_The_Wolf.html
2026-01-19 18:06:33,141 [INFO] Updated metadata: the_world_reversed.html
2026-01-19 18:06:33,493 [INFO] Updated metadata: thirst_trap.html
2026-01-19 18:06:33,661 [INFO] Updated metadata: time_in_a_bottle.html
2026-01-19 18:06:33,761 [INFO] Updated metadata: time_warp.html
2026-01-19 18:06:33,887 [INFO] Updated metadata: udon_know_how_much_i_crave_you.html
2026-01-19 18:06:33,952 [INFO] Updated metadata: underneath_the_tree.html
2026-01-19 18:06:34,248 [INFO] Updated metadata: unlock_thy_hidden_gate.html
2026-01-19 18:06:34,425 [INFO] Updated metadata: unmoored_by_your_presence.html
2026-01-19 18:06:34,895 [INFO] Updated metadata: unraveled.html
2026-01-19 18:06:34,966 [INFO] Updated metadata: unsatisfied_i_skip_my_pride.html
2026-01-19 18:06:35,040 [INFO] Updated metadata: untitleddssfic.html
2026-01-19 18:06:35,150 [INFO] Updated metadata: velvet_ring.html
2026-01-19 18:06:35,357 [INFO] Updated metadata: Vidal_Books.html
2026-01-19 18:06:35,430 [INFO] Updated metadata: want_take_have.html
2026-01-19 18:06:35,557 [INFO] Updated metadata: War_of_Hearts.html
2026-01-19 18:06:35,932 [INFO] Updated metadata: well_i_wonder.html
2026-01-19 18:06:36,132 [INFO] Updated metadata: were_never_done.html
2026-01-19 18:06:36,607 [INFO] Updated metadata: we_found_each_other_in_the_dark.html
2026-01-19 18:06:36,641 [INFO] Updated metadata: what_a_night.html
2026-01-19 18:06:36,783 [INFO] Updated metadata: what_a_terrifying_work_of_art.html
2026-01-19 18:06:36,856 [INFO] Updated metadata: what_if_its_not_meant_for_me.html
2026-01-19 18:06:36,933 [INFO] Updated metadata: what_if_my_heart_belongs_to_you.html
2026-01-19 18:06:37,051 [INFO] Updated metadata: What_the_Body_Knows.html
2026-01-19 18:06:37,361 [INFO] Updated metadata: when_heartbreak_meets_jealousy.html
2026-01-19 18:06:37,416 [INFO] Updated metadata: when_we_kiss_i_have_anger_issues.html
2026-01-19 18:06:37,545 [INFO] Updated metadata: where_we_belong.html
2026-01-19 18:06:37,790 [INFO] Updated metadata: why_dont_you_want_me.html
2026-01-19 18:06:37,981 [INFO] Updated metadata: wicked_witchcraft.html
2026-01-19 18:06:38,046 [INFO] Updated metadata: witchcraft_filling_your_void.html
2026-01-19 18:06:38,093 [INFO] Updated metadata: within_reach.html
2026-01-19 18:06:38,341 [INFO] Updated metadata: Work_and_Play_Ball.html
2026-01-19 18:06:38,523 [INFO] Updated metadata: wrong_number.html
2026-01-19 18:06:38,760 [INFO] Updated metadata: youd_have_to_stop_the_world.html
2026-01-19 18:06:38,943 [INFO] Updated metadata: youll_find_me_on_my_tallest_tiptoes.html
2026-01-19 18:06:39,112 [INFO] Updated metadata: youll_just_have_to_taste_me_when_shes_kissin_you.html
2026-01-19 18:06:39,232 [INFO] Updated metadata: Youre_Welcome_to_Try_You.html
2026-01-19 18:06:39,248 [INFO] Renamed Youre_Welcome_to_Try_You.html -> youre_welcome_to_try_you_wouldnt_be_the_first_one_to_fail.html
2026-01-19 18:06:39,353 [INFO] Updated metadata: you_arent_mine_for_the_taking.html
2026-01-19 18:06:39,504 [INFO] Updated metadata: you_got_me_looking_so_crazy_right_now.html
2026-01-19 18:06:39,572 [INFO] Updated metadata: you_look_so_pretty_when_youre_on_your_knees.html
2026-01-19 18:06:39,597 [INFO] Updated metadata: you_make_loving_fun.html
2026-01-19 18:06:39,761 [INFO] Updated metadata: you_may_not_be_mine_but_i_could_be_yours.html
2026-01-19 18:07:18,966 [INFO] Index created: C:\Users\willo\OneDrive\Documents\GitHub\fics\ficArchive\index.html
