2026-04-27 23:48:12,591 [INFO] Logging to: logs\renamer_20260427_234812.log
2026-04-27 23:48:12,591 [INFO] === Fanfic archive processing: START ===
2026-04-27 23:48:12,593 [INFO] Folder: C:\Users\willo\OneDrive\Documents\GitHub\fics\ficArchive
2026-04-27 23:48:12,593 [INFO] Phase 1/2: Updating metadata + renaming files...
2026-04-27 23:48:12,835 [INFO] Updated metadata: 1111.html
2026-04-27 23:48:12,943 [INFO] Updated metadata: accidental_add.html
2026-04-27 23:48:12,969 [INFO] Updated metadata: adagietto.html
2026-04-27 23:48:13,049 [INFO] Updated metadata: agathario_fake_dating_au.html
2026-04-27 23:48:13,117 [INFO] Updated metadata: agatha_all_along_week_2025.html
2026-04-27 23:48:13,229 [INFO] Updated metadata: alambre_pua.html
2026-04-27 23:48:13,367 [INFO] Updated metadata: albatross.html
2026-04-27 23:48:13,381 [INFO] Updated metadata: all_in_paradise.html
2026-04-27 23:48:13,603 [INFO] Updated metadata: all_roads_lead_to_this.html
2026-04-27 23:48:13,669 [INFO] Updated metadata: all_the_things_we_could_do.html
2026-04-27 23:48:13,686 [INFO] Updated metadata: all_the_time_in_the_world.html
2026-04-27 23:48:13,753 [INFO] Updated metadata: amor_prohibido.html
2026-04-27 23:48:13,764 [INFO] Updated metadata: and_fill_my_blank_page.html
2026-04-27 23:48:13,781 [INFO] Updated metadata: and_well_be_together_forever_and_amp_ever_more.html
2026-04-27 23:48:13,972 [INFO] Updated metadata: an_unexpected_visitor.html
2026-04-27 23:48:13,985 [INFO] Updated metadata: ask_me_nicely_from_your_knees.html
2026-04-27 23:48:14,027 [INFO] Updated metadata: astonishment_and_joy.html
2026-04-27 23:48:14,722 [INFO] Updated metadata: at_the_still_point_of_the_turning_world.html
2026-04-27 23:48:14,784 [INFO] Updated metadata: a_decade_between_us.html
2026-04-27 23:48:15,010 [INFO] Updated metadata: a_different_way_to_be.html
2026-04-27 23:48:15,016 [INFO] Renamed a_different_way_to_be.html -> a_different_way_to_be_flcv.html
2026-04-27 23:48:15,038 [INFO] Updated metadata: a_drunken_menace.html
2026-04-27 23:48:15,244 [INFO] Updated metadata: A_Familiar_Sort_of_Voice.html
2026-04-27 23:48:15,252 [INFO] Renamed A_Familiar_Sort_of_Voice.html -> a_familiar_sort_of_voice_sageandviolet.html
2026-04-27 23:48:15,459 [INFO] Updated metadata: a_kingdom_by_the_night.html
2026-04-27 23:48:15,914 [INFO] Updated metadata: A_Tentative_Ellipsis_the.html
2026-04-27 23:48:15,920 [INFO] Renamed A_Tentative_Ellipsis_the.html -> a_tentative_ellipsis_the_parting_of_your_lips_and_the_ache_in_your_eyes_sweetmidnights.html
2026-04-27 23:48:16,326 [INFO] Updated metadata: a_tentative_ellipsis_the_parting_of_your_lips_and_the_ache_in_your_eyes.html
2026-04-27 23:48:16,426 [INFO] Updated metadata: a_witch_in_salem.html
2026-04-27 23:48:16,435 [INFO] Updated metadata: baby_its_fate_not_luck.html
2026-04-27 23:48:16,697 [INFO] Updated metadata: ban_all_the_music.html
2026-04-27 23:48:16,785 [INFO] Updated metadata: beneath_the_scars.html
2026-04-27 23:48:16,932 [INFO] Updated metadata: beneath_the_stars.html
2026-04-27 23:48:16,985 [INFO] Updated metadata: between_the_flames_and_her_eyes.html
2026-04-27 23:48:17,000 [INFO] Updated metadata: bewitched.html
2026-04-27 23:48:17,010 [INFO] Updated metadata: bitches_i_dont_trust_them_but_they_give_me_what_i_want_for_the_night.html
2026-04-27 23:48:17,040 [INFO] Updated metadata: blade_of_grass.html
2026-04-27 23:48:17,053 [INFO] Updated metadata: blood_in_the_water_everyone_wants_her.html
2026-04-27 23:48:17,115 [INFO] Updated metadata: bound_by_oath_undone_by_you.html
2026-04-27 23:48:17,164 [INFO] Updated metadata: broken_deal.html
2026-04-27 23:48:17,265 [INFO] Updated metadata: bush_league.html
2026-04-27 23:48:17,333 [INFO] Updated metadata: but_i_love_you_just_the_same.html
2026-04-27 23:48:17,819 [INFO] Updated metadata: But_We_Cant.html
2026-04-27 23:48:18,099 [INFO] Updated metadata: By_Blood_and_Bloom.html
2026-04-27 23:48:18,147 [INFO] Updated metadata: cake_by_the_pound.html
2026-04-27 23:48:18,154 [INFO] Renamed cake_by_the_pound.html -> cake_by_the_pound_saturnreturn.html
2026-04-27 23:48:18,169 [INFO] Updated metadata: candlelight_whispers_me_where_to_go.html
2026-04-27 23:48:18,447 [INFO] Updated metadata: Cant_Be_a_Good_Girl_Even.html
2026-04-27 23:48:18,455 [INFO] Renamed Cant_Be_a_Good_Girl_Even.html -> cant_be_a_good_girl_even_if_i_tried_rhodiumdark.html
2026-04-27 23:48:18,669 [INFO] Updated metadata: cant_be_a_good_girl_even_if_i_tried.html
2026-04-27 23:48:18,700 [INFO] Updated metadata: catalysis.html
2026-04-27 23:48:18,866 [INFO] Updated metadata: catch_me_when_i_fall_for_you.html
2026-04-27 23:48:18,874 [INFO] Updated metadata: cause_nobody_knows_you_better.html
2026-04-27 23:48:18,890 [INFO] Updated metadata: Certified_Pre-Owned.html
2026-04-27 23:48:19,343 [INFO] Updated metadata: Chance_to_Fix.html
2026-04-27 23:48:19,357 [INFO] Updated metadata: checkmate.html
2026-04-27 23:48:19,395 [INFO] Updated metadata: circling_around_the_same.html
2026-04-27 23:48:19,402 [INFO] Renamed circling_around_the_same.html -> circling_around_the_same_star_thetroublewithwanting.html
2026-04-27 23:48:19,473 [INFO] Updated metadata: close_enough_for_love.html
2026-04-27 23:48:19,488 [INFO] Updated metadata: close_to_you.html
2026-04-27 23:48:19,561 [INFO] Updated metadata: cool_about_it.html
2026-04-27 23:48:19,598 [INFO] Updated metadata: creator_you_destroy_me.html
2026-04-27 23:48:19,762 [INFO] Updated metadata: crescendo.html
2026-04-27 23:48:19,975 [INFO] Updated metadata: dearest_agatha.html
2026-04-27 23:48:20,051 [INFO] Updated metadata: deaths_echo.html
2026-04-27 23:48:20,103 [INFO] Updated metadata: dea_pascit_corvos.html
2026-04-27 23:48:20,108 [INFO] Renamed dea_pascit_corvos.html -> dea_pascit_corvos_anonfandombandit.html
2026-04-27 23:48:20,126 [INFO] Updated metadata: decemberism.html
2026-04-27 23:48:20,139 [INFO] Updated metadata: devotion_is_for_fools.html
2026-04-27 23:48:20,230 [INFO] Updated metadata: disdainfully_hers.html
2026-04-27 23:48:20,337 [INFO] Updated metadata: dont_be_afraid_of_me_im_what_you_need.html
2026-04-27 23:48:20,363 [INFO] Updated metadata: dont_handle_me_with_care.html
2026-04-27 23:48:20,418 [INFO] Updated metadata: Do_I_Cross_Your_Mind.html
2026-04-27 23:48:20,426 [INFO] Renamed Do_I_Cross_Your_Mind.html -> do_i_cross_your_mind_cause_youve_always_been_on_mine_karadxnvers.html
2026-04-27 23:48:20,596 [INFO] Updated metadata: Eight.html
2026-04-27 23:48:20,655 [INFO] Updated metadata: Everlong.html
2026-04-27 23:48:20,975 [INFO] Updated metadata: everything_looks_better_in_hindsight.html
2026-04-27 23:48:21,031 [INFO] Updated metadata: exceptions.html
2026-04-27 23:48:21,578 [INFO] Updated metadata: falling_for_the_enemy.html
2026-04-27 23:48:21,688 [INFO] Updated metadata: family_line.html
2026-04-27 23:48:21,741 [INFO] Updated metadata: feel_it_burnwatch_it_glow.html
2026-04-27 23:48:21,960 [INFO] Updated metadata: feel_the_love_of_her.html
2026-04-27 23:48:21,967 [INFO] Renamed feel_the_love_of_her.html -> feel_the_love_of_her_caress_she_will_be_your_living_end_charmyquark.html
2026-04-27 23:48:22,121 [INFO] Updated metadata: figured_you_out.html
2026-04-27 23:48:22,150 [INFO] Updated metadata: Five_Days_Four_Nights.html
2026-04-27 23:48:22,183 [INFO] Updated metadata: five_seconds.html
2026-04-27 23:48:22,342 [INFO] Updated metadata: fold_your_wings.html
2026-04-27 23:48:22,374 [INFO] Updated metadata: for_the_love_of_spring.html
2026-04-27 23:48:23,403 [INFO] Updated metadata: for_your_consideration.html
2026-04-27 23:48:23,463 [INFO] Updated metadata: for_you_i_would_cross.html
2026-04-27 23:48:23,469 [INFO] Renamed for_you_i_would_cross.html -> for_you_i_would_cross_the_line_quinnking.html
2026-04-27 23:48:23,604 [INFO] Updated metadata: For_You_To_Be_Still.html
2026-04-27 23:48:23,623 [INFO] Updated metadata: garden_of_eden.html
2026-04-27 23:48:23,777 [INFO] Updated metadata: get_you_where_you_wanna.html
2026-04-27 23:48:23,784 [INFO] Renamed get_you_where_you_wanna.html -> get_you_where_you_wanna_go_if_you_know_what_i_mean_sobercatnip.html
2026-04-27 23:48:23,800 [INFO] Updated metadata: giving_my_heart_over_to_you.html
2026-04-27 23:48:24,136 [INFO] Updated metadata: glitter_glue_and_signs_of_life.html
2026-04-27 23:48:24,430 [INFO] Updated metadata: god_is_a_woman.html
2026-04-27 23:48:24,752 [INFO] Updated metadata: god_knows_you_need_it.html
2026-04-27 23:48:24,963 [INFO] Updated metadata: going_viral.html
2026-04-27 23:48:24,981 [INFO] Updated metadata: green_is_the_colour_of_her_kind.html
2026-04-27 23:48:25,129 [INFO] Updated metadata: guilty_as_sin.html
2026-04-27 23:48:25,157 [INFO] Updated metadata: happiest_season.html
2026-04-27 23:48:25,254 [INFO] Updated metadata: harkness.html
2026-04-27 23:48:25,575 [INFO] Updated metadata: harkness_pathology.html
2026-04-27 23:48:25,609 [INFO] Updated metadata: heart_beats_like_a_drummer.html
2026-04-27 23:48:25,653 [INFO] Updated metadata: Help_Im_Alive.html
2026-04-27 23:48:25,659 [INFO] Renamed Help_Im_Alive.html -> help_im_alive_paddingtonfan69.html
2026-04-27 23:48:26,143 [INFO] Updated metadata: here_with_you_now.html
2026-04-27 23:48:26,384 [INFO] Updated metadata: high_infidelity.html
2026-04-27 23:48:26,556 [INFO] Updated metadata: honey_youre_familiar.html
2026-04-27 23:48:26,828 [INFO] Updated metadata: how_it_started.html
2026-04-27 23:48:26,882 [INFO] Updated metadata: how_many_corners_do_i_have_to_turn_how_many_times_do_i_have_to_learn.html
2026-04-27 23:48:27,605 [INFO] Updated metadata: if_this_was_a_movie.html
2026-04-27 23:48:27,680 [INFO] Updated metadata: if_youre_not_falling_youre_not_trying.html
2026-04-27 23:48:27,979 [INFO] Updated metadata: illicit_affairs.html
2026-04-27 23:48:28,004 [INFO] Updated metadata: ill_be_your_distraction.html
2026-04-27 23:48:28,076 [INFO] Updated metadata: ill_be_your_garbage_man.html
2026-04-27 23:48:28,182 [INFO] Updated metadata: ill_follow_you_down_til_the_sound_of_my_voice_will_haunt_you.html
2026-04-27 23:48:28,246 [INFO] Updated metadata: Ill_Give_What_I_Get.html
2026-04-27 23:48:28,297 [INFO] Updated metadata: ill_hear_you_even_when_you_cant_speak.html
2026-04-27 23:48:28,475 [INFO] Updated metadata: Ill_keep_you_safe_you.html
2026-04-27 23:48:28,482 [INFO] Renamed Ill_keep_you_safe_you.html -> ill_keep_you_safe_you_have_my_word_echolux.html
2026-04-27 23:48:28,511 [INFO] Updated metadata: im_leaving_here_with_you.html
2026-04-27 23:48:28,865 [INFO] Updated metadata: im_sorry_i_love_you.html
2026-04-27 23:48:28,897 [INFO] Updated metadata: Im_Yours.html
2026-04-27 23:48:28,972 [INFO] Updated metadata: in_the_deep_end.html
2026-04-27 23:48:29,311 [INFO] Updated metadata: in_the_mirror_of_your.html
2026-04-27 23:48:29,318 [INFO] Renamed in_the_mirror_of_your.html -> in_the_mirror_of_your_eyes_beethernuts.html
2026-04-27 23:48:29,489 [INFO] Updated metadata: in_the_mirror_of_your_eyes.html
2026-04-27 23:48:29,877 [INFO] Updated metadata: in_the_shadows_of_the_pines.html
2026-04-27 23:48:30,216 [INFO] Updated metadata: Is_It_Casual_Now.html
2026-04-27 23:48:30,260 [INFO] Updated metadata: itll_all_work_out.html
2026-04-27 23:48:30,732 [INFO] Updated metadata: its_bloody_and_raw_but_i_swear_its_sweet.html
2026-04-27 23:48:30,754 [INFO] Updated metadata: its_bloody_and_raw_but_i_swear_it_is_sweet.html
2026-04-27 23:48:30,780 [INFO] Updated metadata: its_cliched_to_be_cynical_at_christmas.html
2026-04-27 23:48:30,896 [INFO] Updated metadata: its_just_in_my_nature.html
2026-04-27 23:48:31,160 [INFO] Updated metadata: its_never_quite_as_it_seems_hiyouve_got_mail.html
2026-04-27 23:48:31,636 [INFO] Updated metadata: its_strictly_business.html
2026-04-27 23:48:31,729 [INFO] Updated metadata: I_Am_No_Mother_I_Am_No.html
2026-04-27 23:48:31,734 [INFO] Renamed I_Am_No_Mother_I_Am_No.html -> i_am_no_mother_i_am_no_bride_midwestprincess_01.html
2026-04-27 23:48:31,753 [INFO] Updated metadata: i_am_no_mother_i_am_no_bride.html
2026-04-27 23:48:31,876 [INFO] Updated metadata: i_could_not_stop_for_death.html
2026-04-27 23:48:31,989 [INFO] Updated metadata: i_didnt_ask_for_this.html
2026-04-27 23:48:32,019 [INFO] Updated metadata: i_dont_care_that_youre_a_stoner_fall_right_into_me.html
2026-04-27 23:48:32,077 [INFO] Updated metadata: I_follow_your_perfume.html
2026-04-27 23:48:32,211 [INFO] Updated metadata: i_let_my_head_spin_take_all_the_weight_off_my_shoulders.html
2026-04-27 23:48:32,301 [INFO] Updated metadata: I_see_you_youre_walking.html
2026-04-27 23:48:32,307 [INFO] Renamed I_see_you_youre_walking.html -> i_see_you_youre_walking_cross_the_campus_queerenough.html
2026-04-27 23:48:32,343 [INFO] Updated metadata: i_see_you_youre_walking_cross_the_campus.html
2026-04-27 23:48:32,511 [INFO] Updated metadata: i_still_shut_my_eyes.html
2026-04-27 23:48:32,984 [INFO] Updated metadata: i_tore_you_apart_in_my_head.html
2026-04-27 23:48:33,101 [INFO] Updated metadata: I_Wanna_Be_YoursYoure.html
2026-04-27 23:48:33,135 [INFO] Renamed I_Wanna_Be_YoursYoure.html -> i_wanna_be_yoursyoure_all_i_want_rioallalong_719.html
2026-04-27 23:48:33,155 [INFO] Updated metadata: i_want_you_on_me_with_both_your_hands.html
2026-04-27 23:48:33,179 [INFO] Updated metadata: i_was_your_starry_eyed_lover_and_the_one_that_you_saw.html
2026-04-27 23:48:33,192 [INFO] Updated metadata: i_will_wait_up_for_you_dear.html
2026-04-27 23:48:33,272 [INFO] Updated metadata: i_wonder_which_cup_youll_drink_from_i_hope_its_mine.html
2026-04-27 23:48:33,344 [INFO] Updated metadata: just_between_us_did_the_love_affair_maim_you_too.html
2026-04-27 23:48:33,383 [INFO] Updated metadata: just_hold_on.html
2026-04-27 23:48:33,412 [INFO] Updated metadata: juxtaposition_in_fate.html
2026-04-27 23:48:33,448 [INFO] Updated metadata: kaleidoscope.html
2026-04-27 23:48:33,479 [INFO] Updated metadata: kiss_my_petals_weave_me_through_a_dream.html
2026-04-27 23:48:33,545 [INFO] Updated metadata: let_go.html
2026-04-27 23:48:33,575 [INFO] Updated metadata: let_me_wrap_my_teeth_around_the_world.html
2026-04-27 23:48:33,662 [INFO] Updated metadata: life_after_love_can_we_find_it_again.html
2026-04-27 23:48:33,747 [INFO] Updated metadata: like_a_hurricane.html
2026-04-27 23:48:33,813 [INFO] Updated metadata: lost_for_words.html
2026-04-27 23:48:33,840 [INFO] Updated metadata: love_and_amp_politics.html
2026-04-27 23:48:33,873 [INFO] Updated metadata: love_is_a_four_letter_word.html
2026-04-27 23:48:33,986 [INFO] Updated metadata: love_is_a_witch.html
2026-04-27 23:48:34,136 [INFO] Updated metadata: love_me_tender.html
2026-04-27 23:48:34,160 [INFO] Updated metadata: love_offline.html
2026-04-27 23:48:34,390 [INFO] Updated metadata: love_persevering.html
2026-04-27 23:48:34,451 [INFO] Updated metadata: love_poetry_biology.html
2026-04-27 23:48:34,457 [INFO] Renamed love_poetry_biology.html -> love_poetry_biology_anonfandombandit.html
2026-04-27 23:48:34,873 [INFO] Updated metadata: luminous.html
2026-04-27 23:48:34,904 [INFO] Updated metadata: mandevillas.html
2026-04-27 23:48:35,074 [INFO] Updated metadata: material_substance.html
2026-04-27 23:48:35,081 [INFO] Renamed material_substance.html -> material_substance_feral_streep.html
2026-04-27 23:48:35,121 [INFO] Updated metadata: meetcute.html
2026-04-27 23:48:35,193 [INFO] Updated metadata: meet_me_at_the_end.html
2026-04-27 23:48:35,211 [INFO] Updated metadata: merry_christmas_i_think_ill_miss_this_one_this_year.html
2026-04-27 23:48:35,823 [INFO] Updated metadata: mrs_and_amp_mrs_harkness-vidal.html
2026-04-27 23:48:36,533 [INFO] Updated metadata: my_boy_builds_coffins.html
2026-04-27 23:48:36,843 [INFO] Updated metadata: my_cries_and_your_whispers.html
2026-04-27 23:48:37,022 [INFO] Updated metadata: my_love_mine_all_mine.html
2026-04-27 23:48:37,171 [INFO] Updated metadata: my_safeword_is_safeword.html
2026-04-27 23:48:37,211 [INFO] Updated metadata: my_side_of_the_story.html
2026-04-27 23:48:37,263 [INFO] Updated metadata: naughty_and_amp_nice.html
2026-04-27 23:48:37,348 [INFO] Updated metadata: Next_time_you_call_Ill.html
2026-04-27 23:48:37,354 [INFO] Renamed Next_time_you_call_Ill.html -> next_time_you_call_ill_be_your_girl_whatawks.html
2026-04-27 23:48:37,407 [INFO] Updated metadata: next_time_you_call_ill_be_your_girl.html
2026-04-27 23:48:37,441 [INFO] Updated metadata: nightmare_of_a_dream_girl.html
2026-04-27 23:48:38,108 [INFO] Updated metadata: night_shift.html
2026-04-27 23:48:38,117 [INFO] Updated metadata: night_verses.html
2026-04-27 23:48:38,304 [INFO] Updated metadata: nothing_shameful.html
2026-04-27 23:48:38,506 [INFO] Updated metadata: not_my_type.html
2026-04-27 23:48:38,520 [INFO] Updated metadata: not_over_dramatic_i_know_what_i_want.html
2026-04-27 23:48:38,537 [INFO] Updated metadata: now_we_drop_our_composure.html
2026-04-27 23:48:38,841 [INFO] Updated metadata: number_13.html
2026-04-27 23:48:38,888 [INFO] Updated metadata: obsessed.html
2026-04-27 23:48:38,911 [INFO] Updated metadata: oh_the_sunlit_haze.html
2026-04-27 23:48:39,029 [INFO] Updated metadata: one_happy_camper.html
2026-04-27 23:48:39,259 [INFO] Updated metadata: one_way_or_another.html
2026-04-27 23:48:39,276 [INFO] Updated metadata: over_a_bridge_and_into_love.html
2026-04-27 23:48:39,306 [INFO] Updated metadata: perfect_catch.html
2026-04-27 23:48:39,438 [INFO] Updated metadata: power_play.html
2026-04-27 23:48:39,566 [INFO] Updated metadata: primadonna.html
2026-04-27 23:48:39,674 [INFO] Updated metadata: purple_and_green.html
2026-04-27 23:48:39,799 [INFO] Updated metadata: pushing_it_down_and_praying.html
2026-04-27 23:48:39,920 [INFO] Updated metadata: put_it_on_the_line.html
2026-04-27 23:48:40,169 [INFO] Updated metadata: put_your_fangs_in_me.html
2026-04-27 23:48:40,213 [INFO] Updated metadata: Questions.html
2026-04-27 23:48:40,465 [INFO] Updated metadata: reaching_out_for_more.html
2026-04-27 23:48:40,490 [INFO] Updated metadata: red_in_claw_red_in_love.html
2026-04-27 23:48:40,505 [INFO] Updated metadata: red_thread_of_fate.html
2026-04-27 23:48:40,881 [INFO] Updated metadata: rented_hearts.html
2026-04-27 23:48:40,950 [INFO] Updated metadata: Ri-0.html
2026-04-27 23:48:40,959 [INFO] Renamed Ri-0.html -> ri-0_coven_crafted.html
2026-04-27 23:48:40,977 [INFO] Updated metadata: rios_toxic_embrace.html
2026-04-27 23:48:41,337 [INFO] Updated metadata: rio_vidal_does_not_give_a_damn.html
2026-04-27 23:48:41,668 [INFO] Updated metadata: roommates_of_destruction.html
2026-04-27 23:48:41,731 [INFO] Updated metadata: roses_are_red_orchids_arepurple.html
2026-04-27 23:48:41,750 [INFO] Updated metadata: roster.html
2026-04-27 23:48:41,801 [INFO] Updated metadata: rules_for_co-parenting_with_your_witch_of_an_ex.html
2026-04-27 23:48:41,874 [INFO] Updated metadata: scherzo.html
2026-04-27 23:48:42,792 [INFO] Updated metadata: Second_Chances.html
2026-04-27 23:48:42,808 [INFO] Updated metadata: secrets_and_amp_suspenders.html
2026-04-27 23:48:42,859 [INFO] Updated metadata: serpents_stone.html
2026-04-27 23:48:42,893 [INFO] Updated metadata: sex_love_unholy_truth.html
2026-04-27 23:48:42,951 [INFO] Updated metadata: shatter_your_illusions.html
2026-04-27 23:48:42,970 [INFO] Updated metadata: she_depends_on_you.html
2026-04-27 23:48:42,990 [INFO] Updated metadata: she_drives_me_crazy.html
2026-04-27 23:48:43,109 [INFO] Updated metadata: she_gets_the_job_done.html
2026-04-27 23:48:43,305 [INFO] Updated metadata: she_looks_like_the_real_thing_she_tastes_like_the_real_thing.html
2026-04-27 23:48:43,833 [INFO] Updated metadata: silver_springs.html
2026-04-27 23:48:44,186 [INFO] Updated metadata: Softballs_A_Witch.html
2026-04-27 23:48:44,405 [INFO] Updated metadata: somebody_to_hold.html
2026-04-27 23:48:45,037 [INFO] Updated metadata: somewhere_only_we_know_a_professor_au.html
2026-04-27 23:48:45,063 [INFO] Updated metadata: so_my_mother-in-law_is_god.html
2026-04-27 23:48:45,077 [INFO] Updated metadata: stay_small.html
2026-04-27 23:48:45,412 [INFO] Updated metadata: Stuck_In_Orbit.html
2026-04-27 23:48:45,693 [INFO] Updated metadata: sugar_and_honey.html
2026-04-27 23:48:45,870 [INFO] Updated metadata: summa_cum_laude.html
2026-04-27 23:48:45,884 [INFO] Updated metadata: take_it_easy.html
2026-04-27 23:48:46,070 [INFO] Updated metadata: take_it_from_the_top_you_are_a_bottom.html
2026-04-27 23:48:46,092 [INFO] Updated metadata: talk_some_sense_to_me.html
2026-04-27 23:48:46,283 [INFO] Updated metadata: tempus_voluntas_spatium.html
2026-04-27 23:48:46,318 [INFO] Updated metadata: theres_no_one_else_who_could_the_only_one_is_you.html
2026-04-27 23:48:46,368 [INFO] Updated metadata: theres_something_just_a_little_more_than_ecstasy.html
2026-04-27 23:48:46,468 [INFO] Updated metadata: there_is_no_death_for_witches_only_transformation.html
2026-04-27 23:48:46,616 [INFO] Updated metadata: the_art_of_appearances.html
2026-04-27 23:48:46,859 [INFO] Updated metadata: the_art_of_keeping_a_secret.html
2026-04-27 23:48:46,951 [INFO] Updated metadata: the_bad_thing.html
2026-04-27 23:48:47,008 [INFO] Updated metadata: the_bartender_and_the_nerd.html
2026-04-27 23:48:47,076 [INFO] Updated metadata: the_beach_house.html
2026-04-27 23:48:47,425 [INFO] Updated metadata: the_best_medicine.html
2026-04-27 23:48:47,445 [INFO] Updated metadata: The_Birthday_Gift.html
2026-04-27 23:48:47,513 [INFO] Updated metadata: the_case_of_the_robbery_gone_wrong.html
2026-04-27 23:48:47,552 [INFO] Updated metadata: the_dare.html
2026-04-27 23:48:47,586 [INFO] Updated metadata: the_devil_you_know.html
2026-04-27 23:48:47,667 [INFO] Updated metadata: the_ethics_of_attraction.html
2026-04-27 23:48:47,677 [INFO] Updated metadata: the_gift.html
2026-04-27 23:48:48,141 [INFO] Updated metadata: the_gold_and_the_rust_the_color_erupts.html
2026-04-27 23:48:48,383 [INFO] Updated metadata: The_Happiest_Season.html
2026-04-27 23:48:48,442 [INFO] Updated metadata: the_heart_of_death.html
2026-04-27 23:48:48,501 [INFO] Updated metadata: the_heat_is_on.html
2026-04-27 23:48:48,592 [INFO] Updated metadata: the_holiday.html
2026-04-27 23:48:48,668 [INFO] Updated metadata: the_neutral_ground.html
2026-04-27 23:48:48,784 [INFO] Updated metadata: the_peculiar_patient.html
2026-04-27 23:48:48,904 [INFO] Updated metadata: The_Poison_Im_Drawn_to.html
2026-04-27 23:48:48,915 [INFO] Renamed The_Poison_Im_Drawn_to.html -> the_poison_im_drawn_to_hpprofessor1.html
2026-04-27 23:48:49,024 [INFO] Updated metadata: the_road_twists_and_turns.html
2026-04-27 23:48:49,168 [INFO] Updated metadata: the_scientific_method_of_falling_apart.html
2026-04-27 23:48:49,544 [INFO] Updated metadata: the_space_between_notes.html
2026-04-27 23:48:49,601 [INFO] Updated metadata: The_Strawberry_Thief.html
2026-04-27 23:48:49,608 [INFO] Renamed The_Strawberry_Thief.html -> the_strawberry_thief_magnolie.html
2026-04-27 23:48:49,677 [INFO] Updated metadata: the_tales_of_new_salem.html
2026-04-27 23:48:49,751 [INFO] Updated metadata: the_teacher_trap.html
2026-04-27 23:48:50,581 [INFO] Updated metadata: the_thread_of_fate.html
2026-04-27 23:48:50,597 [INFO] Updated metadata: the_time_it_takes_to_let_go.html
2026-04-27 23:48:50,684 [INFO] Updated metadata: the_way_i_feel_about_you_baby_cant_explain_it.html
2026-04-27 23:48:50,832 [INFO] Updated metadata: the_winner_takes_it_all.html
2026-04-27 23:48:50,841 [INFO] Renamed the_winner_takes_it_all.html -> the_winner_takes_it_all_lovesicksapphic.html
2026-04-27 23:48:51,286 [INFO] Updated metadata: The_Witches_Bodyguard.html
2026-04-27 23:48:51,446 [INFO] Updated metadata: the_witchy_CEO.html
2026-04-27 23:48:51,660 [INFO] Updated metadata: The_Witch_and_The_Wolf.html
2026-04-27 23:48:51,740 [INFO] Updated metadata: the_world_reversed.html
2026-04-27 23:48:52,096 [INFO] Updated metadata: thirst_trap.html
2026-04-27 23:48:52,142 [INFO] Updated metadata: this_time_you_wont_leave.html
2026-04-27 23:48:52,149 [INFO] Renamed this_time_you_wont_leave.html -> this_time_you_wont_leave_me_sinking_saturnreturn.html
2026-04-27 23:48:52,249 [INFO] Updated metadata: time_in_a_bottle.html
2026-04-27 23:48:52,309 [INFO] Updated metadata: time_warp.html
2026-04-27 23:48:52,357 [INFO] Updated metadata: Too_Sweet.html
2026-04-27 23:48:52,379 [INFO] Renamed Too_Sweet.html -> too_sweet_midwestprincess_01.html
2026-04-27 23:48:52,440 [INFO] Updated metadata: to_be_known_well.html
2026-04-27 23:48:52,446 [INFO] Renamed to_be_known_well.html -> to_be_known_well_thetroublewithwanting.html
2026-04-27 23:48:52,892 [INFO] Updated metadata: triage_of_the_heart.html
2026-04-27 23:48:52,971 [INFO] Updated metadata: udon_know_how_much_i_crave_you.html
2026-04-27 23:48:53,021 [INFO] Updated metadata: underneath_the_tree.html
2026-04-27 23:48:53,324 [INFO] Updated metadata: unlock_thy_hidden_gate.html
2026-04-27 23:48:53,468 [INFO] Updated metadata: unmoored_by_your_presence.html
2026-04-27 23:48:53,966 [INFO] Updated metadata: unraveled.html
2026-04-27 23:48:54,000 [INFO] Updated metadata: unsatisfied_i_skip_my_pride.html
2026-04-27 23:48:54,090 [INFO] Updated metadata: untitleddssfic.html
2026-04-27 23:48:54,188 [INFO] Updated metadata: velvet_ring.html
2026-04-27 23:48:54,488 [INFO] Updated metadata: Vidal_Books.html
2026-04-27 23:48:54,499 [INFO] Updated metadata: wanna_take_a_chance.html
2026-04-27 23:48:54,523 [INFO] Updated metadata: want_take_have.html
2026-04-27 23:48:54,709 [INFO] Updated metadata: war_of_hearts.html
2026-04-27 23:48:55,108 [INFO] Updated metadata: well_i_wonder.html
2026-04-27 23:48:55,266 [INFO] Updated metadata: were_never_done.html
2026-04-27 23:48:55,318 [INFO] Updated metadata: we_dont_fit_in_the_grand_design.html
2026-04-27 23:48:55,781 [INFO] Updated metadata: we_found_each_other_in_the_dark.html
2026-04-27 23:48:55,797 [INFO] Updated metadata: what_a_night.html
2026-04-27 23:48:55,874 [INFO] Updated metadata: what_a_terrifying_work_of_art.html
2026-04-27 23:48:55,963 [INFO] Updated metadata: what_if_its_not_meant_for_me.html
2026-04-27 23:48:56,033 [INFO] Updated metadata: what_if_my_heart_belongs_to_you.html
2026-04-27 23:48:56,121 [INFO] Updated metadata: What_the_Body_Knows.html
2026-04-27 23:48:56,144 [INFO] Updated metadata: what_to_do_when_you_are_dead.html
2026-04-27 23:48:56,541 [INFO] Updated metadata: when_heartbreak_meets_jealousy.html
2026-04-27 23:48:56,582 [INFO] Updated metadata: when_we_kiss_i_have_anger_issues.html
2026-04-27 23:48:56,684 [INFO] Updated metadata: where_art_thou_why_not.html
2026-04-27 23:48:56,691 [INFO] Renamed where_art_thou_why_not.html -> where_art_thou_why_not_uponeth_me_saturnreturn.html
2026-04-27 23:48:56,776 [INFO] Updated metadata: where_we_belong.html
2026-04-27 23:48:56,799 [INFO] Updated metadata: whos_going_to_tell_me_no.html
2026-04-27 23:48:57,064 [INFO] Updated metadata: why_dont_you_want_me.html
2026-04-27 23:48:57,250 [INFO] Updated metadata: wicked_game.html
2026-04-27 23:48:57,440 [INFO] Updated metadata: wicked_witchcraft.html
2026-04-27 23:48:57,470 [INFO] Updated metadata: witchcraft_filling_your_void.html
2026-04-27 23:48:57,532 [INFO] Updated metadata: within_reach.html
2026-04-27 23:48:57,842 [INFO] Updated metadata: Work_and_Play_Ball.html
2026-04-27 23:48:58,022 [INFO] Updated metadata: wrong_number.html
2026-04-27 23:48:58,234 [INFO] Updated metadata: youd_have_to_stop_the_world.html
2026-04-27 23:48:58,371 [INFO] Updated metadata: youll_find_me_on_my_tallest_tiptoes.html
2026-04-27 23:48:58,564 [INFO] Updated metadata: youll_just_have_to_taste_me_when_shes_kissin_you.html
2026-04-27 23:48:58,789 [INFO] Updated metadata: Youre_awful_I_love_you.html
2026-04-27 23:48:58,794 [INFO] Renamed Youre_awful_I_love_you.html -> youre_awful_i_love_you_fixy.html
2026-04-27 23:48:58,845 [INFO] Updated metadata: youre_my_burial_ground.html
2026-04-27 23:48:59,089 [INFO] Updated metadata: Youre_Welcome_to_Try_You.html
2026-04-27 23:48:59,094 [INFO] Renamed Youre_Welcome_to_Try_You.html -> youre_welcome_to_try_you_wouldnt_be_the_first_one_to_fail_lexus_beautiful_ruin.html
2026-04-27 23:48:59,271 [INFO] Updated metadata: youre_welcome_to_try_you_wouldnt_be_the_first_one_to_fail.html
2026-04-27 23:48:59,452 [INFO] Updated metadata: you_arent_mine_for_the.html
2026-04-27 23:48:59,458 [INFO] Renamed you_arent_mine_for_the.html -> you_arent_mine_for_the_taking_lovelovelies_plazadehahn2.html
2026-04-27 23:48:59,572 [INFO] Updated metadata: you_arent_mine_for_the_taking.html
2026-04-27 23:48:59,584 [INFO] Updated metadata: you_dont_need_a_revelation_youll_be_fine_with_being_lost.html
2026-04-27 23:48:59,776 [INFO] Updated metadata: you_got_me_looking_so_crazy_right_now.html
2026-04-27 23:48:59,793 [INFO] Updated metadata: you_look_so_pretty_when_youre_on_your_knees.html
2026-04-27 23:48:59,820 [INFO] Updated metadata: you_make_loving_fun.html
2026-04-27 23:49:00,056 [INFO] Updated metadata: you_may_not_be_mine_but_i_could_be_yours.html
2026-04-27 23:49:00,056 [INFO] Phase 1 complete. Files seen=320, updated=320, renamed=0, deduped=31, failed=0
2026-04-27 23:49:00,057 [INFO] Phase 2/2: Building index.html...
2026-04-27 23:49:35,257 [INFO] Index created: C:\Users\willo\OneDrive\Documents\GitHub\fics\ficArchive\index.html
2026-04-27 23:49:35,257 [INFO] Phase 2 complete. Index built successfully.
2026-04-27 23:49:35,258 [INFO] === Fanfic archive processing: END (82.67s) ===
