2026-02-22 00:18:43,555 [INFO] Logging to: logs\renamer_20260222_001843.log
2026-02-22 00:18:43,556 [INFO] === Fanfic archive processing: START ===
2026-02-22 00:18:43,556 [INFO] Folder: C:\Users\willo\OneDrive\Documents\GitHub\fics\ficArchive
2026-02-22 00:18:43,556 [INFO] Phase 1/2: Updating metadata + renaming files...
2026-02-22 00:18:43,752 [INFO] Updated metadata: 1111.html
2026-02-22 00:18:43,847 [INFO] Updated metadata: accidental_add.html
2026-02-22 00:18:43,881 [INFO] Updated metadata: adagietto.html
2026-02-22 00:18:43,990 [INFO] Updated metadata: agathario_fake_dating_au.html
2026-02-22 00:18:44,069 [INFO] Updated metadata: agatha_all_along_week_2025.html
2026-02-22 00:18:44,201 [INFO] Updated metadata: alambre_pua.html
2026-02-22 00:18:44,345 [INFO] Updated metadata: albatross.html
2026-02-22 00:18:44,560 [INFO] Updated metadata: all_roads_lead_to_this.html
2026-02-22 00:18:44,632 [INFO] Updated metadata: all_the_things_we_could_do.html
2026-02-22 00:18:44,658 [INFO] Updated metadata: amor_prohibido.html
2026-02-22 00:18:44,670 [INFO] Updated metadata: and_fill_my_blank_page.html
2026-02-22 00:18:44,674 [INFO] Updated metadata: and_well_be_together_forever_and_amp_ever_more.html
2026-02-22 00:18:44,892 [INFO] Updated metadata: an_unexpected_visitor.html
2026-02-22 00:18:44,928 [INFO] Updated metadata: astonishment_and_joy.html
2026-02-22 00:18:45,569 [INFO] Updated metadata: at_the_still_point_of_the_turning_world.html
2026-02-22 00:18:45,682 [INFO] Updated metadata: a_decade_between_us.html
2026-02-22 00:18:45,704 [INFO] Updated metadata: a_drunken_menace.html
2026-02-22 00:18:45,818 [INFO] Updated metadata: a_kingdom_by_the_night.html
2026-02-22 00:18:46,148 [INFO] Updated metadata: a_tentative_ellipsis_the_parting_of_your_lips_and_the_ache_in_your_eyes.html
2026-02-22 00:18:46,237 [INFO] Updated metadata: a_witch_in_salem.html
2026-02-22 00:18:46,246 [INFO] Updated metadata: baby_its_fate_not_luck.html
2026-02-22 00:18:46,501 [INFO] Updated metadata: ban_all_the_music.html
2026-02-22 00:18:46,558 [INFO] Updated metadata: beneath_the_scars.html
2026-02-22 00:18:46,684 [INFO] Updated metadata: beneath_the_stars.html
2026-02-22 00:18:46,748 [INFO] Updated metadata: between_the_flames_and_her_eyes.html
2026-02-22 00:18:46,764 [INFO] Updated metadata: bewitched.html
2026-02-22 00:18:46,775 [INFO] Updated metadata: bitches_i_dont_trust_them_but_they_give_me_what_i_want_for_the_night.html
2026-02-22 00:18:46,837 [INFO] Updated metadata: blade_of_grass.html
2026-02-22 00:18:46,899 [INFO] Updated metadata: bound_by_oath_undone_by_you.html
2026-02-22 00:18:46,925 [INFO] Updated metadata: broken_deal.html
2026-02-22 00:18:47,029 [INFO] Updated metadata: bush_league.html
2026-02-22 00:18:47,092 [INFO] Updated metadata: but_i_love_you_just_the_same.html
2026-02-22 00:18:47,567 [INFO] Updated metadata: But_We_Cant.html
2026-02-22 00:18:47,833 [INFO] Updated metadata: By_Blood_and_Bloom.html
2026-02-22 00:18:47,855 [INFO] Updated metadata: candlelight_whispers_me_where_to_go.html
2026-02-22 00:18:48,066 [INFO] Updated metadata: cant_be_a_good_girl_even_if_i_tried.html
2026-02-22 00:18:48,094 [INFO] Updated metadata: catalysis.html
2026-02-22 00:18:48,201 [INFO] Updated metadata: catch_me_when_i_fall_for_you.html
2026-02-22 00:18:48,219 [INFO] Updated metadata: Certified_Pre-Owned.html
2026-02-22 00:18:48,643 [INFO] Updated metadata: Chance_to_Fix.html
2026-02-22 00:18:48,657 [INFO] Updated metadata: checkmate.html
2026-02-22 00:18:48,754 [INFO] Updated metadata: close_enough_for_love.html
2026-02-22 00:18:48,765 [INFO] Updated metadata: close_to_you.html
2026-02-22 00:18:48,840 [INFO] Updated metadata: cool_about_it.html
2026-02-22 00:18:48,884 [INFO] Updated metadata: creator_you_destroy_me.html
2026-02-22 00:18:48,951 [INFO] Updated metadata: crescendo.html
2026-02-22 00:18:49,099 [INFO] Updated metadata: dearest_agatha.html
2026-02-22 00:18:49,184 [INFO] Updated metadata: deaths_echo.html
2026-02-22 00:18:49,199 [INFO] Updated metadata: devotion_is_for_fools.html
2026-02-22 00:18:49,242 [INFO] Updated metadata: disdainfully_hers.html
2026-02-22 00:18:49,313 [INFO] Updated metadata: dont_be_afraid_of_me_im_what_you_need.html
2026-02-22 00:18:49,420 [INFO] Updated metadata: Eight.html
2026-02-22 00:18:49,463 [INFO] Updated metadata: Everlong.html
2026-02-22 00:18:49,620 [INFO] Updated metadata: everything_looks_better_in_hindsight.html
2026-02-22 00:18:49,673 [INFO] Updated metadata: exceptions.html
2026-02-22 00:18:50,101 [INFO] Updated metadata: falling_for_the_enemy.html
2026-02-22 00:18:50,184 [INFO] Updated metadata: family_line.html
2026-02-22 00:18:50,218 [INFO] Updated metadata: feel_it_burnwatch_it_glow.html
2026-02-22 00:18:50,308 [INFO] Updated metadata: figured_you_out.html
2026-02-22 00:18:50,325 [INFO] Updated metadata: Five_Days_Four_Nights.html
2026-02-22 00:18:50,382 [INFO] Updated metadata: five_seconds.html
2026-02-22 00:18:50,441 [INFO] Updated metadata: fold_your_wings.html
2026-02-22 00:18:50,455 [INFO] Updated metadata: for_the_love_of_spring.html
2026-02-22 00:18:51,017 [INFO] Updated metadata: For_Your_Consideration.html
2026-02-22 00:18:51,082 [INFO] Updated metadata: For_You_To_Be_Still.html
2026-02-22 00:18:51,101 [INFO] Updated metadata: garden_of_eden.html
2026-02-22 00:18:51,109 [INFO] Updated metadata: giving_my_heart_over_to_you.html
2026-02-22 00:18:51,349 [INFO] Updated metadata: glitter_glue_and_signs_of_life.html
2026-02-22 00:18:51,616 [INFO] Updated metadata: god_knows_you_need_it.html
2026-02-22 00:18:51,765 [INFO] Updated metadata: going_viral.html
2026-02-22 00:18:51,768 [INFO] Updated metadata: green_is_the_colour_of_her_kind.html
2026-02-22 00:18:51,872 [INFO] Updated metadata: guilty_as_sin.html
2026-02-22 00:18:51,902 [INFO] Updated metadata: happiest_season.html
2026-02-22 00:18:51,982 [INFO] Updated metadata: harkness.html
2026-02-22 00:18:52,201 [INFO] Updated metadata: harkness_pathology.html
2026-02-22 00:18:52,228 [INFO] Updated metadata: heart_beats_like_a_drummer.html
2026-02-22 00:18:52,604 [INFO] Updated metadata: Here_With_You_Now.html
2026-02-22 00:18:52,770 [INFO] Updated metadata: honey_youre_familiar.html
2026-02-22 00:18:52,958 [INFO] Updated metadata: how_it_started.html
2026-02-22 00:18:52,993 [INFO] Updated metadata: how_many_corners_do_i_have_to_turn_how_many_times_do_i_have_to_learn.html
2026-02-22 00:18:53,590 [INFO] Updated metadata: if_this_was_a_movie.html
2026-02-22 00:18:53,651 [INFO] Updated metadata: if_youre_not_falling_youre_not_trying.html
2026-02-22 00:18:53,784 [INFO] Updated metadata: illicit_affairs.html
2026-02-22 00:18:53,841 [INFO] Updated metadata: ill_be_your_garbage_man.html
2026-02-22 00:18:53,949 [INFO] Updated metadata: ill_follow_you_down_til_the_sound_of_my_voice_will_haunt_you.html
2026-02-22 00:18:54,009 [INFO] Updated metadata: Ill_Give_What_I_Get.html
2026-02-22 00:18:54,048 [INFO] Updated metadata: ill_hear_you_even_when_you_cant_speak.html
2026-02-22 00:18:54,064 [INFO] Updated metadata: im_leaving_here_with_you.html
2026-02-22 00:18:54,235 [INFO] Updated metadata: im_sorry_i_love_you.html
2026-02-22 00:18:54,253 [INFO] Updated metadata: Im_Yours.html
2026-02-22 00:18:54,333 [INFO] Updated metadata: in_the_deep_end.html
2026-02-22 00:18:54,549 [INFO] Updated metadata: in_the_shadows_of_the_pines.html
2026-02-22 00:18:54,807 [INFO] Updated metadata: Is_It_Casual_Now.html
2026-02-22 00:18:54,837 [INFO] Updated metadata: itll_all_work_out.html
2026-02-22 00:18:55,166 [INFO] Updated metadata: its_bloody_and_raw_but_i_swear_its_sweet.html
2026-02-22 00:18:55,187 [INFO] Updated metadata: its_bloody_and_raw_but_i_swear_it_is_sweet.html
2026-02-22 00:18:55,221 [INFO] Updated metadata: its_just_in_my_nature.html
2026-02-22 00:18:55,437 [INFO] Updated metadata: its_never_quite_as_it_seems_hiyouve_got_mail.html
2026-02-22 00:18:55,824 [INFO] Updated metadata: Its_strictly_business.html
2026-02-22 00:18:55,902 [INFO] Updated metadata: i_could_not_stop_for_death.html
2026-02-22 00:18:55,935 [INFO] Updated metadata: I_Didnt_Ask_For_This.html
2026-02-22 00:18:55,963 [INFO] Updated metadata: i_dont_care_that_youre_a_stoner_fall_right_into_me.html
2026-02-22 00:18:55,998 [INFO] Updated metadata: I_follow_your_perfume.html
2026-02-22 00:18:56,052 [INFO] Updated metadata: i_let_my_head_spin_take_all_the_weight_off_my_shoulders.html
2026-02-22 00:18:56,415 [INFO] Updated metadata: i_tore_you_apart_in_my_head.html
2026-02-22 00:18:56,436 [INFO] Updated metadata: i_was_your_starry_eyed_lover_and_the_one_that_you_saw.html
2026-02-22 00:18:56,440 [INFO] Updated metadata: i_will_wait_up_for_you_dear.html
2026-02-22 00:18:56,499 [INFO] Updated metadata: i_wonder_which_cup_youll_drink_from_i_hope_its_mine.html
2026-02-22 00:18:56,535 [INFO] Updated metadata: just_between_us_did_the_love_affair_maim_you_too.html
2026-02-22 00:18:56,571 [INFO] Updated metadata: just_hold_on.html
2026-02-22 00:18:56,624 [INFO] Updated metadata: juxtaposition_in_fate.html
2026-02-22 00:18:56,638 [INFO] Updated metadata: kaleidoscope.html
2026-02-22 00:18:56,665 [INFO] Updated metadata: kiss_my_petals_weave_me_through_a_dream.html
2026-02-22 00:18:56,704 [INFO] Updated metadata: let_go.html
2026-02-22 00:18:56,743 [INFO] Updated metadata: let_me_wrap_my_teeth_around_the_world.html
2026-02-22 00:18:56,769 [INFO] Updated metadata: life_after_love_can_we_find_it_again.html
2026-02-22 00:18:56,826 [INFO] Updated metadata: like_a_hurricane.html
2026-02-22 00:18:56,873 [INFO] Updated metadata: lost_for_words.html
2026-02-22 00:18:56,885 [INFO] Updated metadata: love_and_amp_politics.html
2026-02-22 00:18:56,911 [INFO] Updated metadata: love_is_a_four_letter_word.html
2026-02-22 00:18:56,986 [INFO] Updated metadata: love_is_a_witch.html
2026-02-22 00:18:57,100 [INFO] Updated metadata: love_me_tender.html
2026-02-22 00:18:57,122 [INFO] Updated metadata: love_offline.html
2026-02-22 00:18:57,294 [INFO] Updated metadata: love_persevering.html
2026-02-22 00:18:57,621 [INFO] Updated metadata: luminous.html
2026-02-22 00:18:57,643 [INFO] Updated metadata: mandevillas.html
2026-02-22 00:18:57,674 [INFO] Updated metadata: meetcute.html
2026-02-22 00:18:57,731 [INFO] Updated metadata: meet_me_at_the_end.html
2026-02-22 00:18:57,735 [INFO] Updated metadata: merry_christmas_i_think_ill_miss_this_one_this_year.html
2026-02-22 00:18:58,101 [INFO] Updated metadata: mrs_and_amp_mrs_harkness-vidal.html
2026-02-22 00:18:58,685 [INFO] Updated metadata: my_boy_builds_coffins.html
2026-02-22 00:18:58,935 [INFO] Updated metadata: my_cries_and_your_whispers.html
2026-02-22 00:18:59,075 [INFO] Updated metadata: my_love_mine_all_mine.html
2026-02-22 00:18:59,193 [INFO] Updated metadata: my_safeword_is_safeword.html
2026-02-22 00:18:59,222 [INFO] Updated metadata: naughty_and_amp_nice.html
2026-02-22 00:18:59,690 [INFO] Updated metadata: night_shift.html
2026-02-22 00:18:59,854 [INFO] Updated metadata: Nothing_Shameful.html
2026-02-22 00:19:00,020 [INFO] Updated metadata: not_my_type.html
2026-02-22 00:19:00,031 [INFO] Updated metadata: not_over_dramatic_i_know_what_i_want.html
2026-02-22 00:19:00,205 [INFO] Updated metadata: number_13.html
2026-02-22 00:19:00,235 [INFO] Updated metadata: obsessed.html
2026-02-22 00:19:00,381 [INFO] Updated metadata: one_way_or_another.html
2026-02-22 00:19:00,467 [INFO] Updated metadata: power_play.html
2026-02-22 00:19:00,551 [INFO] Updated metadata: purple_and_green.html
2026-02-22 00:19:00,637 [INFO] Updated metadata: pushing_it_down_and_praying.html
2026-02-22 00:19:00,733 [INFO] Updated metadata: put_it_on_the_line.html
2026-02-22 00:19:00,924 [INFO] Updated metadata: put_your_fangs_in_me.html
2026-02-22 00:19:00,956 [INFO] Updated metadata: Questions.html
2026-02-22 00:19:01,138 [INFO] Updated metadata: reaching_out_for_more.html
2026-02-22 00:19:01,155 [INFO] Updated metadata: red_in_claw_red_in_love.html
2026-02-22 00:19:01,170 [INFO] Updated metadata: red_thread_of_fate.html
2026-02-22 00:19:01,445 [INFO] Updated metadata: rented_hearts.html
2026-02-22 00:19:01,465 [INFO] Updated metadata: rios_toxic_embrace.html
2026-02-22 00:19:01,679 [INFO] Updated metadata: rio_vidal_does_not_give_a_damn.html
2026-02-22 00:19:01,951 [INFO] Updated metadata: roommates_of_destruction.html
2026-02-22 00:19:02,002 [INFO] Updated metadata: roses_are_red_orchids_arepurple.html
2026-02-22 00:19:02,019 [INFO] Updated metadata: roster.html
2026-02-22 00:19:02,060 [INFO] Updated metadata: rules_for_co-parenting_with_your_witch_of_an_ex.html
2026-02-22 00:19:02,126 [INFO] Updated metadata: scherzo.html
2026-02-22 00:19:02,782 [INFO] Updated metadata: Second_Chances.html
2026-02-22 00:19:02,784 [INFO] Updated metadata: secrets_and_amp_suspenders.html
2026-02-22 00:19:02,836 [INFO] Updated metadata: shatter_your_illusions.html
2026-02-22 00:19:02,836 [INFO] Updated metadata: she_drives_me_crazy.html
2026-02-22 00:19:02,885 [INFO] Updated metadata: she_gets_the_job_done.html
2026-02-22 00:19:03,089 [INFO] Updated metadata: she_looks_like_the_real_thing_she_tastes_like_the_real_thing.html
2026-02-22 00:19:03,449 [INFO] Updated metadata: silver_springs.html
2026-02-22 00:19:03,654 [INFO] Updated metadata: Softballs_A_Witch.html
2026-02-22 00:19:03,763 [INFO] Updated metadata: Somebody_to_Hold.html
2026-02-22 00:19:04,200 [INFO] Updated metadata: somewhere_only_we_know_a_professor_au.html
2026-02-22 00:19:04,397 [INFO] Updated metadata: Stuck_In_Orbit.html
2026-02-22 00:19:04,606 [INFO] Updated metadata: sugar_and_honey.html
2026-02-22 00:19:04,716 [INFO] Updated metadata: summa_cum_laude.html
2026-02-22 00:19:04,818 [INFO] Updated metadata: take_it_from_the_top_you_are_a_bottom.html
2026-02-22 00:19:04,919 [INFO] Updated metadata: tempus_voluntas_spatium.html
2026-02-22 00:19:04,985 [INFO] Updated metadata: theres_no_one_else_who_could_the_only_one_is_you.html
2026-02-22 00:19:05,027 [INFO] Updated metadata: theres_something_just_a_little_more_than_ecstasy.html
2026-02-22 00:19:05,099 [INFO] Updated metadata: there_is_no_death_for_witches_only_transformation.html
2026-02-22 00:19:05,185 [INFO] Updated metadata: the_art_of_appearances.html
2026-02-22 00:19:05,366 [INFO] Updated metadata: the_art_of_keeping_a_secret.html
2026-02-22 00:19:05,439 [INFO] Updated metadata: the_bad_thing.html
2026-02-22 00:19:05,468 [INFO] Updated metadata: the_bartender_and_the_nerd.html
2026-02-22 00:19:05,518 [INFO] Updated metadata: the_beach_house.html
2026-02-22 00:19:05,767 [INFO] Updated metadata: The_Best_Medicine.html
2026-02-22 00:19:05,768 [INFO] Updated metadata: The_Birthday_Gift.html
2026-02-22 00:19:05,818 [INFO] Updated metadata: the_case_of_the_robbery_gone_wrong.html
2026-02-22 00:19:05,856 [INFO] Updated metadata: the_dare.html
2026-02-22 00:19:05,884 [INFO] Updated metadata: the_devil_you_know.html
2026-02-22 00:19:05,936 [INFO] Updated metadata: the_ethics_of_attraction.html
2026-02-22 00:19:05,949 [INFO] Updated metadata: the_gift.html
2026-02-22 00:19:06,253 [INFO] Updated metadata: the_gold_and_the_rust_the_color_erupts.html
2026-02-22 00:19:06,399 [INFO] Updated metadata: The_Happiest_Season.html
2026-02-22 00:19:06,437 [INFO] Updated metadata: the_heart_of_death.html
2026-02-22 00:19:06,485 [INFO] Updated metadata: the_heat_is_on.html
2026-02-22 00:19:06,577 [INFO] Updated metadata: the_holiday.html
2026-02-22 00:19:06,638 [INFO] Updated metadata: the_neutral_ground.html
2026-02-22 00:19:06,716 [INFO] Updated metadata: the_peculiar_patient.html
2026-02-22 00:19:06,752 [INFO] Updated metadata: the_road_twists_and_turns.html
2026-02-22 00:19:06,834 [INFO] Updated metadata: the_scientific_method_of_falling_apart.html
2026-02-22 00:19:07,118 [INFO] Updated metadata: the_space_between_notes.html
2026-02-22 00:19:07,184 [INFO] Updated metadata: the_tales_of_new_salem.html
2026-02-22 00:19:07,572 [INFO] Updated metadata: The_Thread_Of_Fate.html
2026-02-22 00:19:07,620 [INFO] Updated metadata: the_way_i_feel_about_you_baby_cant_explain_it.html
2026-02-22 00:19:07,840 [INFO] Updated metadata: The_Witches_Bodyguard.html
2026-02-22 00:19:07,933 [INFO] Updated metadata: the_witchy_CEO.html
2026-02-22 00:19:08,108 [INFO] Updated metadata: The_Witch_and_The_Wolf.html
2026-02-22 00:19:08,169 [INFO] Updated metadata: the_world_reversed.html
2026-02-22 00:19:08,413 [INFO] Updated metadata: thirst_trap.html
2026-02-22 00:19:08,501 [INFO] Updated metadata: time_in_a_bottle.html
2026-02-22 00:19:08,539 [INFO] Updated metadata: time_warp.html
2026-02-22 00:19:08,585 [INFO] Updated metadata: udon_know_how_much_i_crave_you.html
2026-02-22 00:19:08,624 [INFO] Updated metadata: underneath_the_tree.html
2026-02-22 00:19:08,843 [INFO] Updated metadata: unlock_thy_hidden_gate.html
2026-02-22 00:19:08,950 [INFO] Updated metadata: unmoored_by_your_presence.html
2026-02-22 00:19:09,348 [INFO] Updated metadata: unraveled.html
2026-02-22 00:19:09,386 [INFO] Updated metadata: unsatisfied_i_skip_my_pride.html
2026-02-22 00:19:09,451 [INFO] Updated metadata: untitleddssfic.html
2026-02-22 00:19:09,521 [INFO] Updated metadata: velvet_ring.html
2026-02-22 00:19:09,746 [INFO] Updated metadata: Vidal_Books.html
2026-02-22 00:19:09,772 [INFO] Updated metadata: want_take_have.html
2026-02-22 00:19:09,888 [INFO] Updated metadata: War_of_Hearts.html
2026-02-22 00:19:10,197 [INFO] Updated metadata: well_i_wonder.html
2026-02-22 00:19:10,322 [INFO] Updated metadata: were_never_done.html
2026-02-22 00:19:10,716 [INFO] Updated metadata: we_found_each_other_in_the_dark.html
2026-02-22 00:19:10,727 [INFO] Updated metadata: what_a_night.html
2026-02-22 00:19:10,817 [INFO] Updated metadata: what_a_terrifying_work_of_art.html
2026-02-22 00:19:10,869 [INFO] Updated metadata: what_if_its_not_meant_for_me.html
2026-02-22 00:19:10,928 [INFO] Updated metadata: what_if_my_heart_belongs_to_you.html
2026-02-22 00:19:10,969 [INFO] Updated metadata: What_the_Body_Knows.html
2026-02-22 00:19:11,235 [INFO] Updated metadata: when_heartbreak_meets_jealousy.html
2026-02-22 00:19:11,273 [INFO] Updated metadata: when_we_kiss_i_have_anger_issues.html
2026-02-22 00:19:11,335 [INFO] Updated metadata: where_we_belong.html
2026-02-22 00:19:11,498 [INFO] Updated metadata: why_dont_you_want_me.html
2026-02-22 00:19:11,652 [INFO] Updated metadata: wicked_witchcraft.html
2026-02-22 00:19:11,669 [INFO] Updated metadata: witchcraft_filling_your_void.html
2026-02-22 00:19:11,708 [INFO] Updated metadata: within_reach.html
2026-02-22 00:19:11,949 [INFO] Updated metadata: Work_and_Play_Ball.html
2026-02-22 00:19:12,075 [INFO] Updated metadata: wrong_number.html
2026-02-22 00:19:12,252 [INFO] Updated metadata: youd_have_to_stop_the_world.html
2026-02-22 00:19:12,367 [INFO] Updated metadata: youll_find_me_on_my_tallest_tiptoes.html
2026-02-22 00:19:12,497 [INFO] Updated metadata: youll_just_have_to_taste_me_when_shes_kissin_you.html
2026-02-22 00:19:12,633 [INFO] Updated metadata: youre_welcome_to_try_you_wouldnt_be_the_first_one_to_fail.html
2026-02-22 00:19:12,729 [INFO] Updated metadata: you_arent_mine_for_the_taking.html
2026-02-22 00:19:12,818 [INFO] Updated metadata: you_got_me_looking_so_crazy_right_now.html
2026-02-22 00:19:12,818 [INFO] Updated metadata: you_look_so_pretty_when_youre_on_your_knees.html
2026-02-22 00:19:12,840 [INFO] Updated metadata: you_make_loving_fun.html
2026-02-22 00:19:12,969 [INFO] Updated metadata: you_may_not_be_mine_but_i_could_be_yours.html
2026-02-22 00:19:12,969 [INFO] Phase 1 complete. Files seen=246, updated=246, renamed=0, deduped=0, failed=0
2026-02-22 00:19:12,969 [INFO] Phase 2/2: Building index.html...
2026-02-22 00:19:36,840 [INFO] Index created: C:\Users\willo\OneDrive\Documents\GitHub\fics\ficArchive\index.html
2026-02-22 00:19:36,840 [INFO] Phase 2 complete. Index built successfully.
2026-02-22 00:19:36,840 [INFO] === Fanfic archive processing: END (53.28s) ===
