2025-10-06 19:49:30,886 [INFO] Updated metadata: 1111.html
2025-10-06 19:49:31,003 [INFO] Updated metadata: accidental_add.html
2025-10-06 19:49:31,037 [INFO] Updated metadata: adagietto.html
2025-10-06 19:49:31,119 [INFO] Updated metadata: agathario_fake_dating_au.html
2025-10-06 19:49:31,220 [INFO] Updated metadata: agatha_all_along_week_2025.html
2025-10-06 19:49:31,353 [INFO] Updated metadata: alambre_pua.html
2025-10-06 19:49:31,514 [INFO] Updated metadata: albatross.html
2025-10-06 19:49:31,784 [INFO] Updated metadata: all_roads_lead_to_this.html
2025-10-06 19:49:31,864 [INFO] Updated metadata: all_the_things_we_could_do.html
2025-10-06 19:49:31,916 [INFO] Updated metadata: amor_prohibido.html
2025-10-06 19:49:31,955 [INFO] Updated metadata: and_fill_my_blank_page.html
2025-10-06 19:49:31,991 [INFO] Updated metadata: and_well_be_together_forever_and_amp_ever_more.html
2025-10-06 19:49:32,203 [INFO] Updated metadata: an_unexpected_visitor.html
2025-10-06 19:49:32,900 [INFO] Updated metadata: at_the_still_point_of_the_turning_world.html
2025-10-06 19:49:32,916 [INFO] Updated metadata: a_drunken_menace.html
2025-10-06 19:49:33,061 [INFO] Updated metadata: a_kingdom_by_the_night.html
2025-10-06 19:49:33,316 [INFO] Updated metadata: a_tentative_ellipsis_the_parting_of_your_lips_and_the_ache_in_your_eyes.html
2025-10-06 19:49:33,411 [INFO] Updated metadata: a_witch_in_salem.html
2025-10-06 19:49:33,444 [INFO] Updated metadata: baby_its_fate_not_luck.html
2025-10-06 19:49:33,713 [INFO] Updated metadata: ban_all_the_music.html
2025-10-06 19:49:33,800 [INFO] Updated metadata: beneath_the_scars.html
2025-10-06 19:49:33,950 [INFO] Updated metadata: beneath_the_stars.html
2025-10-06 19:49:34,014 [INFO] Updated metadata: between_the_flames_and_her_eyes.html
2025-10-06 19:49:34,077 [INFO] Updated metadata: bewitched.html
2025-10-06 19:49:34,100 [INFO] Updated metadata: bitches_i_dont_trust_them_but_they_give_me_what_i_want_for_the_night.html
2025-10-06 19:49:34,141 [INFO] Updated metadata: blade_of_grass.html
2025-10-06 19:49:34,208 [INFO] Updated metadata: bound_by_oath_undone_by_you.html
2025-10-06 19:49:34,252 [INFO] Updated metadata: broken_deal.html
2025-10-06 19:49:34,364 [INFO] Updated metadata: bush_league.html
2025-10-06 19:49:34,444 [INFO] Updated metadata: but_i_love_you_just_the_same.html
2025-10-06 19:49:34,868 [INFO] Updated metadata: but_we_cant.html
2025-10-06 19:49:34,884 [INFO] Updated metadata: candlelight_whispers_me_where_to_go.html
2025-10-06 19:49:35,027 [INFO] Updated metadata: cant_be_a_good_girl_even_if_i_tried.html
2025-10-06 19:49:35,059 [INFO] Updated metadata: catalysis.html
2025-10-06 19:49:35,187 [INFO] Updated metadata: catch_me_when_i_fall_for_you.html
2025-10-06 19:49:35,219 [INFO] Updated metadata: checkmate.html
2025-10-06 19:49:35,298 [INFO] Updated metadata: close_enough_for_love.html
2025-10-06 19:49:35,320 [INFO] Updated metadata: close_to_you.html
2025-10-06 19:49:35,391 [INFO] Updated metadata: cool_about_it.html
2025-10-06 19:49:35,454 [INFO] Updated metadata: creator_you_destroy_me.html
2025-10-06 19:49:35,566 [INFO] Updated metadata: crescendo.html
2025-10-06 19:49:35,694 [INFO] Updated metadata: dearest_agatha.html
2025-10-06 19:49:35,774 [INFO] Updated metadata: deaths_echo.html
2025-10-06 19:49:35,808 [INFO] Updated metadata: devotion_is_for_fools.html
2025-10-06 19:49:35,837 [INFO] Updated metadata: disdainfully_hers.html
2025-10-06 19:49:35,933 [INFO] Updated metadata: dont_be_afraid_of_me_im_what_you_need.html
2025-10-06 19:49:36,073 [INFO] Updated metadata: everything_looks_better_in_hindsight.html
2025-10-06 19:49:36,141 [INFO] Updated metadata: exceptions.html
2025-10-06 19:49:36,584 [INFO] Updated metadata: falling_for_the_enemy.html
2025-10-06 19:49:36,689 [INFO] Updated metadata: family_line.html
2025-10-06 19:49:36,817 [INFO] Updated metadata: figured_you_out.html
2025-10-06 19:49:36,871 [INFO] Updated metadata: five_seconds.html
2025-10-06 19:49:36,934 [INFO] Updated metadata: fold_your_wings.html
2025-10-06 19:49:36,967 [INFO] Updated metadata: for_the_love_of_spring.html
2025-10-06 19:49:37,170 [INFO] Updated metadata: for_your_consideration.html
2025-10-06 19:49:37,217 [INFO] Updated metadata: giving_my_heart_over_to_you.html
2025-10-06 19:49:37,439 [INFO] Updated metadata: glitter_glue_and_signs_of_life.html
2025-10-06 19:49:37,708 [INFO] Updated metadata: god_knows_you_need_it.html
2025-10-06 19:49:37,900 [INFO] Updated metadata: going_viral.html
2025-10-06 19:49:37,941 [INFO] Updated metadata: green_is_the_colour_of_her_kind.html
2025-10-06 19:49:38,044 [INFO] Updated metadata: guilty_as_sin.html
2025-10-06 19:49:38,092 [INFO] Updated metadata: happiest_season.html
2025-10-06 19:49:38,191 [INFO] Updated metadata: harkness.html
2025-10-06 19:49:38,355 [INFO] Updated metadata: harkness_pathology.html
2025-10-06 19:49:38,377 [INFO] Updated metadata: heart_beats_like_a_drummer.html
2025-10-06 19:49:38,796 [INFO] Updated metadata: Here_With_You_Now.html
2025-10-06 19:49:38,951 [INFO] Updated metadata: honey_youre_familiar.html
2025-10-06 19:49:39,189 [INFO] Updated metadata: how_it_started.html
2025-10-06 19:49:39,236 [INFO] Updated metadata: how_many_corners_do_i_have_to_turn_how_many_times_do_i_have_to_learn.html
2025-10-06 19:49:39,875 [INFO] Updated metadata: if_this_was_a_movie.html
2025-10-06 19:49:40,051 [INFO] Updated metadata: illicit_affairs.html
2025-10-06 19:49:40,115 [INFO] Updated metadata: ill_be_your_garbage_man.html
2025-10-06 19:49:40,163 [INFO] Updated metadata: ill_hear_you_even_when_you_cant_speak.html
2025-10-06 19:49:40,202 [INFO] Updated metadata: im_leaving_here_with_you.html
2025-10-06 19:49:40,418 [INFO] Updated metadata: im_sorry_i_love_you.html
2025-10-06 19:49:40,482 [INFO] Updated metadata: in_the_deep_end.html
2025-10-06 19:49:40,727 [INFO] Updated metadata: in_the_shadows_of_the_pines.html
2025-10-06 19:49:40,962 [INFO] Updated metadata: is_it_casual_now.html
2025-10-06 19:49:41,047 [INFO] Updated metadata: itll_all_work_out.html
2025-10-06 19:49:41,422 [INFO] Updated metadata: its_bloody_and_raw_but_i_swear_its_sweet.html
2025-10-06 19:49:41,452 [INFO] Updated metadata: its_bloody_and_raw_but_i_swear_it_is_sweet.html
2025-10-06 19:49:41,500 [INFO] Updated metadata: its_just_in_my_nature.html
2025-10-06 19:49:41,723 [INFO] Updated metadata: its_never_quite_as_it_seems_hiyouve_got_mail.html
2025-10-06 19:49:42,025 [INFO] Updated metadata: Its_strictly_business.html
2025-10-06 19:49:42,136 [INFO] Updated metadata: i_could_not_stop_for_death.html
2025-10-06 19:49:42,441 [INFO] Updated metadata: i_tore_you_apart_in_my_head.html
2025-10-06 19:49:42,487 [INFO] Updated metadata: i_was_your_starry_eyed_lover_and_the_one_that_you_saw.html
2025-10-06 19:49:42,535 [INFO] Updated metadata: i_will_wait_up_for_you_dear.html
2025-10-06 19:49:42,641 [INFO] Updated metadata: i_wonder_which_cup_youll_drink_from_i_hope_its_mine.html
2025-10-06 19:49:42,698 [INFO] Updated metadata: just_between_us_did_the_love_affair_maim_you_too.html
2025-10-06 19:49:42,756 [INFO] Updated metadata: let_go.html
2025-10-06 19:49:42,787 [INFO] Updated metadata: let_me_wrap_my_teeth_around_the_world.html
2025-10-06 19:49:42,819 [INFO] Updated metadata: life_after_love_can_we_find_it_again.html
2025-10-06 19:49:42,899 [INFO] Updated metadata: like_a_hurricane.html
2025-10-06 19:49:42,931 [INFO] Updated metadata: love_and_amp_politics.html
2025-10-06 19:49:42,974 [INFO] Updated metadata: love_is_a_four_letter_word.html
2025-10-06 19:49:43,073 [INFO] Updated metadata: love_is_a_witch.html
2025-10-06 19:49:43,217 [INFO] Updated metadata: love_me_tender.html
2025-10-06 19:49:43,377 [INFO] Updated metadata: love_persevering.html
2025-10-06 19:49:43,743 [INFO] Updated metadata: luminous.html
2025-10-06 19:49:43,801 [INFO] Updated metadata: mandevillas.html
2025-10-06 19:49:43,822 [INFO] Updated metadata: meetcute.html
2025-10-06 19:49:43,901 [INFO] Updated metadata: meet_me_at_the_end.html
2025-10-06 19:49:44,302 [INFO] Updated metadata: mrs_and_amp_mrs_harkness-vidal.html
2025-10-06 19:49:44,888 [INFO] Updated metadata: my_boy_builds_coffins.html
2025-10-06 19:49:45,171 [INFO] Updated metadata: my_cries_and_your_whispers.html
2025-10-06 19:49:45,275 [INFO] Updated metadata: my_love_mine_all_mine.html
2025-10-06 19:49:45,450 [INFO] Updated metadata: my_safeword_is_safeword.html
2025-10-06 19:49:45,482 [INFO] Updated metadata: naughty_and_amp_nice.html
2025-10-06 19:49:45,847 [INFO] Updated metadata: night_shift.html
2025-10-06 19:49:46,006 [INFO] Updated metadata: not_my_type.html
2025-10-06 19:49:46,038 [INFO] Updated metadata: not_over_dramatic_i_know_what_i_want.html
2025-10-06 19:49:46,241 [INFO] Updated metadata: number_13.html
2025-10-06 19:49:46,280 [INFO] Updated metadata: obsessed.html
2025-10-06 19:49:46,458 [INFO] Updated metadata: one_way_or_another.html
2025-10-06 19:49:46,576 [INFO] Updated metadata: power_play.html
2025-10-06 19:49:46,671 [INFO] Updated metadata: purple_and_green.html
2025-10-06 19:49:46,784 [INFO] Updated metadata: put_it_on_the_line.html
2025-10-06 19:49:46,964 [INFO] Updated metadata: reaching_out_for_more.html
2025-10-06 19:49:46,990 [INFO] Updated metadata: red_in_claw_red_in_love.html
2025-10-06 19:49:47,014 [INFO] Updated metadata: red_thread_of_fate.html
2025-10-06 19:49:47,402 [INFO] Updated metadata: rented_hearts.html
2025-10-06 19:49:47,420 [INFO] Updated metadata: rios_toxic_embrace.html
2025-10-06 19:49:47,672 [INFO] Updated metadata: rio_vidal_does_not_give_a_damn.html
2025-10-06 19:49:47,933 [INFO] Updated metadata: roommates_of_destruction.html
2025-10-06 19:49:47,989 [INFO] Updated metadata: roses_are_red_orchids_arepurple.html
2025-10-06 19:49:48,038 [INFO] Updated metadata: roster.html
2025-10-06 19:49:48,093 [INFO] Updated metadata: rules_for_co-parenting_with_your_witch_of_an_ex.html
2025-10-06 19:49:48,188 [INFO] Updated metadata: scherzo.html
2025-10-06 19:49:48,213 [INFO] Updated metadata: secrets_and_amp_suspenders.html
2025-10-06 19:49:48,291 [INFO] Updated metadata: shatter_your_illusions.html
2025-10-06 19:49:48,306 [INFO] Updated metadata: she_drives_me_crazy.html
2025-10-06 19:49:48,354 [INFO] Updated metadata: she_gets_the_job_done.html
2025-10-06 19:49:48,512 [INFO] Updated metadata: she_looks_like_the_real_thing_she_tastes_like_the_real_thing.html
2025-10-06 19:49:48,861 [INFO] Updated metadata: silver_springs.html
2025-10-06 19:49:48,909 [INFO] Updated metadata: Somebody_to_Hold.html
2025-10-06 19:49:49,176 [INFO] Updated metadata: stuck_in_orbit.html
2025-10-06 19:49:49,365 [INFO] Updated metadata: sugar_and_honey.html
2025-10-06 19:49:49,506 [INFO] Updated metadata: summa_cum_laude.html
2025-10-06 19:49:49,647 [INFO] Updated metadata: take_it_from_the_top_you_are_a_bottom.html
2025-10-06 19:49:49,765 [INFO] Updated metadata: tempus_voluntas_spatium.html
2025-10-06 19:49:49,800 [INFO] Updated metadata: theres_no_one_else_who_could_the_only_one_is_you.html
2025-10-06 19:49:49,926 [INFO] Updated metadata: there_is_no_death_for_witches_only_transformation.html
2025-10-06 19:49:50,104 [INFO] Updated metadata: the_art_of_keeping_a_secret.html
2025-10-06 19:49:50,204 [INFO] Updated metadata: the_bad_thing.html
2025-10-06 19:49:50,264 [INFO] Updated metadata: the_beach_house.html
2025-10-06 19:49:50,488 [INFO] Updated metadata: The_Best_Medicine.html
2025-10-06 19:49:50,568 [INFO] Updated metadata: the_case_of_the_robbery_gone_wrong.html
2025-10-06 19:49:50,599 [INFO] Updated metadata: the_dare.html
2025-10-06 19:49:50,631 [INFO] Updated metadata: the_devil_you_know.html
2025-10-06 19:49:50,694 [INFO] Updated metadata: the_ethics_of_attraction.html
2025-10-06 19:49:50,716 [INFO] Updated metadata: the_gift.html
2025-10-06 19:49:51,047 [INFO] Updated metadata: the_gold_and_the_rust_the_color_erupts.html
2025-10-06 19:49:51,111 [INFO] Updated metadata: the_heart_of_death.html
2025-10-06 19:49:51,159 [INFO] Updated metadata: the_heat_is_on.html
2025-10-06 19:49:51,223 [INFO] Updated metadata: the_holiday.html
2025-10-06 19:49:51,318 [INFO] Updated metadata: the_neutral_ground.html
2025-10-06 19:49:51,429 [INFO] Updated metadata: the_peculiar_patient.html
2025-10-06 19:49:51,492 [INFO] Updated metadata: the_road_twists_and_turns.html
2025-10-06 19:49:51,598 [INFO] Updated metadata: the_scientific_method_of_falling_apart.html
2025-10-06 19:49:51,892 [INFO] Updated metadata: the_space_between_notes.html
2025-10-06 19:49:51,970 [INFO] Updated metadata: the_tales_of_new_salem.html
2025-10-06 19:49:52,289 [INFO] Updated metadata: the_thread_of_fate.html
2025-10-06 19:49:52,336 [INFO] Updated metadata: the_way_i_feel_about_you_baby_cant_explain_it.html
2025-10-06 19:49:52,519 [INFO] Updated metadata: The_Witch_and_The_Wolf.html
2025-10-06 19:49:52,592 [INFO] Updated metadata: the_world_reversed.html
2025-10-06 19:49:52,889 [INFO] Updated metadata: thirst_trap.html
2025-10-06 19:49:52,973 [INFO] Updated metadata: time_in_a_bottle.html
2025-10-06 19:49:53,037 [INFO] Updated metadata: time_warp.html
2025-10-06 19:49:53,100 [INFO] Updated metadata: underneath_the_tree.html
2025-10-06 19:49:53,340 [INFO] Updated metadata: unlock_thy_hidden_gate.html
2025-10-06 19:49:53,474 [INFO] Updated metadata: unmoored_by_your_presence.html
2025-10-06 19:49:53,879 [INFO] Updated metadata: unraveled.html
2025-10-06 19:49:53,927 [INFO] Updated metadata: unsatisfied_i_skip_my_pride.html
2025-10-06 19:49:54,022 [INFO] Updated metadata: untitled_dss_fic.html
2025-10-06 19:49:54,022 [INFO] Renamed untitled_dss_fic.html -> untitleddssfic.html
2025-10-06 19:49:54,102 [INFO] Updated metadata: velvet_ring.html
2025-10-06 19:49:54,440 [INFO] Updated metadata: well_i_wonder.html
2025-10-06 19:49:54,567 [INFO] Updated metadata: were_never_done.html
2025-10-06 19:49:54,965 [INFO] Updated metadata: we_found_each_other_in_the_dark.html
2025-10-06 19:49:54,997 [INFO] Updated metadata: what_a_night.html
2025-10-06 19:49:55,089 [INFO] Updated metadata: what_a_terrifying_work_of_art.html
2025-10-06 19:49:55,173 [INFO] Updated metadata: what_if_its_not_meant_for_me.html
2025-10-06 19:49:55,474 [INFO] Updated metadata: when_heartbreak_meets_jealousy.html
2025-10-06 19:49:55,505 [INFO] Updated metadata: when_we_kiss_i_have_anger_issues.html
2025-10-06 19:49:55,584 [INFO] Updated metadata: where_we_belong.html
2025-10-06 19:49:55,786 [INFO] Updated metadata: why_dont_you_want_me.html
2025-10-06 19:49:55,902 [INFO] Updated metadata: wicked_witchcraft.html
2025-10-06 19:49:55,934 [INFO] Updated metadata: witchcraft_filling_your_void.html
2025-10-06 19:49:55,982 [INFO] Updated metadata: within_reach.html
2025-10-06 19:49:56,110 [INFO] Updated metadata: wrong_number.html
2025-10-06 19:49:56,317 [INFO] Updated metadata: youd_have_to_stop_the_world.html
2025-10-06 19:49:56,461 [INFO] Updated metadata: youll_just_have_to_taste_me_when_shes_kissin_you.html
2025-10-06 19:49:56,572 [INFO] Updated metadata: you_arent_mine_for_the_taking.html
2025-10-06 19:49:56,683 [INFO] Updated metadata: you_got_me_looking_so_crazy_right_now.html
2025-10-06 19:49:56,699 [INFO] Updated metadata: you_make_loving_fun.html
2025-10-06 19:49:56,825 [INFO] Updated metadata: you_may_not_be_mine_but_i_could_be_yours.html
2025-10-06 19:50:15,548 [INFO] Index created: C:\Users\willo\OneDrive\Documents\GitHub\fics\ficArchive\index.html
2025-10-07 22:25:40,672 [INFO] Updated metadata: 1111.html
2025-10-07 22:25:40,789 [INFO] Updated metadata: accidental_add.html
2025-10-07 22:25:40,846 [INFO] Updated metadata: adagietto.html
2025-10-07 22:25:40,976 [INFO] Updated metadata: agathario_fake_dating_au.html
2025-10-07 22:25:41,081 [INFO] Updated metadata: agatha_all_along_week_2025.html
2025-10-07 22:25:41,233 [INFO] Updated metadata: alambre_pua.html
2025-10-07 22:25:41,372 [INFO] Updated metadata: albatross.html
2025-10-07 22:25:41,639 [INFO] Updated metadata: all_roads_lead_to_this.html
2025-10-07 22:25:41,714 [INFO] Updated metadata: all_the_things_we_could_do.html
2025-10-07 22:25:41,760 [INFO] Updated metadata: amor_prohibido.html
2025-10-07 22:25:41,796 [INFO] Updated metadata: and_fill_my_blank_page.html
2025-10-07 22:25:41,838 [INFO] Updated metadata: and_well_be_together_forever_and_amp_ever_more.html
2025-10-07 22:25:41,848 [INFO] Updated metadata: ANGST.html
2025-10-07 22:25:42,060 [INFO] Updated metadata: an_unexpected_visitor.html
2025-10-07 22:25:42,780 [INFO] Updated metadata: at_the_still_point_of_the_turning_world.html
2025-10-07 22:25:42,802 [INFO] Updated metadata: a_drunken_menace.html
2025-10-07 22:25:42,974 [INFO] Updated metadata: a_kingdom_by_the_night.html
2025-10-07 22:25:43,226 [INFO] Updated metadata: a_tentative_ellipsis_the_parting_of_your_lips_and_the_ache_in_your_eyes.html
2025-10-07 22:25:43,328 [INFO] Updated metadata: a_witch_in_salem.html
2025-10-07 22:25:43,361 [INFO] Updated metadata: baby_its_fate_not_luck.html
2025-10-07 22:25:43,671 [INFO] Updated metadata: ban_all_the_music.html
2025-10-07 22:25:43,735 [INFO] Updated metadata: beneath_the_scars.html
2025-10-07 22:25:43,891 [INFO] Updated metadata: beneath_the_stars.html
2025-10-07 22:25:43,961 [INFO] Updated metadata: between_the_flames_and_her_eyes.html
2025-10-07 22:25:44,019 [INFO] Updated metadata: bewitched.html
2025-10-07 22:25:44,045 [INFO] Updated metadata: bitches_i_dont_trust_them_but_they_give_me_what_i_want_for_the_night.html
2025-10-07 22:25:44,094 [INFO] Updated metadata: blade_of_grass.html
2025-10-07 22:25:44,174 [INFO] Updated metadata: bound_by_oath_undone_by_you.html
2025-10-07 22:25:44,208 [INFO] Updated metadata: broken_deal.html
2025-10-07 22:25:44,324 [INFO] Updated metadata: bush_league.html
2025-10-07 22:25:44,405 [INFO] Updated metadata: but_i_love_you_just_the_same.html
2025-10-07 22:25:44,838 [INFO] Updated metadata: but_we_cant.html
2025-10-07 22:25:44,882 [INFO] Updated metadata: candlelight_whispers_me_where_to_go.html
2025-10-07 22:25:45,000 [INFO] Updated metadata: cant_be_a_good_girl_even_if_i_tried.html
2025-10-07 22:25:45,039 [INFO] Updated metadata: catalysis.html
2025-10-07 22:25:45,167 [INFO] Updated metadata: catch_me_when_i_fall_for_you.html
2025-10-07 22:25:45,191 [INFO] Updated metadata: checkmate.html
2025-10-07 22:25:45,274 [INFO] Updated metadata: close_enough_for_love.html
2025-10-07 22:25:45,304 [INFO] Updated metadata: close_to_you.html
2025-10-07 22:25:45,391 [INFO] Updated metadata: cool_about_it.html
2025-10-07 22:25:45,456 [INFO] Updated metadata: creator_you_destroy_me.html
2025-10-07 22:25:45,559 [INFO] Updated metadata: crescendo.html
2025-10-07 22:25:45,681 [INFO] Updated metadata: dearest_agatha.html
2025-10-07 22:25:45,764 [INFO] Updated metadata: deaths_echo.html
2025-10-07 22:25:45,788 [INFO] Updated metadata: devotion_is_for_fools.html
2025-10-07 22:25:45,841 [INFO] Updated metadata: disdainfully_hers.html
2025-10-07 22:25:45,940 [INFO] Updated metadata: dont_be_afraid_of_me_im_what_you_need.html
2025-10-07 22:25:46,096 [INFO] Updated metadata: everything_looks_better_in_hindsight.html
2025-10-07 22:25:46,163 [INFO] Updated metadata: exceptions.html
2025-10-07 22:25:46,612 [INFO] Updated metadata: falling_for_the_enemy.html
2025-10-07 22:25:46,716 [INFO] Updated metadata: family_line.html
2025-10-07 22:25:46,846 [INFO] Updated metadata: figured_you_out.html
2025-10-07 22:25:46,890 [INFO] Updated metadata: five_seconds.html
2025-10-07 22:25:46,964 [INFO] Updated metadata: fold_your_wings.html
2025-10-07 22:25:46,988 [INFO] Updated metadata: for_the_love_of_spring.html
2025-10-07 22:25:47,197 [INFO] Updated metadata: for_your_consideration.html
2025-10-07 22:25:47,234 [INFO] Updated metadata: giving_my_heart_over_to_you.html
2025-10-07 22:25:47,473 [INFO] Updated metadata: glitter_glue_and_signs_of_life.html
2025-10-07 22:25:47,769 [INFO] Updated metadata: god_knows_you_need_it.html
2025-10-07 22:25:47,951 [INFO] Updated metadata: going_viral.html
2025-10-07 22:25:47,975 [INFO] Updated metadata: green_is_the_colour_of_her_kind.html
2025-10-07 22:25:48,093 [INFO] Updated metadata: guilty_as_sin.html
2025-10-07 22:25:48,127 [INFO] Updated metadata: happiest_season.html
2025-10-07 22:25:48,225 [INFO] Updated metadata: harkness.html
2025-10-07 22:25:48,400 [INFO] Updated metadata: harkness_pathology.html
2025-10-07 22:25:48,433 [INFO] Updated metadata: heart_beats_like_a_drummer.html
2025-10-07 22:25:48,861 [INFO] Updated metadata: Here_With_You_Now.html
2025-10-07 22:25:49,023 [INFO] Updated metadata: honey_youre_familiar.html
2025-10-07 22:25:49,262 [INFO] Updated metadata: how_it_started.html
2025-10-07 22:25:49,315 [INFO] Updated metadata: how_many_corners_do_i_have_to_turn_how_many_times_do_i_have_to_learn.html
2025-10-07 22:25:49,967 [INFO] Updated metadata: if_this_was_a_movie.html
2025-10-07 22:25:50,139 [INFO] Updated metadata: illicit_affairs.html
2025-10-07 22:25:50,206 [INFO] Updated metadata: ill_be_your_garbage_man.html
2025-10-07 22:25:50,285 [INFO] Updated metadata: ill_hear_you_even_when_you_cant_speak.html
2025-10-07 22:25:50,317 [INFO] Updated metadata: im_leaving_here_with_you.html
2025-10-07 22:25:50,570 [INFO] Updated metadata: im_sorry_i_love_you.html
2025-10-07 22:25:50,638 [INFO] Updated metadata: in_the_deep_end.html
2025-10-07 22:25:50,883 [INFO] Updated metadata: in_the_shadows_of_the_pines.html
2025-10-07 22:25:51,149 [INFO] Updated metadata: is_it_casual_now.html
2025-10-07 22:25:51,199 [INFO] Updated metadata: itll_all_work_out.html
2025-10-07 22:25:51,574 [INFO] Updated metadata: its_bloody_and_raw_but_i_swear_its_sweet.html
2025-10-07 22:25:51,600 [INFO] Updated metadata: its_bloody_and_raw_but_i_swear_it_is_sweet.html
2025-10-07 22:25:51,654 [INFO] Updated metadata: its_just_in_my_nature.html
2025-10-07 22:25:51,876 [INFO] Updated metadata: its_never_quite_as_it_seems_hiyouve_got_mail.html
2025-10-07 22:25:52,172 [INFO] Updated metadata: Its_strictly_business.html
2025-10-07 22:25:52,306 [INFO] Updated metadata: i_could_not_stop_for_death.html
2025-10-07 22:25:52,644 [INFO] Updated metadata: i_tore_you_apart_in_my_head.html
2025-10-07 22:25:52,676 [INFO] Updated metadata: i_was_your_starry_eyed_lover_and_the_one_that_you_saw.html
2025-10-07 22:25:52,698 [INFO] Updated metadata: i_will_wait_up_for_you_dear.html
2025-10-07 22:25:52,805 [INFO] Updated metadata: i_wonder_which_cup_youll_drink_from_i_hope_its_mine.html
2025-10-07 22:25:52,868 [INFO] Updated metadata: just_between_us_did_the_love_affair_maim_you_too.html
2025-10-07 22:25:52,933 [INFO] Updated metadata: let_go.html
2025-10-07 22:25:52,976 [INFO] Updated metadata: let_me_wrap_my_teeth_around_the_world.html
2025-10-07 22:25:53,021 [INFO] Updated metadata: life_after_love_can_we_find_it_again.html
2025-10-07 22:25:53,087 [INFO] Updated metadata: like_a_hurricane.html
2025-10-07 22:25:53,131 [INFO] Updated metadata: love_and_amp_politics.html
2025-10-07 22:25:53,161 [INFO] Updated metadata: love_is_a_four_letter_word.html
2025-10-07 22:25:53,246 [INFO] Updated metadata: love_is_a_witch.html
2025-10-07 22:25:53,382 [INFO] Updated metadata: love_me_tender.html
2025-10-07 22:25:53,549 [INFO] Updated metadata: love_persevering.html
2025-10-07 22:25:53,933 [INFO] Updated metadata: luminous.html
2025-10-07 22:25:53,963 [INFO] Updated metadata: mandevillas.html
2025-10-07 22:25:54,002 [INFO] Updated metadata: meetcute.html
2025-10-07 22:25:54,083 [INFO] Updated metadata: meet_me_at_the_end.html
2025-10-07 22:25:54,509 [INFO] Updated metadata: mrs_and_amp_mrs_harkness-vidal.html
2025-10-07 22:25:55,131 [INFO] Updated metadata: my_boy_builds_coffins.html
2025-10-07 22:25:55,418 [INFO] Updated metadata: my_cries_and_your_whispers.html
2025-10-07 22:25:55,589 [INFO] Updated metadata: my_love_mine_all_mine.html
2025-10-07 22:25:55,724 [INFO] Updated metadata: my_safeword_is_safeword.html
2025-10-07 22:25:55,764 [INFO] Updated metadata: naughty_and_amp_nice.html
2025-10-07 22:25:56,126 [INFO] Updated metadata: night_shift.html
2025-10-07 22:25:56,310 [INFO] Updated metadata: not_my_type.html
2025-10-07 22:25:56,331 [INFO] Updated metadata: not_over_dramatic_i_know_what_i_want.html
2025-10-07 22:25:56,542 [INFO] Updated metadata: number_13.html
2025-10-07 22:25:56,624 [INFO] Updated metadata: obsessed.html
2025-10-07 22:25:56,836 [INFO] Updated metadata: one_way_or_another.html
2025-10-07 22:25:56,942 [INFO] Updated metadata: power_play.html
2025-10-07 22:25:57,050 [INFO] Updated metadata: purple_and_green.html
2025-10-07 22:25:57,161 [INFO] Updated metadata: put_it_on_the_line.html
2025-10-07 22:25:57,334 [INFO] Updated metadata: reaching_out_for_more.html
2025-10-07 22:25:57,362 [INFO] Updated metadata: red_in_claw_red_in_love.html
2025-10-07 22:25:57,387 [INFO] Updated metadata: red_thread_of_fate.html
2025-10-07 22:25:57,710 [INFO] Updated metadata: rented_hearts.html
2025-10-07 22:25:57,730 [INFO] Updated metadata: rios_toxic_embrace.html
2025-10-07 22:25:57,993 [INFO] Updated metadata: rio_vidal_does_not_give_a_damn.html
2025-10-07 22:25:58,259 [INFO] Updated metadata: roommates_of_destruction.html
2025-10-07 22:25:58,347 [INFO] Updated metadata: roses_are_red_orchids_arepurple.html
2025-10-07 22:25:58,369 [INFO] Updated metadata: roster.html
2025-10-07 22:25:58,428 [INFO] Updated metadata: rules_for_co-parenting_with_your_witch_of_an_ex.html
2025-10-07 22:25:58,501 [INFO] Updated metadata: scherzo.html
2025-10-07 22:25:58,526 [INFO] Updated metadata: secrets_and_amp_suspenders.html
2025-10-07 22:25:58,582 [INFO] Updated metadata: shatter_your_illusions.html
2025-10-07 22:25:58,606 [INFO] Updated metadata: she_drives_me_crazy.html
2025-10-07 22:25:58,663 [INFO] Updated metadata: she_gets_the_job_done.html
2025-10-07 22:25:58,806 [INFO] Updated metadata: she_looks_like_the_real_thing_she_tastes_like_the_real_thing.html
2025-10-07 22:25:59,172 [INFO] Updated metadata: silver_springs.html
2025-10-07 22:25:59,221 [INFO] Updated metadata: Somebody_to_Hold.html
2025-10-07 22:25:59,501 [INFO] Updated metadata: stuck_in_orbit.html
2025-10-07 22:25:59,692 [INFO] Updated metadata: sugar_and_honey.html
2025-10-07 22:25:59,843 [INFO] Updated metadata: summa_cum_laude.html
2025-10-07 22:25:59,981 [INFO] Updated metadata: take_it_from_the_top_you_are_a_bottom.html
2025-10-07 22:26:00,098 [INFO] Updated metadata: tempus_voluntas_spatium.html
2025-10-07 22:26:00,138 [INFO] Updated metadata: theres_no_one_else_who_could_the_only_one_is_you.html
2025-10-07 22:26:00,246 [INFO] Updated metadata: there_is_no_death_for_witches_only_transformation.html
2025-10-07 22:26:00,318 [WARNING] the_art_of_appearances.html: no <title>; will fall back to filename for rename
2025-10-07 22:26:00,356 [INFO] Updated metadata: the_art_of_appearances.html
2025-10-07 22:26:00,553 [INFO] Updated metadata: the_art_of_keeping_a_secret.html
2025-10-07 22:26:00,653 [INFO] Updated metadata: the_bad_thing.html
2025-10-07 22:26:00,760 [INFO] Updated metadata: the_beach_house.html
2025-10-07 22:26:00,979 [INFO] Updated metadata: The_Best_Medicine.html
2025-10-07 22:26:01,071 [INFO] Updated metadata: the_case_of_the_robbery_gone_wrong.html
2025-10-07 22:26:01,107 [INFO] Updated metadata: the_dare.html
2025-10-07 22:26:01,147 [INFO] Updated metadata: the_devil_you_know.html
2025-10-07 22:26:01,228 [INFO] Updated metadata: the_ethics_of_attraction.html
2025-10-07 22:26:01,253 [INFO] Updated metadata: the_gift.html
2025-10-07 22:26:01,587 [INFO] Updated metadata: the_gold_and_the_rust_the_color_erupts.html
2025-10-07 22:26:01,633 [INFO] Updated metadata: the_heart_of_death.html
2025-10-07 22:26:01,711 [INFO] Updated metadata: the_heat_is_on.html
2025-10-07 22:26:01,778 [INFO] Updated metadata: the_holiday.html
2025-10-07 22:26:01,849 [INFO] Updated metadata: the_neutral_ground.html
2025-10-07 22:26:01,947 [INFO] Updated metadata: the_peculiar_patient.html
2025-10-07 22:26:02,005 [INFO] Updated metadata: the_road_twists_and_turns.html
2025-10-07 22:26:02,106 [INFO] Updated metadata: the_scientific_method_of_falling_apart.html
2025-10-07 22:26:02,453 [INFO] Updated metadata: the_space_between_notes.html
2025-10-07 22:26:02,533 [INFO] Updated metadata: the_tales_of_new_salem.html
2025-10-07 22:26:02,857 [INFO] Updated metadata: the_thread_of_fate.html
2025-10-07 22:26:02,900 [INFO] Updated metadata: the_way_i_feel_about_you_baby_cant_explain_it.html
2025-10-07 22:26:03,135 [INFO] Updated metadata: The_Witch_and_The_Wolf.html
2025-10-07 22:26:03,211 [INFO] Updated metadata: the_world_reversed.html
2025-10-07 22:26:03,499 [INFO] Updated metadata: thirst_trap.html
2025-10-07 22:26:03,611 [INFO] Updated metadata: time_in_a_bottle.html
2025-10-07 22:26:03,664 [INFO] Updated metadata: time_warp.html
2025-10-07 22:26:03,711 [INFO] Updated metadata: underneath_the_tree.html
2025-10-07 22:26:03,924 [INFO] Updated metadata: unlock_thy_hidden_gate.html
2025-10-07 22:26:04,066 [INFO] Updated metadata: unmoored_by_your_presence.html
2025-10-07 22:26:04,478 [INFO] Updated metadata: unraveled.html
2025-10-07 22:26:04,518 [INFO] Updated metadata: unsatisfied_i_skip_my_pride.html
2025-10-07 22:26:04,590 [INFO] Updated metadata: untitleddssfic.html
2025-10-07 22:26:04,676 [INFO] Updated metadata: velvet_ring.html
2025-10-07 22:26:05,026 [INFO] Updated metadata: well_i_wonder.html
2025-10-07 22:26:05,148 [INFO] Updated metadata: were_never_done.html
2025-10-07 22:26:05,559 [INFO] Updated metadata: we_found_each_other_in_the_dark.html
2025-10-07 22:26:05,582 [INFO] Updated metadata: what_a_night.html
2025-10-07 22:26:05,676 [INFO] Updated metadata: what_a_terrifying_work_of_art.html
2025-10-07 22:26:05,769 [INFO] Updated metadata: what_if_its_not_meant_for_me.html
2025-10-07 22:26:06,036 [INFO] Updated metadata: when_heartbreak_meets_jealousy.html
2025-10-07 22:26:06,075 [INFO] Updated metadata: when_we_kiss_i_have_anger_issues.html
2025-10-07 22:26:06,164 [INFO] Updated metadata: where_we_belong.html
2025-10-07 22:26:06,349 [INFO] Updated metadata: why_dont_you_want_me.html
2025-10-07 22:26:06,449 [INFO] Updated metadata: wicked_witchcraft.html
2025-10-07 22:26:06,484 [INFO] Updated metadata: witchcraft_filling_your_void.html
2025-10-07 22:26:06,530 [INFO] Updated metadata: within_reach.html
2025-10-07 22:26:06,654 [INFO] Updated metadata: wrong_number.html
2025-10-07 22:26:06,851 [INFO] Updated metadata: youd_have_to_stop_the_world.html
2025-10-07 22:26:06,982 [INFO] Updated metadata: youll_just_have_to_taste_me_when_shes_kissin_you.html
2025-10-07 22:26:07,119 [INFO] Updated metadata: you_arent_mine_for_the_taking.html
2025-10-07 22:26:07,208 [INFO] Updated metadata: you_got_me_looking_so_crazy_right_now.html
2025-10-07 22:26:07,234 [INFO] Updated metadata: you_make_loving_fun.html
2025-10-07 22:26:07,368 [INFO] Updated metadata: you_may_not_be_mine_but_i_could_be_yours.html
2025-10-07 22:26:26,149 [INFO] Index created: C:\Users\willo\OneDrive\Documents\GitHub\fics\ficArchive\index.html
2025-11-07 18:06:17,123 [INFO] Updated metadata: 1111 (1).html
2025-11-07 18:06:17,142 [INFO] Renamed 1111 (1).html -> 1111.html
2025-11-07 18:06:17,177 [INFO] Updated metadata: astonishment_and_joy.html
2025-11-07 18:06:17,389 [INFO] Updated metadata: A_Tentative_Ellipsis_the.html
2025-11-07 18:06:17,389 [INFO] Renamed A_Tentative_Ellipsis_the.html -> a_tentative_ellipsis_the_parting_of_your_lips_and_the_ache_in_your_eyes.html
2025-11-07 18:06:17,856 [INFO] Updated metadata: But_We_Cant (1).html
2025-11-07 18:06:17,856 [INFO] Renamed But_We_Cant (1).html -> but_we_cant.html
2025-11-07 18:06:17,987 [INFO] Updated metadata: Cant_Be_a_Good_Girl_Even.html
2025-11-07 18:06:17,990 [INFO] Renamed Cant_Be_a_Good_Girl_Even.html -> cant_be_a_good_girl_even_if_i_tried.html
2025-11-07 18:06:18,436 [INFO] Updated metadata: Chance_to_Fix.html
2025-11-07 18:06:18,537 [INFO] Updated metadata: family_line (1).html
2025-11-07 18:06:18,539 [INFO] Renamed family_line (1).html -> family_line.html
2025-11-07 18:06:18,560 [INFO] Updated metadata: Five_Days_Four_Nights.html
2025-11-07 18:06:18,887 [INFO] Updated metadata: For_Your_Consideration (1).html
2025-11-07 18:06:18,887 [INFO] Renamed For_Your_Consideration (1).html -> for_your_consideration.html
2025-11-07 18:06:18,958 [INFO] Updated metadata: For_You_To_Be_Still.html
2025-11-07 18:06:18,966 [INFO] Updated metadata: garden_of_eden.html
2025-11-07 18:06:19,245 [INFO] Updated metadata: Harkness_Pathology (1).html
2025-11-07 18:06:19,249 [INFO] Renamed Harkness_Pathology (1).html -> harkness_pathology.html
2025-11-07 18:06:19,288 [INFO] Updated metadata: If_youre_not_falling.html
2025-11-07 18:06:19,288 [INFO] Renamed If_youre_not_falling.html -> if_youre_not_falling_youre_not_trying.html
2025-11-07 18:06:19,377 [INFO] Updated metadata: Ill_follow_you_down_til.html
2025-11-07 18:06:19,381 [INFO] Renamed Ill_follow_you_down_til.html -> ill_follow_you_down_til_the_sound_of_my_voice_will_haunt_you.html
2025-11-07 18:06:19,422 [INFO] Updated metadata: Ill_Give_What_I_Get.html
2025-11-07 18:06:19,444 [INFO] Updated metadata: Im_Yours.html
2025-11-07 18:06:19,772 [INFO] Updated metadata: Its_strictly_business.html
2025-11-07 18:06:19,795 [INFO] Updated metadata: i_dont_care_that_youre_a.html
2025-11-07 18:06:19,795 [INFO] Renamed i_dont_care_that_youre_a.html -> i_dont_care_that_youre_a_stoner_fall_right_into_me.html
2025-11-07 18:06:19,822 [INFO] Updated metadata: I_follow_your_perfume.html
2025-11-07 18:06:20,177 [INFO] Updated metadata: I_Tore_You_Apart_In_My (1).html
2025-11-07 18:06:20,177 [INFO] Renamed I_Tore_You_Apart_In_My (1).html -> i_tore_you_apart_in_my_head.html
2025-11-07 18:06:20,209 [INFO] Updated metadata: just_hold_on.html
2025-11-07 18:06:20,225 [INFO] Updated metadata: juxtaposition_in_fate.html
2025-11-07 18:06:20,257 [INFO] Updated metadata: kaleidoscope.html
2025-11-07 18:06:20,273 [INFO] Updated metadata: kiss_my_petals_weave_me.html
2025-11-07 18:06:20,273 [INFO] Renamed kiss_my_petals_weave_me.html -> kiss_my_petals_weave_me_through_a_dream.html
2025-11-07 18:06:20,323 [INFO] Updated metadata: Pushing_It_Down_and.html
2025-11-07 18:06:20,327 [INFO] Renamed Pushing_It_Down_and.html -> pushing_it_down_and_praying.html
2025-11-07 18:06:20,357 [INFO] Updated metadata: Questions.html
2025-11-07 18:06:20,973 [INFO] Updated metadata: Second_Chances.html
2025-11-07 18:06:21,055 [INFO] Updated metadata: Somebody_to_Hold.html
2025-11-07 18:06:21,188 [INFO] Updated metadata: Tempus_Voluntas_Spatium (1).html
2025-11-07 18:06:21,199 [INFO] Renamed Tempus_Voluntas_Spatium (1).html -> tempus_voluntas_spatium.html
2025-11-07 18:06:21,230 [INFO] Updated metadata: Theres_Something_Just_a.html
2025-11-07 18:06:21,230 [INFO] Renamed Theres_Something_Just_a.html -> theres_something_just_a_little_more_than_ecstasy.html
2025-11-07 18:06:21,246 [INFO] Updated metadata: The_Birthday_Gift.html
2025-11-07 18:06:21,554 [INFO] Updated metadata: The_Thread_Of_Fate (1).html
2025-11-07 18:06:21,554 [INFO] Renamed The_Thread_Of_Fate (1).html -> the_thread_of_fate.html
2025-11-07 18:06:21,757 [INFO] Updated metadata: The_Witches_Bodyguard.html
2025-11-07 18:06:21,861 [INFO] Updated metadata: the_witchy_CEO.html
2025-11-07 18:06:21,952 [INFO] Updated metadata: Time_in_a_Bottle (1).html
2025-11-07 18:06:21,969 [INFO] Renamed Time_in_a_Bottle (1).html -> time_in_a_bottle.html
2025-11-07 18:06:22,012 [INFO] Updated metadata: udon_know_how_much_I.html
2025-11-07 18:06:22,016 [INFO] Renamed udon_know_how_much_I.html -> udon_know_how_much_i_crave_you.html
2025-11-07 18:06:22,036 [INFO] Updated metadata: want_take_have.html
2025-11-07 18:06:22,071 [INFO] Updated metadata: what_if_my_heart_belongs.html
2025-11-07 18:06:22,090 [INFO] Renamed what_if_my_heart_belongs.html -> what_if_my_heart_belongs_to_you.html
2025-11-07 18:06:22,135 [INFO] Updated metadata: What_the_Body_Knows.html
2025-11-07 18:06:22,245 [INFO] Updated metadata: Wicked_Witchcraft (1).html
2025-11-07 18:06:22,245 [INFO] Renamed Wicked_Witchcraft (1).html -> wicked_witchcraft.html
2025-11-07 18:06:22,372 [INFO] Updated metadata: youll_find_me_on_my.html
2025-11-07 18:06:22,388 [INFO] Renamed youll_find_me_on_my.html -> youll_find_me_on_my_tallest_tiptoes.html
2025-11-07 18:06:22,388 [INFO] Updated metadata: you_look_so_pretty_when.html
2025-11-07 18:06:22,404 [INFO] Renamed you_look_so_pretty_when.html -> you_look_so_pretty_when_youre_on_your_knees.html
2025-11-07 18:06:22,516 [INFO] Updated metadata: you_may_not_be_mine_but.html
2025-11-07 18:06:22,516 [INFO] Renamed you_may_not_be_mine_but.html -> you_may_not_be_mine_but_i_could_be_yours.html
2025-11-07 18:06:28,549 [INFO] Index created: C:\Users\willo\OneDrive\Documents\GitHub\fics\ficArchive\staging\index.html
2025-11-07 18:07:58,926 [INFO] Updated metadata: 1111.html
2025-11-07 18:07:59,058 [INFO] Updated metadata: accidental_add.html
2025-11-07 18:07:59,108 [INFO] Updated metadata: adagietto.html
2025-11-07 18:07:59,207 [INFO] Updated metadata: agathario_fake_dating_au.html
2025-11-07 18:07:59,291 [INFO] Updated metadata: agatha_all_along_week_2025.html
2025-11-07 18:07:59,408 [INFO] Updated metadata: alambre_pua.html
2025-11-07 18:07:59,558 [INFO] Updated metadata: albatross.html
2025-11-07 18:07:59,823 [INFO] Updated metadata: all_roads_lead_to_this.html
2025-11-07 18:07:59,891 [INFO] Updated metadata: all_the_things_we_could_do.html
2025-11-07 18:07:59,940 [INFO] Updated metadata: amor_prohibido.html
2025-11-07 18:07:59,974 [INFO] Updated metadata: and_fill_my_blank_page.html
2025-11-07 18:08:00,008 [INFO] Updated metadata: and_well_be_together_forever_and_amp_ever_more.html
2025-11-07 18:08:00,027 [INFO] Updated metadata: ANGST.html
2025-11-07 18:08:00,224 [INFO] Updated metadata: an_unexpected_visitor.html
2025-11-07 18:08:00,254 [INFO] Updated metadata: astonishment_and_joy.html
2025-11-07 18:08:00,920 [INFO] Updated metadata: at_the_still_point_of_the_turning_world.html
2025-11-07 18:08:00,977 [INFO] Updated metadata: a_drunken_menace.html
2025-11-07 18:08:01,153 [INFO] Updated metadata: a_kingdom_by_the_night.html
2025-11-07 18:08:01,353 [INFO] Updated metadata: a_tentative_ellipsis_the_parting_of_your_lips_and_the_ache_in_your_eyes.html
2025-11-07 18:08:01,473 [INFO] Updated metadata: a_witch_in_salem.html
2025-11-07 18:08:01,495 [INFO] Updated metadata: baby_its_fate_not_luck.html
2025-11-07 18:08:01,769 [INFO] Updated metadata: ban_all_the_music.html
2025-11-07 18:08:01,822 [INFO] Updated metadata: beneath_the_scars.html
2025-11-07 18:08:01,997 [INFO] Updated metadata: beneath_the_stars.html
2025-11-07 18:08:02,063 [INFO] Updated metadata: between_the_flames_and_her_eyes.html
2025-11-07 18:08:02,090 [INFO] Updated metadata: bewitched.html
2025-11-07 18:08:02,106 [INFO] Updated metadata: bitches_i_dont_trust_them_but_they_give_me_what_i_want_for_the_night.html
2025-11-07 18:08:02,138 [INFO] Updated metadata: blade_of_grass.html
2025-11-07 18:08:02,217 [INFO] Updated metadata: bound_by_oath_undone_by_you.html
2025-11-07 18:08:02,284 [INFO] Updated metadata: broken_deal.html
2025-11-07 18:08:02,387 [INFO] Updated metadata: bush_league.html
2025-11-07 18:08:02,502 [INFO] Updated metadata: but_i_love_you_just_the_same.html
2025-11-07 18:08:02,914 [INFO] Updated metadata: but_we_cant.html
2025-11-07 18:08:02,936 [INFO] Updated metadata: candlelight_whispers_me_where_to_go.html
2025-11-07 18:08:03,050 [INFO] Updated metadata: cant_be_a_good_girl_even_if_i_tried.html
2025-11-07 18:08:03,090 [INFO] Updated metadata: catalysis.html
2025-11-07 18:08:03,252 [INFO] Updated metadata: catch_me_when_i_fall_for_you.html
2025-11-07 18:08:03,652 [INFO] Updated metadata: Chance_to_Fix.html
2025-11-07 18:08:03,668 [INFO] Updated metadata: checkmate.html
2025-11-07 18:08:03,747 [INFO] Updated metadata: close_enough_for_love.html
2025-11-07 18:08:03,763 [INFO] Updated metadata: close_to_you.html
2025-11-07 18:08:03,860 [INFO] Updated metadata: cool_about_it.html
2025-11-07 18:08:03,891 [INFO] Updated metadata: creator_you_destroy_me.html
2025-11-07 18:08:04,003 [INFO] Updated metadata: crescendo.html
2025-11-07 18:08:04,153 [INFO] Updated metadata: dearest_agatha.html
2025-11-07 18:08:04,256 [INFO] Updated metadata: deaths_echo.html
2025-11-07 18:08:04,281 [INFO] Updated metadata: devotion_is_for_fools.html
2025-11-07 18:08:04,328 [INFO] Updated metadata: disdainfully_hers.html
2025-11-07 18:08:04,391 [INFO] Updated metadata: dont_be_afraid_of_me_im_what_you_need.html
2025-11-07 18:08:04,564 [INFO] Updated metadata: everything_looks_better_in_hindsight.html
2025-11-07 18:08:04,635 [INFO] Updated metadata: exceptions.html
2025-11-07 18:08:05,075 [INFO] Updated metadata: falling_for_the_enemy.html
2025-11-07 18:08:05,158 [INFO] Updated metadata: family_line.html
2025-11-07 18:08:05,247 [INFO] Updated metadata: figured_you_out.html
2025-11-07 18:08:05,278 [INFO] Updated metadata: Five_Days_Four_Nights.html
2025-11-07 18:08:05,312 [INFO] Updated metadata: five_seconds.html
2025-11-07 18:08:05,413 [INFO] Updated metadata: fold_your_wings.html
2025-11-07 18:08:05,437 [INFO] Updated metadata: for_the_love_of_spring.html
2025-11-07 18:08:05,718 [INFO] Updated metadata: for_your_consideration.html
2025-11-07 18:08:05,797 [INFO] Updated metadata: For_You_To_Be_Still.html
2025-11-07 18:08:05,813 [INFO] Updated metadata: garden_of_eden.html
2025-11-07 18:08:05,845 [INFO] Updated metadata: giving_my_heart_over_to_you.html
2025-11-07 18:08:06,058 [INFO] Updated metadata: glitter_glue_and_signs_of_life.html
2025-11-07 18:08:06,320 [INFO] Updated metadata: god_knows_you_need_it.html
2025-11-07 18:08:06,487 [INFO] Updated metadata: going_viral.html
2025-11-07 18:08:06,503 [INFO] Updated metadata: green_is_the_colour_of_her_kind.html
2025-11-07 18:08:06,641 [INFO] Updated metadata: guilty_as_sin.html
2025-11-07 18:08:06,673 [INFO] Updated metadata: happiest_season.html
2025-11-07 18:08:06,751 [INFO] Updated metadata: harkness.html
2025-11-07 18:08:06,941 [INFO] Updated metadata: harkness_pathology.html
2025-11-07 18:08:06,973 [INFO] Updated metadata: heart_beats_like_a_drummer.html
2025-11-07 18:08:07,377 [INFO] Updated metadata: Here_With_You_Now.html
2025-11-07 18:08:07,563 [INFO] Updated metadata: honey_youre_familiar.html
2025-11-07 18:08:07,751 [INFO] Updated metadata: how_it_started.html
2025-11-07 18:08:07,843 [INFO] Updated metadata: how_many_corners_do_i_have_to_turn_how_many_times_do_i_have_to_learn.html
2025-11-07 18:08:08,461 [INFO] Updated metadata: if_this_was_a_movie.html
2025-11-07 18:08:08,506 [INFO] Updated metadata: if_youre_not_falling_youre_not_trying.html
2025-11-07 18:08:08,705 [INFO] Updated metadata: illicit_affairs.html
2025-11-07 18:08:08,802 [INFO] Updated metadata: ill_be_your_garbage_man.html
2025-11-07 18:08:08,875 [INFO] Updated metadata: ill_follow_you_down_til_the_sound_of_my_voice_will_haunt_you.html
2025-11-07 18:08:08,918 [INFO] Updated metadata: Ill_Give_What_I_Get.html
2025-11-07 18:08:08,998 [INFO] Updated metadata: ill_hear_you_even_when_you_cant_speak.html
2025-11-07 18:08:09,027 [INFO] Updated metadata: im_leaving_here_with_you.html
2025-11-07 18:08:09,223 [INFO] Updated metadata: im_sorry_i_love_you.html
2025-11-07 18:08:09,239 [INFO] Updated metadata: Im_Yours.html
2025-11-07 18:08:09,305 [INFO] Updated metadata: in_the_deep_end.html
2025-11-07 18:08:09,528 [INFO] Updated metadata: in_the_shadows_of_the_pines.html
2025-11-07 18:08:09,772 [INFO] Updated metadata: is_it_casual_now.html
2025-11-07 18:08:09,851 [INFO] Updated metadata: itll_all_work_out.html
2025-11-07 18:08:10,201 [INFO] Updated metadata: its_bloody_and_raw_but_i_swear_its_sweet.html
2025-11-07 18:08:10,233 [INFO] Updated metadata: its_bloody_and_raw_but_i_swear_it_is_sweet.html
2025-11-07 18:08:10,289 [INFO] Updated metadata: its_just_in_my_nature.html
2025-11-07 18:08:10,503 [INFO] Updated metadata: its_never_quite_as_it_seems_hiyouve_got_mail.html
2025-11-07 18:08:10,802 [INFO] Updated metadata: Its_strictly_business.html
2025-11-07 18:08:10,902 [INFO] Updated metadata: i_could_not_stop_for_death.html
2025-11-07 18:08:10,934 [INFO] Updated metadata: i_dont_care_that_youre_a_stoner_fall_right_into_me.html
2025-11-07 18:08:10,966 [INFO] Updated metadata: I_follow_your_perfume.html
2025-11-07 18:08:11,313 [INFO] Updated metadata: i_tore_you_apart_in_my_head.html
2025-11-07 18:08:11,340 [INFO] Updated metadata: i_was_your_starry_eyed_lover_and_the_one_that_you_saw.html
2025-11-07 18:08:11,367 [INFO] Updated metadata: i_will_wait_up_for_you_dear.html
2025-11-07 18:08:11,435 [INFO] Updated metadata: i_wonder_which_cup_youll_drink_from_i_hope_its_mine.html
2025-11-07 18:08:11,514 [INFO] Updated metadata: just_between_us_did_the_love_affair_maim_you_too.html
2025-11-07 18:08:11,552 [INFO] Updated metadata: just_hold_on.html
2025-11-07 18:08:11,573 [INFO] Updated metadata: juxtaposition_in_fate.html
2025-11-07 18:08:11,589 [INFO] Updated metadata: kaleidoscope.html
2025-11-07 18:08:11,605 [INFO] Updated metadata: kiss_my_petals_weave_me_through_a_dream.html
2025-11-07 18:08:11,672 [INFO] Updated metadata: let_go.html
2025-11-07 18:08:11,751 [INFO] Updated metadata: let_me_wrap_my_teeth_around_the_world.html
2025-11-07 18:08:11,798 [INFO] Updated metadata: life_after_love_can_we_find_it_again.html
2025-11-07 18:08:11,861 [INFO] Updated metadata: like_a_hurricane.html
2025-11-07 18:08:11,905 [INFO] Updated metadata: love_and_amp_politics.html
2025-11-07 18:08:11,936 [INFO] Updated metadata: love_is_a_four_letter_word.html
2025-11-07 18:08:12,016 [INFO] Updated metadata: love_is_a_witch.html
2025-11-07 18:08:12,138 [INFO] Updated metadata: love_me_tender.html
2025-11-07 18:08:12,309 [INFO] Updated metadata: love_persevering.html
2025-11-07 18:08:12,621 [INFO] Updated metadata: luminous.html
2025-11-07 18:08:12,708 [INFO] Updated metadata: mandevillas.html
2025-11-07 18:08:12,749 [INFO] Updated metadata: meetcute.html
2025-11-07 18:08:12,813 [INFO] Updated metadata: meet_me_at_the_end.html
2025-11-07 18:08:13,233 [INFO] Updated metadata: mrs_and_amp_mrs_harkness-vidal.html
2025-11-07 18:08:13,859 [INFO] Updated metadata: my_boy_builds_coffins.html
2025-11-07 18:08:14,169 [INFO] Updated metadata: my_cries_and_your_whispers.html
2025-11-07 18:08:14,280 [INFO] Updated metadata: my_love_mine_all_mine.html
2025-11-07 18:08:14,407 [INFO] Updated metadata: my_safeword_is_safeword.html
2025-11-07 18:08:14,455 [INFO] Updated metadata: naughty_and_amp_nice.html
2025-11-07 18:08:14,826 [INFO] Updated metadata: night_shift.html
2025-11-07 18:08:15,016 [INFO] Updated metadata: not_my_type.html
2025-11-07 18:08:15,048 [INFO] Updated metadata: not_over_dramatic_i_know_what_i_want.html
2025-11-07 18:08:15,264 [INFO] Updated metadata: number_13.html
2025-11-07 18:08:15,312 [INFO] Updated metadata: obsessed.html
2025-11-07 18:08:15,502 [INFO] Updated metadata: one_way_or_another.html
2025-11-07 18:08:15,622 [INFO] Updated metadata: power_play.html
2025-11-07 18:08:15,702 [INFO] Updated metadata: purple_and_green.html
2025-11-07 18:08:15,750 [INFO] Updated metadata: pushing_it_down_and_praying.html
2025-11-07 18:08:15,877 [INFO] Updated metadata: put_it_on_the_line.html
2025-11-07 18:08:15,892 [INFO] Updated metadata: Questions.html
2025-11-07 18:08:16,074 [INFO] Updated metadata: reaching_out_for_more.html
2025-11-07 18:08:16,108 [INFO] Updated metadata: red_in_claw_red_in_love.html
2025-11-07 18:08:16,154 [INFO] Updated metadata: red_thread_of_fate.html
2025-11-07 18:08:16,505 [INFO] Updated metadata: rented_hearts.html
2025-11-07 18:08:16,524 [INFO] Updated metadata: rios_toxic_embrace.html
2025-11-07 18:08:16,789 [INFO] Updated metadata: rio_vidal_does_not_give_a_damn.html
2025-11-07 18:08:17,043 [INFO] Updated metadata: roommates_of_destruction.html
2025-11-07 18:08:17,090 [INFO] Updated metadata: roses_are_red_orchids_arepurple.html
2025-11-07 18:08:17,122 [INFO] Updated metadata: roster.html
2025-11-07 18:08:17,173 [INFO] Updated metadata: rules_for_co-parenting_with_your_witch_of_an_ex.html
2025-11-07 18:08:17,267 [INFO] Updated metadata: scherzo.html
2025-11-07 18:08:17,848 [INFO] Updated metadata: Second_Chances.html
2025-11-07 18:08:17,880 [INFO] Updated metadata: secrets_and_amp_suspenders.html
2025-11-07 18:08:17,928 [INFO] Updated metadata: shatter_your_illusions.html
2025-11-07 18:08:17,959 [INFO] Updated metadata: she_drives_me_crazy.html
2025-11-07 18:08:18,051 [INFO] Updated metadata: she_gets_the_job_done.html
2025-11-07 18:08:18,185 [INFO] Updated metadata: she_looks_like_the_real_thing_she_tastes_like_the_real_thing.html
2025-11-07 18:08:18,545 [INFO] Updated metadata: silver_springs.html
2025-11-07 18:08:18,622 [INFO] Updated metadata: Somebody_to_Hold.html
2025-11-07 18:08:18,962 [INFO] Updated metadata: stuck_in_orbit.html
2025-11-07 18:08:19,183 [INFO] Updated metadata: sugar_and_honey.html
2025-11-07 18:08:19,353 [INFO] Updated metadata: summa_cum_laude.html
2025-11-07 18:08:19,548 [INFO] Updated metadata: take_it_from_the_top_you_are_a_bottom.html
2025-11-07 18:08:19,638 [INFO] Updated metadata: tempus_voluntas_spatium.html
2025-11-07 18:08:19,701 [INFO] Updated metadata: theres_no_one_else_who_could_the_only_one_is_you.html
2025-11-07 18:08:19,733 [INFO] Updated metadata: theres_something_just_a_little_more_than_ecstasy.html
2025-11-07 18:08:19,839 [INFO] Updated metadata: there_is_no_death_for_witches_only_transformation.html
2025-11-07 18:08:19,919 [WARNING] the_art_of_appearances.html: no <title>; will fall back to filename for rename
2025-11-07 18:08:19,950 [INFO] Updated metadata: the_art_of_appearances.html
2025-11-07 18:08:20,150 [INFO] Updated metadata: the_art_of_keeping_a_secret.html
2025-11-07 18:08:20,218 [INFO] Updated metadata: the_bad_thing.html
2025-11-07 18:08:20,286 [INFO] Updated metadata: the_beach_house.html
2025-11-07 18:08:20,516 [INFO] Updated metadata: The_Best_Medicine.html
2025-11-07 18:08:20,534 [INFO] Updated metadata: The_Birthday_Gift.html
2025-11-07 18:08:20,606 [INFO] Updated metadata: the_case_of_the_robbery_gone_wrong.html
2025-11-07 18:08:20,667 [INFO] Updated metadata: the_dare.html
2025-11-07 18:08:20,701 [INFO] Updated metadata: the_devil_you_know.html
2025-11-07 18:08:20,765 [INFO] Updated metadata: the_ethics_of_attraction.html
2025-11-07 18:08:20,781 [INFO] Updated metadata: the_gift.html
2025-11-07 18:08:21,106 [INFO] Updated metadata: the_gold_and_the_rust_the_color_erupts.html
2025-11-07 18:08:21,154 [INFO] Updated metadata: the_heart_of_death.html
2025-11-07 18:08:21,217 [INFO] Updated metadata: the_heat_is_on.html
2025-11-07 18:08:21,306 [INFO] Updated metadata: the_holiday.html
2025-11-07 18:08:21,397 [INFO] Updated metadata: the_neutral_ground.html
2025-11-07 18:08:21,487 [INFO] Updated metadata: the_peculiar_patient.html
2025-11-07 18:08:21,555 [INFO] Updated metadata: the_road_twists_and_turns.html
2025-11-07 18:08:21,640 [INFO] Updated metadata: the_scientific_method_of_falling_apart.html
2025-11-07 18:08:21,972 [INFO] Updated metadata: the_space_between_notes.html
2025-11-07 18:08:22,050 [INFO] Updated metadata: the_tales_of_new_salem.html
2025-11-07 18:08:22,358 [INFO] Updated metadata: the_thread_of_fate.html
2025-11-07 18:08:22,406 [INFO] Updated metadata: the_way_i_feel_about_you_baby_cant_explain_it.html
2025-11-07 18:08:22,622 [INFO] Updated metadata: The_Witches_Bodyguard.html
2025-11-07 18:08:22,701 [INFO] Updated metadata: the_witchy_CEO.html
2025-11-07 18:08:22,876 [INFO] Updated metadata: The_Witch_and_The_Wolf.html
2025-11-07 18:08:22,990 [INFO] Updated metadata: the_world_reversed.html
2025-11-07 18:08:23,294 [INFO] Updated metadata: thirst_trap.html
2025-11-07 18:08:23,375 [INFO] Updated metadata: time_in_a_bottle.html
2025-11-07 18:08:23,442 [INFO] Updated metadata: time_warp.html
2025-11-07 18:08:23,510 [INFO] Updated metadata: udon_know_how_much_i_crave_you.html
2025-11-07 18:08:23,577 [INFO] Updated metadata: underneath_the_tree.html
2025-11-07 18:08:23,792 [INFO] Updated metadata: unlock_thy_hidden_gate.html
2025-11-07 18:08:23,942 [INFO] Updated metadata: unmoored_by_your_presence.html
2025-11-07 18:08:24,386 [INFO] Updated metadata: unraveled.html
2025-11-07 18:08:24,440 [INFO] Updated metadata: unsatisfied_i_skip_my_pride.html
2025-11-07 18:08:24,520 [INFO] Updated metadata: untitleddssfic.html
2025-11-07 18:08:24,599 [INFO] Updated metadata: velvet_ring.html
2025-11-07 18:08:24,607 [INFO] Updated metadata: want_take_have.html
2025-11-07 18:08:24,942 [INFO] Updated metadata: well_i_wonder.html
2025-11-07 18:08:25,072 [INFO] Updated metadata: were_never_done.html
2025-11-07 18:08:25,480 [INFO] Updated metadata: we_found_each_other_in_the_dark.html
2025-11-07 18:08:25,512 [INFO] Updated metadata: what_a_night.html
2025-11-07 18:08:25,606 [INFO] Updated metadata: what_a_terrifying_work_of_art.html
2025-11-07 18:08:25,689 [INFO] Updated metadata: what_if_its_not_meant_for_me.html
2025-11-07 18:08:25,774 [INFO] Updated metadata: what_if_my_heart_belongs_to_you.html
2025-11-07 18:08:25,827 [INFO] Updated metadata: What_the_Body_Knows.html
2025-11-07 18:08:26,167 [INFO] Updated metadata: when_heartbreak_meets_jealousy.html
2025-11-07 18:08:26,223 [INFO] Updated metadata: when_we_kiss_i_have_anger_issues.html
2025-11-07 18:08:26,298 [INFO] Updated metadata: where_we_belong.html
2025-11-07 18:08:26,479 [INFO] Updated metadata: why_dont_you_want_me.html
2025-11-07 18:08:26,626 [INFO] Updated metadata: wicked_witchcraft.html
2025-11-07 18:08:26,657 [INFO] Updated metadata: witchcraft_filling_your_void.html
2025-11-07 18:08:26,722 [INFO] Updated metadata: within_reach.html
2025-11-07 18:08:26,834 [INFO] Updated metadata: wrong_number.html
2025-11-07 18:08:27,007 [INFO] Updated metadata: youd_have_to_stop_the_world.html
2025-11-07 18:08:27,140 [INFO] Updated metadata: youll_find_me_on_my_tallest_tiptoes.html
2025-11-07 18:08:27,287 [INFO] Updated metadata: youll_just_have_to_taste_me_when_shes_kissin_you.html
2025-11-07 18:08:27,405 [INFO] Updated metadata: you_arent_mine_for_the_taking.html
2025-11-07 18:08:27,476 [INFO] Updated metadata: you_got_me_looking_so_crazy_right_now.html
2025-11-07 18:08:27,492 [INFO] Updated metadata: you_look_so_pretty_when_youre_on_your_knees.html
2025-11-07 18:08:27,525 [INFO] Updated metadata: you_make_loving_fun.html
2025-11-07 18:08:27,669 [INFO] Updated metadata: you_may_not_be_mine_but_i_could_be_yours.html
2025-11-07 18:08:49,832 [INFO] Index created: C:\Users\willo\OneDrive\Documents\GitHub\fics\ficArchive\index.html
2025-11-07 18:46:50,659 [INFO] Updated metadata: 1111.html
2025-11-07 18:46:50,759 [INFO] Updated metadata: accidental_add.html
2025-11-07 18:46:50,776 [INFO] Updated metadata: adagietto.html
2025-11-07 18:46:50,859 [INFO] Updated metadata: agathario_fake_dating_au.html
2025-11-07 18:46:50,929 [INFO] Updated metadata: agatha_all_along_week_2025.html
2025-11-07 18:46:51,026 [INFO] Updated metadata: alambre_pua.html
2025-11-07 18:46:51,159 [INFO] Updated metadata: albatross.html
2025-11-07 18:46:51,392 [INFO] Updated metadata: all_roads_lead_to_this.html
2025-11-07 18:46:51,460 [INFO] Updated metadata: all_the_things_we_could_do.html
2025-11-07 18:46:51,482 [INFO] Updated metadata: amor_prohibido.html
2025-11-07 18:46:51,500 [INFO] Updated metadata: and_fill_my_blank_page.html
2025-11-07 18:46:51,511 [INFO] Updated metadata: and_well_be_together_forever_and_amp_ever_more.html
2025-11-07 18:46:51,520 [INFO] Updated metadata: ANGST.html
2025-11-07 18:46:51,700 [INFO] Updated metadata: an_unexpected_visitor.html
2025-11-07 18:46:51,733 [INFO] Updated metadata: astonishment_and_joy.html
2025-11-07 18:46:52,382 [INFO] Updated metadata: at_the_still_point_of_the_turning_world.html
2025-11-07 18:46:52,404 [INFO] Updated metadata: a_drunken_menace.html
2025-11-07 18:46:52,549 [INFO] Updated metadata: a_kingdom_by_the_night.html
2025-11-07 18:46:52,758 [INFO] Updated metadata: a_tentative_ellipsis_the_parting_of_your_lips_and_the_ache_in_your_eyes.html
2025-11-07 18:46:52,842 [INFO] Updated metadata: a_witch_in_salem.html
2025-11-07 18:46:52,857 [INFO] Updated metadata: baby_its_fate_not_luck.html
2025-11-07 18:46:53,122 [INFO] Updated metadata: ban_all_the_music.html
2025-11-07 18:46:53,169 [INFO] Updated metadata: beneath_the_scars.html
2025-11-07 18:46:53,325 [INFO] Updated metadata: beneath_the_stars.html
2025-11-07 18:46:53,372 [INFO] Updated metadata: between_the_flames_and_her_eyes.html
2025-11-07 18:46:53,386 [INFO] Updated metadata: bewitched.html
2025-11-07 18:46:53,388 [INFO] Updated metadata: bitches_i_dont_trust_them_but_they_give_me_what_i_want_for_the_night.html
2025-11-07 18:46:53,432 [INFO] Updated metadata: blade_of_grass.html
2025-11-07 18:46:53,495 [INFO] Updated metadata: bound_by_oath_undone_by_you.html
2025-11-07 18:46:53,521 [INFO] Updated metadata: broken_deal.html
2025-11-07 18:46:53,619 [INFO] Updated metadata: bush_league.html
2025-11-07 18:46:53,706 [INFO] Updated metadata: but_i_love_you_just_the_same.html
2025-11-07 18:46:54,121 [INFO] Updated metadata: but_we_cant.html
2025-11-07 18:46:54,137 [INFO] Updated metadata: candlelight_whispers_me_where_to_go.html
2025-11-07 18:46:54,257 [INFO] Updated metadata: cant_be_a_good_girl_even_if_i_tried.html
2025-11-07 18:46:54,273 [INFO] Updated metadata: catalysis.html
2025-11-07 18:46:54,423 [INFO] Updated metadata: catch_me_when_i_fall_for_you.html
2025-11-07 18:46:54,827 [INFO] Updated metadata: Chance_to_Fix.html
2025-11-07 18:46:54,844 [INFO] Updated metadata: checkmate.html
2025-11-07 18:46:54,908 [INFO] Updated metadata: close_enough_for_love.html
2025-11-07 18:46:54,912 [INFO] Updated metadata: close_to_you.html
2025-11-07 18:46:54,989 [INFO] Updated metadata: cool_about_it.html
2025-11-07 18:46:55,025 [INFO] Updated metadata: creator_you_destroy_me.html
2025-11-07 18:46:55,102 [INFO] Updated metadata: crescendo.html
2025-11-07 18:46:55,237 [INFO] Updated metadata: dearest_agatha.html
2025-11-07 18:46:55,301 [INFO] Updated metadata: deaths_echo.html
2025-11-07 18:46:55,301 [INFO] Updated metadata: devotion_is_for_fools.html
2025-11-07 18:46:55,332 [INFO] Updated metadata: disdainfully_hers.html
2025-11-07 18:46:55,402 [INFO] Updated metadata: dont_be_afraid_of_me_im_what_you_need.html
2025-11-07 18:46:55,558 [INFO] Updated metadata: everything_looks_better_in_hindsight.html
2025-11-07 18:46:55,609 [INFO] Updated metadata: exceptions.html
2025-11-07 18:46:56,030 [INFO] Updated metadata: falling_for_the_enemy.html
2025-11-07 18:46:56,107 [INFO] Updated metadata: family_line.html
2025-11-07 18:46:56,202 [INFO] Updated metadata: figured_you_out.html
2025-11-07 18:46:56,219 [INFO] Updated metadata: Five_Days_Four_Nights.html
2025-11-07 18:46:56,234 [INFO] Updated metadata: five_seconds.html
2025-11-07 18:46:56,315 [INFO] Updated metadata: fold_your_wings.html
2025-11-07 18:46:56,331 [INFO] Updated metadata: for_the_love_of_spring.html
2025-11-07 18:46:56,638 [INFO] Updated metadata: for_your_consideration.html
2025-11-07 18:46:56,702 [INFO] Updated metadata: For_You_To_Be_Still.html
2025-11-07 18:46:56,718 [INFO] Updated metadata: garden_of_eden.html
2025-11-07 18:46:56,734 [INFO] Updated metadata: giving_my_heart_over_to_you.html
2025-11-07 18:46:56,915 [INFO] Updated metadata: glitter_glue_and_signs_of_life.html
2025-11-07 18:46:57,153 [INFO] Updated metadata: god_knows_you_need_it.html
2025-11-07 18:46:57,296 [INFO] Updated metadata: going_viral.html
2025-11-07 18:46:57,312 [INFO] Updated metadata: green_is_the_colour_of_her_kind.html
2025-11-07 18:46:57,423 [INFO] Updated metadata: guilty_as_sin.html
2025-11-07 18:46:57,455 [INFO] Updated metadata: happiest_season.html
2025-11-07 18:46:57,511 [INFO] Updated metadata: harkness.html
2025-11-07 18:46:57,717 [INFO] Updated metadata: harkness_pathology.html
2025-11-07 18:46:57,732 [INFO] Updated metadata: heart_beats_like_a_drummer.html
2025-11-07 18:46:58,108 [INFO] Updated metadata: Here_With_You_Now.html
2025-11-07 18:46:58,251 [INFO] Updated metadata: honey_youre_familiar.html
2025-11-07 18:46:58,442 [INFO] Updated metadata: how_it_started.html
2025-11-07 18:46:58,474 [INFO] Updated metadata: how_many_corners_do_i_have_to_turn_how_many_times_do_i_have_to_learn.html
2025-11-07 18:46:59,058 [INFO] Updated metadata: if_this_was_a_movie.html
2025-11-07 18:46:59,108 [INFO] Updated metadata: if_youre_not_falling_youre_not_trying.html
2025-11-07 18:46:59,255 [INFO] Updated metadata: illicit_affairs.html
2025-11-07 18:46:59,342 [INFO] Updated metadata: ill_be_your_garbage_man.html
2025-11-07 18:46:59,419 [INFO] Updated metadata: ill_follow_you_down_til_the_sound_of_my_voice_will_haunt_you.html
2025-11-07 18:46:59,462 [INFO] Updated metadata: Ill_Give_What_I_Get.html
2025-11-07 18:46:59,501 [INFO] Updated metadata: ill_hear_you_even_when_you_cant_speak.html
2025-11-07 18:46:59,516 [INFO] Updated metadata: im_leaving_here_with_you.html
2025-11-07 18:46:59,691 [INFO] Updated metadata: im_sorry_i_love_you.html
2025-11-07 18:46:59,724 [INFO] Updated metadata: Im_Yours.html
2025-11-07 18:46:59,772 [INFO] Updated metadata: in_the_deep_end.html
2025-11-07 18:46:59,963 [INFO] Updated metadata: in_the_shadows_of_the_pines.html
2025-11-07 18:47:00,207 [INFO] Updated metadata: is_it_casual_now.html
2025-11-07 18:47:00,240 [INFO] Updated metadata: itll_all_work_out.html
2025-11-07 18:47:00,558 [INFO] Updated metadata: its_bloody_and_raw_but_i_swear_its_sweet.html
2025-11-07 18:47:00,588 [INFO] Updated metadata: its_bloody_and_raw_but_i_swear_it_is_sweet.html
2025-11-07 18:47:00,622 [INFO] Updated metadata: its_just_in_my_nature.html
2025-11-07 18:47:00,836 [INFO] Updated metadata: its_never_quite_as_it_seems_hiyouve_got_mail.html
2025-11-07 18:47:01,136 [INFO] Updated metadata: Its_strictly_business.html
2025-11-07 18:47:01,243 [INFO] Updated metadata: i_could_not_stop_for_death.html
2025-11-07 18:47:01,263 [INFO] Updated metadata: i_dont_care_that_youre_a_stoner_fall_right_into_me.html
2025-11-07 18:47:01,299 [INFO] Updated metadata: I_follow_your_perfume.html
2025-11-07 18:47:01,654 [INFO] Updated metadata: i_tore_you_apart_in_my_head.html
2025-11-07 18:47:01,674 [INFO] Updated metadata: i_was_your_starry_eyed_lover_and_the_one_that_you_saw.html
2025-11-07 18:47:01,674 [INFO] Updated metadata: i_will_wait_up_for_you_dear.html
2025-11-07 18:47:01,718 [INFO] Updated metadata: i_wonder_which_cup_youll_drink_from_i_hope_its_mine.html
2025-11-07 18:47:01,773 [INFO] Updated metadata: just_between_us_did_the_love_affair_maim_you_too.html
2025-11-07 18:47:01,796 [INFO] Updated metadata: just_hold_on.html
2025-11-07 18:47:01,823 [INFO] Updated metadata: juxtaposition_in_fate.html
2025-11-07 18:47:01,839 [INFO] Updated metadata: kaleidoscope.html
2025-11-07 18:47:01,855 [INFO] Updated metadata: kiss_my_petals_weave_me_through_a_dream.html
2025-11-07 18:47:01,903 [INFO] Updated metadata: let_go.html
2025-11-07 18:47:01,951 [INFO] Updated metadata: let_me_wrap_my_teeth_around_the_world.html
2025-11-07 18:47:01,967 [INFO] Updated metadata: life_after_love_can_we_find_it_again.html
2025-11-07 18:47:02,026 [INFO] Updated metadata: like_a_hurricane.html
2025-11-07 18:47:02,052 [INFO] Updated metadata: love_and_amp_politics.html
2025-11-07 18:47:02,057 [INFO] Updated metadata: love_is_a_four_letter_word.html
2025-11-07 18:47:02,137 [INFO] Updated metadata: love_is_a_witch.html
2025-11-07 18:47:02,235 [INFO] Updated metadata: love_me_tender.html
2025-11-07 18:47:02,394 [INFO] Updated metadata: love_persevering.html
2025-11-07 18:47:02,682 [INFO] Updated metadata: luminous.html
2025-11-07 18:47:02,732 [INFO] Updated metadata: mandevillas.html
2025-11-07 18:47:02,755 [INFO] Updated metadata: meetcute.html
2025-11-07 18:47:02,812 [INFO] Updated metadata: meet_me_at_the_end.html
2025-11-07 18:47:03,170 [INFO] Updated metadata: mrs_and_amp_mrs_harkness-vidal.html
2025-11-07 18:47:03,716 [INFO] Updated metadata: my_boy_builds_coffins.html
2025-11-07 18:47:03,992 [INFO] Updated metadata: my_cries_and_your_whispers.html
2025-11-07 18:47:04,091 [INFO] Updated metadata: my_love_mine_all_mine.html
2025-11-07 18:47:04,202 [INFO] Updated metadata: my_safeword_is_safeword.html
2025-11-07 18:47:04,218 [INFO] Updated metadata: naughty_and_amp_nice.html
2025-11-07 18:47:04,558 [INFO] Updated metadata: night_shift.html
2025-11-07 18:47:04,730 [INFO] Updated metadata: not_my_type.html
2025-11-07 18:47:04,730 [INFO] Updated metadata: not_over_dramatic_i_know_what_i_want.html
2025-11-07 18:47:04,888 [INFO] Updated metadata: number_13.html
2025-11-07 18:47:04,922 [INFO] Updated metadata: obsessed.html
2025-11-07 18:47:05,075 [INFO] Updated metadata: one_way_or_another.html
2025-11-07 18:47:05,168 [INFO] Updated metadata: power_play.html
2025-11-07 18:47:05,234 [INFO] Updated metadata: purple_and_green.html
2025-11-07 18:47:05,280 [INFO] Updated metadata: pushing_it_down_and_praying.html
2025-11-07 18:47:05,377 [INFO] Updated metadata: put_it_on_the_line.html
2025-11-07 18:47:05,416 [INFO] Updated metadata: Questions.html
2025-11-07 18:47:05,574 [INFO] Updated metadata: reaching_out_for_more.html
2025-11-07 18:47:05,592 [INFO] Updated metadata: red_in_claw_red_in_love.html
2025-11-07 18:47:05,606 [INFO] Updated metadata: red_thread_of_fate.html
2025-11-07 18:47:05,892 [INFO] Updated metadata: rented_hearts.html
2025-11-07 18:47:05,892 [INFO] Updated metadata: rios_toxic_embrace.html
2025-11-07 18:47:06,153 [INFO] Updated metadata: rio_vidal_does_not_give_a_damn.html
2025-11-07 18:47:06,391 [INFO] Updated metadata: roommates_of_destruction.html
2025-11-07 18:47:06,438 [INFO] Updated metadata: roses_are_red_orchids_arepurple.html
2025-11-07 18:47:06,454 [INFO] Updated metadata: roster.html
2025-11-07 18:47:06,498 [INFO] Updated metadata: rules_for_co-parenting_with_your_witch_of_an_ex.html
2025-11-07 18:47:06,575 [INFO] Updated metadata: scherzo.html
2025-11-07 18:47:07,172 [INFO] Updated metadata: Second_Chances.html
2025-11-07 18:47:07,172 [INFO] Updated metadata: secrets_and_amp_suspenders.html
2025-11-07 18:47:07,220 [INFO] Updated metadata: shatter_your_illusions.html
2025-11-07 18:47:07,232 [INFO] Updated metadata: she_drives_me_crazy.html
2025-11-07 18:47:07,299 [INFO] Updated metadata: she_gets_the_job_done.html
2025-11-07 18:47:07,426 [INFO] Updated metadata: she_looks_like_the_real_thing_she_tastes_like_the_real_thing.html
2025-11-07 18:47:07,785 [INFO] Updated metadata: silver_springs.html
2025-11-07 18:47:07,864 [INFO] Updated metadata: Somebody_to_Hold.html
2025-11-07 18:47:08,127 [INFO] Updated metadata: stuck_in_orbit.html
2025-11-07 18:47:08,286 [INFO] Updated metadata: sugar_and_honey.html
2025-11-07 18:47:08,413 [INFO] Updated metadata: summa_cum_laude.html
2025-11-07 18:47:08,558 [INFO] Updated metadata: take_it_from_the_top_you_are_a_bottom.html
2025-11-07 18:47:08,659 [INFO] Updated metadata: tempus_voluntas_spatium.html
2025-11-07 18:47:08,691 [INFO] Updated metadata: theres_no_one_else_who_could_the_only_one_is_you.html
2025-11-07 18:47:08,723 [INFO] Updated metadata: theres_something_just_a_little_more_than_ecstasy.html
2025-11-07 18:47:08,802 [INFO] Updated metadata: there_is_no_death_for_witches_only_transformation.html
2025-11-07 18:47:08,882 [WARNING] the_art_of_appearances.html: no <title>; will fall back to filename for rename
2025-11-07 18:47:08,914 [INFO] Updated metadata: the_art_of_appearances.html
2025-11-07 18:47:09,090 [INFO] Updated metadata: the_art_of_keeping_a_secret.html
2025-11-07 18:47:09,164 [INFO] Updated metadata: the_bad_thing.html
2025-11-07 18:47:09,209 [INFO] Updated metadata: the_beach_house.html
2025-11-07 18:47:09,415 [INFO] Updated metadata: The_Best_Medicine.html
2025-11-07 18:47:09,431 [INFO] Updated metadata: The_Birthday_Gift.html
2025-11-07 18:47:09,482 [INFO] Updated metadata: the_case_of_the_robbery_gone_wrong.html
2025-11-07 18:47:09,511 [INFO] Updated metadata: the_dare.html
2025-11-07 18:47:09,526 [INFO] Updated metadata: the_devil_you_know.html
2025-11-07 18:47:09,574 [INFO] Updated metadata: the_ethics_of_attraction.html
2025-11-07 18:47:09,591 [INFO] Updated metadata: the_gift.html
2025-11-07 18:47:09,889 [INFO] Updated metadata: the_gold_and_the_rust_the_color_erupts.html
2025-11-07 18:47:09,916 [INFO] Updated metadata: the_heart_of_death.html
2025-11-07 18:47:09,964 [INFO] Updated metadata: the_heat_is_on.html
2025-11-07 18:47:10,045 [INFO] Updated metadata: the_holiday.html
2025-11-07 18:47:10,089 [INFO] Updated metadata: the_neutral_ground.html
2025-11-07 18:47:10,168 [INFO] Updated metadata: the_peculiar_patient.html
2025-11-07 18:47:10,217 [INFO] Updated metadata: the_road_twists_and_turns.html
2025-11-07 18:47:10,292 [INFO] Updated metadata: the_scientific_method_of_falling_apart.html
2025-11-07 18:47:10,574 [INFO] Updated metadata: the_space_between_notes.html
2025-11-07 18:47:10,638 [INFO] Updated metadata: the_tales_of_new_salem.html
2025-11-07 18:47:10,952 [INFO] Updated metadata: the_thread_of_fate.html
2025-11-07 18:47:10,981 [INFO] Updated metadata: the_way_i_feel_about_you_baby_cant_explain_it.html
2025-11-07 18:47:11,186 [INFO] Updated metadata: The_Witches_Bodyguard.html
2025-11-07 18:47:11,282 [INFO] Updated metadata: the_witchy_CEO.html
2025-11-07 18:47:11,421 [INFO] Updated metadata: The_Witch_and_The_Wolf.html
2025-11-07 18:47:11,488 [INFO] Updated metadata: the_world_reversed.html
2025-11-07 18:47:11,749 [INFO] Updated metadata: thirst_trap.html
2025-11-07 18:47:11,832 [INFO] Updated metadata: time_in_a_bottle.html
2025-11-07 18:47:11,859 [INFO] Updated metadata: time_warp.html
2025-11-07 18:47:11,922 [INFO] Updated metadata: udon_know_how_much_i_crave_you.html
2025-11-07 18:47:11,954 [INFO] Updated metadata: underneath_the_tree.html
2025-11-07 18:47:12,153 [INFO] Updated metadata: unlock_thy_hidden_gate.html
2025-11-07 18:47:12,264 [INFO] Updated metadata: unmoored_by_your_presence.html
2025-11-07 18:47:12,639 [INFO] Updated metadata: unraveled.html
2025-11-07 18:47:12,684 [INFO] Updated metadata: unsatisfied_i_skip_my_pride.html
2025-11-07 18:47:12,748 [INFO] Updated metadata: untitleddssfic.html
2025-11-07 18:47:12,812 [INFO] Updated metadata: velvet_ring.html
2025-11-07 18:47:12,843 [INFO] Updated metadata: want_take_have.html
2025-11-07 18:47:13,138 [INFO] Updated metadata: well_i_wonder.html
2025-11-07 18:47:13,250 [INFO] Updated metadata: were_never_done.html
2025-11-07 18:47:13,653 [INFO] Updated metadata: we_found_each_other_in_the_dark.html
2025-11-07 18:47:13,653 [INFO] Updated metadata: what_a_night.html
2025-11-07 18:47:13,717 [INFO] Updated metadata: what_a_terrifying_work_of_art.html
2025-11-07 18:47:13,780 [INFO] Updated metadata: what_if_its_not_meant_for_me.html
2025-11-07 18:47:13,860 [INFO] Updated metadata: what_if_my_heart_belongs_to_you.html
2025-11-07 18:47:13,908 [INFO] Updated metadata: What_the_Body_Knows.html
2025-11-07 18:47:14,155 [INFO] Updated metadata: when_heartbreak_meets_jealousy.html
2025-11-07 18:47:14,203 [INFO] Updated metadata: when_we_kiss_i_have_anger_issues.html
2025-11-07 18:47:14,251 [INFO] Updated metadata: where_we_belong.html
2025-11-07 18:47:14,426 [INFO] Updated metadata: why_dont_you_want_me.html
2025-11-07 18:47:14,558 [INFO] Updated metadata: wicked_witchcraft.html
2025-11-07 18:47:14,590 [INFO] Updated metadata: witchcraft_filling_your_void.html
2025-11-07 18:47:14,622 [INFO] Updated metadata: within_reach.html
2025-11-07 18:47:14,717 [INFO] Updated metadata: wrong_number.html
2025-11-07 18:47:14,893 [INFO] Updated metadata: youd_have_to_stop_the_world.html
2025-11-07 18:47:15,035 [INFO] Updated metadata: youll_find_me_on_my_tallest_tiptoes.html
2025-11-07 18:47:15,155 [INFO] Updated metadata: youll_just_have_to_taste_me_when_shes_kissin_you.html
2025-11-07 18:47:15,251 [INFO] Updated metadata: you_arent_mine_for_the_taking.html
2025-11-07 18:47:15,314 [INFO] Updated metadata: you_got_me_looking_so_crazy_right_now.html
2025-11-07 18:47:15,330 [INFO] Updated metadata: you_look_so_pretty_when_youre_on_your_knees.html
2025-11-07 18:47:15,346 [INFO] Updated metadata: you_make_loving_fun.html
2025-11-07 18:47:15,503 [INFO] Updated metadata: you_may_not_be_mine_but_i_could_be_yours.html
2025-11-07 18:47:41,728 [INFO] Index created: C:\Users\willo\OneDrive\Documents\GitHub\fics\ficArchive\index.html
2025-11-07 18:48:10,336 [INFO] Updated metadata: 1111.html
2025-11-07 18:48:10,414 [INFO] Updated metadata: accidental_add.html
2025-11-07 18:48:10,440 [INFO] Updated metadata: adagietto.html
2025-11-07 18:48:10,513 [INFO] Updated metadata: agathario_fake_dating_au.html
2025-11-07 18:48:10,560 [INFO] Updated metadata: agatha_all_along_week_2025.html
2025-11-07 18:48:10,676 [INFO] Updated metadata: alambre_pua.html
2025-11-07 18:48:10,777 [INFO] Updated metadata: albatross.html
2025-11-07 18:48:11,060 [INFO] Updated metadata: all_roads_lead_to_this.html
2025-11-07 18:48:11,127 [INFO] Updated metadata: all_the_things_we_could_do.html
2025-11-07 18:48:11,144 [INFO] Updated metadata: amor_prohibido.html
2025-11-07 18:48:11,160 [INFO] Updated metadata: and_fill_my_blank_page.html
2025-11-07 18:48:11,176 [INFO] Updated metadata: and_well_be_together_forever_and_amp_ever_more.html
2025-11-07 18:48:11,185 [INFO] Updated metadata: ANGST.html
2025-11-07 18:48:11,377 [INFO] Updated metadata: an_unexpected_visitor.html
2025-11-07 18:48:11,393 [INFO] Updated metadata: astonishment_and_joy.html
2025-11-07 18:48:12,077 [INFO] Updated metadata: at_the_still_point_of_the_turning_world.html
2025-11-07 18:48:12,097 [INFO] Updated metadata: a_drunken_menace.html
2025-11-07 18:48:12,259 [INFO] Updated metadata: a_kingdom_by_the_night.html
2025-11-07 18:48:12,488 [INFO] Updated metadata: a_tentative_ellipsis_the_parting_of_your_lips_and_the_ache_in_your_eyes.html
2025-11-07 18:48:12,584 [INFO] Updated metadata: a_witch_in_salem.html
2025-11-07 18:48:12,600 [INFO] Updated metadata: baby_its_fate_not_luck.html
2025-11-07 18:48:12,866 [INFO] Updated metadata: ban_all_the_music.html
2025-11-07 18:48:12,912 [INFO] Updated metadata: beneath_the_scars.html
2025-11-07 18:48:13,084 [INFO] Updated metadata: beneath_the_stars.html
2025-11-07 18:48:13,125 [INFO] Updated metadata: between_the_flames_and_her_eyes.html
2025-11-07 18:48:13,147 [INFO] Updated metadata: bewitched.html
2025-11-07 18:48:13,157 [INFO] Updated metadata: bitches_i_dont_trust_them_but_they_give_me_what_i_want_for_the_night.html
2025-11-07 18:48:13,189 [INFO] Updated metadata: blade_of_grass.html
2025-11-07 18:48:13,243 [INFO] Updated metadata: bound_by_oath_undone_by_you.html
2025-11-07 18:48:13,259 [INFO] Updated metadata: broken_deal.html
2025-11-07 18:48:13,372 [INFO] Updated metadata: bush_league.html
2025-11-07 18:48:13,456 [INFO] Updated metadata: but_i_love_you_just_the_same.html
2025-11-07 18:48:13,876 [INFO] Updated metadata: but_we_cant.html
2025-11-07 18:48:13,892 [INFO] Updated metadata: candlelight_whispers_me_where_to_go.html
2025-11-07 18:48:14,004 [INFO] Updated metadata: cant_be_a_good_girl_even_if_i_tried.html
2025-11-07 18:48:14,035 [INFO] Updated metadata: catalysis.html
2025-11-07 18:48:14,177 [INFO] Updated metadata: catch_me_when_i_fall_for_you.html
2025-11-07 18:48:14,616 [INFO] Updated metadata: Chance_to_Fix.html
2025-11-07 18:48:14,629 [INFO] Updated metadata: checkmate.html
2025-11-07 18:48:14,695 [INFO] Updated metadata: close_enough_for_love.html
2025-11-07 18:48:14,706 [INFO] Updated metadata: close_to_you.html
2025-11-07 18:48:14,774 [INFO] Updated metadata: cool_about_it.html
2025-11-07 18:48:14,810 [INFO] Updated metadata: creator_you_destroy_me.html
2025-11-07 18:48:14,895 [INFO] Updated metadata: crescendo.html
2025-11-07 18:48:15,042 [INFO] Updated metadata: dearest_agatha.html
2025-11-07 18:48:15,118 [INFO] Updated metadata: deaths_echo.html
2025-11-07 18:48:15,130 [INFO] Updated metadata: devotion_is_for_fools.html
2025-11-07 18:48:15,163 [INFO] Updated metadata: disdainfully_hers.html
2025-11-07 18:48:15,228 [INFO] Updated metadata: dont_be_afraid_of_me_im_what_you_need.html
2025-11-07 18:48:15,377 [INFO] Updated metadata: everything_looks_better_in_hindsight.html
2025-11-07 18:48:15,424 [INFO] Updated metadata: exceptions.html
2025-11-07 18:48:15,860 [INFO] Updated metadata: falling_for_the_enemy.html
2025-11-07 18:48:15,926 [INFO] Updated metadata: family_line.html
2025-11-07 18:48:16,006 [INFO] Updated metadata: figured_you_out.html
2025-11-07 18:48:16,037 [INFO] Updated metadata: Five_Days_Four_Nights.html
2025-11-07 18:48:16,053 [INFO] Updated metadata: five_seconds.html
2025-11-07 18:48:16,144 [INFO] Updated metadata: fold_your_wings.html
2025-11-07 18:48:16,160 [INFO] Updated metadata: for_the_love_of_spring.html
2025-11-07 18:48:16,473 [INFO] Updated metadata: for_your_consideration.html
2025-11-07 18:48:16,551 [INFO] Updated metadata: For_You_To_Be_Still.html
2025-11-07 18:48:16,551 [INFO] Updated metadata: garden_of_eden.html
2025-11-07 18:48:16,567 [INFO] Updated metadata: giving_my_heart_over_to_you.html
2025-11-07 18:48:16,743 [INFO] Updated metadata: glitter_glue_and_signs_of_life.html
2025-11-07 18:48:17,025 [INFO] Updated metadata: god_knows_you_need_it.html
2025-11-07 18:48:17,184 [INFO] Updated metadata: going_viral.html
2025-11-07 18:48:17,184 [INFO] Updated metadata: green_is_the_colour_of_her_kind.html
2025-11-07 18:48:17,296 [INFO] Updated metadata: guilty_as_sin.html
2025-11-07 18:48:17,335 [INFO] Updated metadata: happiest_season.html
2025-11-07 18:48:17,376 [INFO] Updated metadata: harkness.html
2025-11-07 18:48:17,588 [INFO] Updated metadata: harkness_pathology.html
2025-11-07 18:48:17,604 [INFO] Updated metadata: heart_beats_like_a_drummer.html
2025-11-07 18:48:18,053 [INFO] Updated metadata: Here_With_You_Now.html
2025-11-07 18:48:18,216 [INFO] Updated metadata: honey_youre_familiar.html
2025-11-07 18:48:18,392 [INFO] Updated metadata: how_it_started.html
2025-11-07 18:48:18,423 [INFO] Updated metadata: how_many_corners_do_i_have_to_turn_how_many_times_do_i_have_to_learn.html
2025-11-07 18:48:19,052 [INFO] Updated metadata: if_this_was_a_movie.html
2025-11-07 18:48:19,092 [INFO] Updated metadata: if_youre_not_falling_youre_not_trying.html
2025-11-07 18:48:19,266 [INFO] Updated metadata: illicit_affairs.html
2025-11-07 18:48:19,360 [INFO] Updated metadata: ill_be_your_garbage_man.html
2025-11-07 18:48:19,439 [INFO] Updated metadata: ill_follow_you_down_til_the_sound_of_my_voice_will_haunt_you.html
2025-11-07 18:48:19,487 [INFO] Updated metadata: Ill_Give_What_I_Get.html
2025-11-07 18:48:19,523 [INFO] Updated metadata: ill_hear_you_even_when_you_cant_speak.html
2025-11-07 18:48:19,534 [INFO] Updated metadata: im_leaving_here_with_you.html
2025-11-07 18:48:19,736 [INFO] Updated metadata: im_sorry_i_love_you.html
2025-11-07 18:48:19,752 [INFO] Updated metadata: Im_Yours.html
2025-11-07 18:48:19,801 [INFO] Updated metadata: in_the_deep_end.html
2025-11-07 18:48:20,004 [INFO] Updated metadata: in_the_shadows_of_the_pines.html
2025-11-07 18:48:20,239 [INFO] Updated metadata: is_it_casual_now.html
2025-11-07 18:48:20,270 [INFO] Updated metadata: itll_all_work_out.html
2025-11-07 18:48:20,599 [INFO] Updated metadata: its_bloody_and_raw_but_i_swear_its_sweet.html
2025-11-07 18:48:20,604 [INFO] Updated metadata: its_bloody_and_raw_but_i_swear_it_is_sweet.html
2025-11-07 18:48:20,658 [INFO] Updated metadata: its_just_in_my_nature.html
2025-11-07 18:48:20,909 [INFO] Updated metadata: its_never_quite_as_it_seems_hiyouve_got_mail.html
2025-11-07 18:48:21,226 [INFO] Updated metadata: Its_strictly_business.html
2025-11-07 18:48:21,350 [INFO] Updated metadata: i_could_not_stop_for_death.html
2025-11-07 18:48:21,370 [INFO] Updated metadata: i_dont_care_that_youre_a_stoner_fall_right_into_me.html
2025-11-07 18:48:21,392 [INFO] Updated metadata: I_follow_your_perfume.html
2025-11-07 18:48:21,759 [INFO] Updated metadata: i_tore_you_apart_in_my_head.html
2025-11-07 18:48:21,790 [INFO] Updated metadata: i_was_your_starry_eyed_lover_and_the_one_that_you_saw.html
2025-11-07 18:48:21,790 [INFO] Updated metadata: i_will_wait_up_for_you_dear.html
2025-11-07 18:48:21,858 [INFO] Updated metadata: i_wonder_which_cup_youll_drink_from_i_hope_its_mine.html
2025-11-07 18:48:21,904 [INFO] Updated metadata: just_between_us_did_the_love_affair_maim_you_too.html
2025-11-07 18:48:21,924 [INFO] Updated metadata: just_hold_on.html
2025-11-07 18:48:21,956 [INFO] Updated metadata: juxtaposition_in_fate.html
2025-11-07 18:48:21,971 [INFO] Updated metadata: kaleidoscope.html
2025-11-07 18:48:21,987 [INFO] Updated metadata: kiss_my_petals_weave_me_through_a_dream.html
2025-11-07 18:48:22,050 [INFO] Updated metadata: let_go.html
2025-11-07 18:48:22,098 [INFO] Updated metadata: let_me_wrap_my_teeth_around_the_world.html
2025-11-07 18:48:22,129 [INFO] Updated metadata: life_after_love_can_we_find_it_again.html
2025-11-07 18:48:22,187 [INFO] Updated metadata: like_a_hurricane.html
2025-11-07 18:48:22,209 [INFO] Updated metadata: love_and_amp_politics.html
2025-11-07 18:48:22,229 [INFO] Updated metadata: love_is_a_four_letter_word.html
2025-11-07 18:48:22,290 [INFO] Updated metadata: love_is_a_witch.html
2025-11-07 18:48:22,408 [INFO] Updated metadata: love_me_tender.html
2025-11-07 18:48:22,583 [INFO] Updated metadata: love_persevering.html
2025-11-07 18:48:22,922 [INFO] Updated metadata: luminous.html
2025-11-07 18:48:22,985 [INFO] Updated metadata: mandevillas.html
2025-11-07 18:48:23,001 [INFO] Updated metadata: meetcute.html
2025-11-07 18:48:23,064 [INFO] Updated metadata: meet_me_at_the_end.html
2025-11-07 18:48:23,489 [INFO] Updated metadata: mrs_and_amp_mrs_harkness-vidal.html
2025-11-07 18:48:24,178 [INFO] Updated metadata: my_boy_builds_coffins.html
2025-11-07 18:48:24,488 [INFO] Updated metadata: my_cries_and_your_whispers.html
2025-11-07 18:48:24,583 [INFO] Updated metadata: my_love_mine_all_mine.html
2025-11-07 18:48:24,693 [INFO] Updated metadata: my_safeword_is_safeword.html
2025-11-07 18:48:24,723 [INFO] Updated metadata: naughty_and_amp_nice.html
2025-11-07 18:48:25,053 [INFO] Updated metadata: night_shift.html
2025-11-07 18:48:25,213 [INFO] Updated metadata: not_my_type.html
2025-11-07 18:48:25,229 [INFO] Updated metadata: not_over_dramatic_i_know_what_i_want.html
2025-11-07 18:48:25,394 [INFO] Updated metadata: number_13.html
2025-11-07 18:48:25,430 [INFO] Updated metadata: obsessed.html
2025-11-07 18:48:25,587 [INFO] Updated metadata: one_way_or_another.html
2025-11-07 18:48:25,683 [INFO] Updated metadata: power_play.html
2025-11-07 18:48:25,763 [INFO] Updated metadata: purple_and_green.html
2025-11-07 18:48:25,795 [INFO] Updated metadata: pushing_it_down_and_praying.html
2025-11-07 18:48:25,908 [INFO] Updated metadata: put_it_on_the_line.html
2025-11-07 18:48:25,945 [INFO] Updated metadata: Questions.html
2025-11-07 18:48:26,103 [INFO] Updated metadata: reaching_out_for_more.html
2025-11-07 18:48:26,124 [INFO] Updated metadata: red_in_claw_red_in_love.html
2025-11-07 18:48:26,135 [INFO] Updated metadata: red_thread_of_fate.html
2025-11-07 18:48:26,425 [INFO] Updated metadata: rented_hearts.html
2025-11-07 18:48:26,441 [INFO] Updated metadata: rios_toxic_embrace.html
2025-11-07 18:48:26,668 [INFO] Updated metadata: rio_vidal_does_not_give_a_damn.html
2025-11-07 18:48:26,891 [INFO] Updated metadata: roommates_of_destruction.html
2025-11-07 18:48:26,956 [INFO] Updated metadata: roses_are_red_orchids_arepurple.html
2025-11-07 18:48:26,969 [INFO] Updated metadata: roster.html
2025-11-07 18:48:27,012 [INFO] Updated metadata: rules_for_co-parenting_with_your_witch_of_an_ex.html
2025-11-07 18:48:27,091 [INFO] Updated metadata: scherzo.html
2025-11-07 18:48:27,693 [INFO] Updated metadata: Second_Chances.html
2025-11-07 18:48:27,703 [INFO] Updated metadata: secrets_and_amp_suspenders.html
2025-11-07 18:48:27,735 [INFO] Updated metadata: shatter_your_illusions.html
2025-11-07 18:48:27,751 [INFO] Updated metadata: she_drives_me_crazy.html
2025-11-07 18:48:27,831 [INFO] Updated metadata: she_gets_the_job_done.html
2025-11-07 18:48:27,956 [INFO] Updated metadata: she_looks_like_the_real_thing_she_tastes_like_the_real_thing.html
2025-11-07 18:48:28,298 [INFO] Updated metadata: silver_springs.html
2025-11-07 18:48:28,392 [INFO] Updated metadata: Somebody_to_Hold.html
2025-11-07 18:48:28,624 [INFO] Updated metadata: Stuck_In_Orbit.html
2025-11-07 18:48:28,785 [INFO] Updated metadata: sugar_and_honey.html
2025-11-07 18:48:28,908 [INFO] Updated metadata: summa_cum_laude.html
2025-11-07 18:48:29,035 [INFO] Updated metadata: take_it_from_the_top_you_are_a_bottom.html
2025-11-07 18:48:29,156 [INFO] Updated metadata: tempus_voluntas_spatium.html
2025-11-07 18:48:29,176 [INFO] Updated metadata: theres_no_one_else_who_could_the_only_one_is_you.html
2025-11-07 18:48:29,208 [INFO] Updated metadata: theres_something_just_a_little_more_than_ecstasy.html
2025-11-07 18:48:29,287 [INFO] Updated metadata: there_is_no_death_for_witches_only_transformation.html
2025-11-07 18:48:29,376 [WARNING] the_art_of_appearances.html: no <title>; will fall back to filename for rename
2025-11-07 18:48:29,408 [INFO] Updated metadata: the_art_of_appearances.html
2025-11-07 18:48:29,582 [INFO] Updated metadata: the_art_of_keeping_a_secret.html
2025-11-07 18:48:29,648 [INFO] Updated metadata: the_bad_thing.html
2025-11-07 18:48:29,677 [INFO] Updated metadata: the_beach_house.html
2025-11-07 18:48:29,907 [INFO] Updated metadata: The_Best_Medicine.html
2025-11-07 18:48:29,925 [INFO] Updated metadata: The_Birthday_Gift.html
2025-11-07 18:48:29,971 [INFO] Updated metadata: the_case_of_the_robbery_gone_wrong.html
2025-11-07 18:48:29,987 [INFO] Updated metadata: the_dare.html
2025-11-07 18:48:30,019 [INFO] Updated metadata: the_devil_you_know.html
2025-11-07 18:48:30,066 [INFO] Updated metadata: the_ethics_of_attraction.html
2025-11-07 18:48:30,082 [INFO] Updated metadata: the_gift.html
2025-11-07 18:48:30,377 [INFO] Updated metadata: the_gold_and_the_rust_the_color_erupts.html
2025-11-07 18:48:30,411 [INFO] Updated metadata: the_heart_of_death.html
2025-11-07 18:48:30,457 [INFO] Updated metadata: the_heat_is_on.html
2025-11-07 18:48:30,530 [INFO] Updated metadata: the_holiday.html
2025-11-07 18:48:30,583 [INFO] Updated metadata: the_neutral_ground.html
2025-11-07 18:48:30,663 [INFO] Updated metadata: the_peculiar_patient.html
2025-11-07 18:48:30,711 [INFO] Updated metadata: the_road_twists_and_turns.html
2025-11-07 18:48:30,791 [INFO] Updated metadata: the_scientific_method_of_falling_apart.html
2025-11-07 18:48:31,084 [INFO] Updated metadata: the_space_between_notes.html
2025-11-07 18:48:31,147 [INFO] Updated metadata: the_tales_of_new_salem.html
2025-11-07 18:48:31,475 [INFO] Updated metadata: the_thread_of_fate.html
2025-11-07 18:48:31,505 [INFO] Updated metadata: the_way_i_feel_about_you_baby_cant_explain_it.html
2025-11-07 18:48:31,726 [INFO] Updated metadata: The_Witches_Bodyguard.html
2025-11-07 18:48:31,812 [INFO] Updated metadata: the_witchy_CEO.html
2025-11-07 18:48:32,014 [INFO] Updated metadata: The_Witch_and_The_Wolf.html
2025-11-07 18:48:32,078 [INFO] Updated metadata: the_world_reversed.html
2025-11-07 18:48:32,375 [INFO] Updated metadata: thirst_trap.html
2025-11-07 18:48:32,440 [INFO] Updated metadata: time_in_a_bottle.html
2025-11-07 18:48:32,487 [INFO] Updated metadata: time_warp.html
2025-11-07 18:48:32,549 [INFO] Updated metadata: udon_know_how_much_i_crave_you.html
2025-11-07 18:48:32,584 [INFO] Updated metadata: underneath_the_tree.html
2025-11-07 18:48:32,786 [INFO] Updated metadata: unlock_thy_hidden_gate.html
2025-11-07 18:48:32,892 [INFO] Updated metadata: unmoored_by_your_presence.html
2025-11-07 18:48:33,275 [INFO] Updated metadata: unraveled.html
2025-11-07 18:48:33,312 [INFO] Updated metadata: unsatisfied_i_skip_my_pride.html
2025-11-07 18:48:33,393 [INFO] Updated metadata: untitleddssfic.html
2025-11-07 18:48:33,457 [INFO] Updated metadata: velvet_ring.html
2025-11-07 18:48:33,473 [INFO] Updated metadata: want_take_have.html
2025-11-07 18:48:33,775 [INFO] Updated metadata: well_i_wonder.html
2025-11-07 18:48:33,877 [INFO] Updated metadata: were_never_done.html
2025-11-07 18:48:34,303 [INFO] Updated metadata: we_found_each_other_in_the_dark.html
2025-11-07 18:48:34,315 [INFO] Updated metadata: what_a_night.html
2025-11-07 18:48:34,377 [INFO] Updated metadata: what_a_terrifying_work_of_art.html
2025-11-07 18:48:34,448 [INFO] Updated metadata: what_if_its_not_meant_for_me.html
2025-11-07 18:48:34,524 [INFO] Updated metadata: what_if_my_heart_belongs_to_you.html
2025-11-07 18:48:34,572 [INFO] Updated metadata: What_the_Body_Knows.html
2025-11-07 18:48:34,860 [INFO] Updated metadata: when_heartbreak_meets_jealousy.html
2025-11-07 18:48:34,892 [INFO] Updated metadata: when_we_kiss_i_have_anger_issues.html
2025-11-07 18:48:34,962 [INFO] Updated metadata: where_we_belong.html
2025-11-07 18:48:35,136 [INFO] Updated metadata: why_dont_you_want_me.html
2025-11-07 18:48:35,263 [INFO] Updated metadata: wicked_witchcraft.html
2025-11-07 18:48:35,294 [INFO] Updated metadata: witchcraft_filling_your_void.html
2025-11-07 18:48:35,341 [INFO] Updated metadata: within_reach.html
2025-11-07 18:48:35,424 [INFO] Updated metadata: wrong_number.html
2025-11-07 18:48:35,606 [INFO] Updated metadata: youd_have_to_stop_the_world.html
2025-11-07 18:48:35,733 [INFO] Updated metadata: youll_find_me_on_my_tallest_tiptoes.html
2025-11-07 18:48:35,860 [INFO] Updated metadata: youll_just_have_to_taste_me_when_shes_kissin_you.html
2025-11-07 18:48:35,940 [INFO] Updated metadata: you_arent_mine_for_the_taking.html
2025-11-07 18:48:36,020 [INFO] Updated metadata: you_got_me_looking_so_crazy_right_now.html
2025-11-07 18:48:36,031 [INFO] Updated metadata: you_look_so_pretty_when_youre_on_your_knees.html
2025-11-07 18:48:36,042 [INFO] Updated metadata: you_make_loving_fun.html
2025-11-07 18:48:36,193 [INFO] Updated metadata: you_may_not_be_mine_but_i_could_be_yours.html
2025-11-07 18:49:04,877 [INFO] Index created: C:\Users\willo\OneDrive\Documents\GitHub\fics\ficArchive\index.html
